
>>> PEFT step 2: pruning
Creating Dask Server
Generations:   0%|                                                                                                                                               | 0/10000 [00:00<?, ?gen/s]

>>> CATCHED MUTATION:
['importance_normalize', 'importance', 'importance_norm', 'pruning_ratio', 'importance_reduction']

<<<<


>>> CATCHED MUTATION:
['importance_normalize', 'importance', 'importance_norm', 'pruning_ratio', 'importance_reduction']

<<<<


>>> CATCHED MUTATION:
['importance_normalize', 'importance', 'importance_norm', 'pruning_ratio', 'importance_reduction']

<<<<


>>> CATCHED MUTATION:
['importance', 'importance_norm', 'pruning_ratio', 'importance_reduction']

<<<<


>>> CATCHED MUTATION:
['importance', 'importance_norm', 'pruning_ratio', 'importance_reduction']

<<<<
=======================Prepare original model for pruning=======================
================= Initialisation of meta_pruner pruning agent ==================
========================= Pruning importance - taylor ==========================
============================= Pruning ratio - 0.95 =============================
========================= Pruning importance norm -  0 =========================
Traceback (most recent call last):
  File "D:\Python\Fedcore\.venv\lib\site-packages\torch_pruning\dependency.py", line 783, in _trace
    out = model(*example_inputs)
  File "D:\Python\Fedcore\.venv\lib\site-packages\torch\nn\modules\module.py", line 1532, in _wrapped_call_impl
    return self._call_impl(*args, **kwargs)
  File "D:\Python\Fedcore\.venv\lib\site-packages\torch\nn\modules\module.py", line 1541, in _call_impl
    return forward_call(*args, **kwargs)
TypeError: ResNet.forward() takes 2 positional arguments but 65 were given

During handling of the above exception, another exception occurred:

Traceback (most recent call last):
  File "D:\Python\Fedcore\fedcore\fedcore\algorithm\pruning\pruners.py", line 145, in fit
    self.pruner = self.pruner(
  File "D:\Python\Fedcore\.venv\lib\site-packages\torch_pruning\pruner\algorithms\growing_reg_pruner.py", line 82, in __init__
    super(GrowingRegPruner, self).__init__(
  File "D:\Python\Fedcore\.venv\lib\site-packages\torch_pruning\pruner\algorithms\base_pruner.py", line 133, in __init__
    self.DG = dependency.DependencyGraph().build_dependency(
  File "D:\Python\Fedcore\.venv\lib\site-packages\torch_pruning\dependency.py", line 386, in build_dependency
    self.module2node = self._trace(
  File "D:\Python\Fedcore\.venv\lib\site-packages\torch_pruning\dependency.py", line 785, in _trace
    out = model(example_inputs)
  File "D:\Python\Fedcore\.venv\lib\site-packages\torch\nn\modules\module.py", line 1532, in _wrapped_call_impl
    return self._call_impl(*args, **kwargs)
  File "D:\Python\Fedcore\.venv\lib\site-packages\torch\nn\modules\module.py", line 1541, in _call_impl
    return forward_call(*args, **kwargs)
  File "D:\Python\Fedcore\.venv\lib\site-packages\torchvision\models\resnet.py", line 285, in forward
    return self._forward_impl(x)
  File "D:\Python\Fedcore\.venv\lib\site-packages\torchvision\models\resnet.py", line 268, in _forward_impl
    x = self.conv1(x)
  File "D:\Python\Fedcore\.venv\lib\site-packages\torch\nn\modules\module.py", line 1532, in _wrapped_call_impl
    return self._call_impl(*args, **kwargs)
  File "D:\Python\Fedcore\.venv\lib\site-packages\torch\nn\modules\module.py", line 1541, in _call_impl
    return forward_call(*args, **kwargs)
  File "D:\Python\Fedcore\.venv\lib\site-packages\torch\ao\nn\quantized\modules\conv.py", line 468, in forward
    return ops.quantized.conv2d(
  File "D:\Python\Fedcore\.venv\lib\site-packages\torch\_ops.py", line 854, in __call__
    return self_._op(*args, **(kwargs or {}))
NotImplementedError: Could not run 'quantized::conv2d.new' with arguments from the 'CPU' backend. This could be because the operator doesn't exist for this backend, or was omitted during the selective/custom build process (if using custom build). If you are a Facebook employee using PyTorch on mobile, please visit https://fburl.com/ptmfixes for possible resolutions. 'quantized::conv2d.new' is only available for these backends: [Meta, QuantizedCPU, BackendSelect, Python, FuncTorchDynamicLayerBackMode, Functionalize, Named, Conjugate, Negative, ZeroTensor, ADInplaceOrView, AutogradOther, AutogradCPU, AutogradCUDA, AutogradXLA, AutogradMPS, AutogradXPU, AutogradHPU, AutogradLazy, AutogradMeta, Tracer, AutocastCPU, AutocastCUDA, FuncTorchBatched, BatchedNestedTensor, FuncTorchVmapMode, Batched, VmapMode, FuncTorchGradWrapper, PythonTLSSnapshot, FuncTorchDynamicLayerFrontMode, PreDispatch, PythonDispatcher].

Meta: registered at ..\aten\src\ATen\core\MetaFallbackKernel.cpp:23 [backend fallback]
QuantizedCPU: registered at ..\aten\src\ATen\native\quantized\cpu\qconv.cpp:1928 [kernel]
BackendSelect: fallthrough registered at ..\aten\src\ATen\core\BackendSelectFallbackKernel.cpp:3 [backend fallback]
Python: registered at ..\aten\src\ATen\core\PythonFallbackKernel.cpp:154 [backend fallback]
FuncTorchDynamicLayerBackMode: registered at ..\aten\src\ATen\functorch\DynamicLayer.cpp:497 [backend fallback]
Functionalize: registered at ..\aten\src\ATen\FunctionalizeFallbackKernel.cpp:324 [backend fallback]
Named: registered at ..\aten\src\ATen\core\NamedRegistrations.cpp:7 [backend fallback]
Conjugate: registered at ..\aten\src\ATen\ConjugateFallback.cpp:17 [backend fallback]
Negative: registered at ..\aten\src\ATen\native\NegateFallback.cpp:18 [backend fallback]
ZeroTensor: registered at ..\aten\src\ATen\ZeroTensorFallback.cpp:86 [backend fallback]
ADInplaceOrView: fallthrough registered at ..\aten\src\ATen\core\VariableFallbackKernel.cpp:86 [backend fallback]
AutogradOther: registered at ..\aten\src\ATen\core\VariableFallbackKernel.cpp:53 [backend fallback]
AutogradCPU: registered at ..\aten\src\ATen\core\VariableFallbackKernel.cpp:57 [backend fallback]
AutogradCUDA: registered at ..\aten\src\ATen\core\VariableFallbackKernel.cpp:65 [backend fallback]
AutogradXLA: registered at ..\aten\src\ATen\core\VariableFallbackKernel.cpp:69 [backend fallback]
AutogradMPS: registered at ..\aten\src\ATen\core\VariableFallbackKernel.cpp:77 [backend fallback]
AutogradXPU: registered at ..\aten\src\ATen\core\VariableFallbackKernel.cpp:61 [backend fallback]
AutogradHPU: registered at ..\aten\src\ATen\core\VariableFallbackKernel.cpp:90 [backend fallback]
AutogradLazy: registered at ..\aten\src\ATen\core\VariableFallbackKernel.cpp:73 [backend fallback]
AutogradMeta: registered at ..\aten\src\ATen\core\VariableFallbackKernel.cpp:81 [backend fallback]
Tracer: registered at ..\torch\csrc\autograd\TraceTypeManual.cpp:297 [backend fallback]
AutocastCPU: fallthrough registered at ..\aten\src\ATen\autocast_mode.cpp:378 [backend fallback]
AutocastCUDA: fallthrough registered at ..\aten\src\ATen\autocast_mode.cpp:244 [backend fallback]
FuncTorchBatched: registered at ..\aten\src\ATen\functorch\LegacyBatchingRegistrations.cpp:731 [backend fallback]
BatchedNestedTensor: registered at ..\aten\src\ATen\functorch\LegacyBatchingRegistrations.cpp:758 [backend fallback]
FuncTorchVmapMode: fallthrough registered at ..\aten\src\ATen\functorch\VmapModeRegistrations.cpp:27 [backend fallback]
Batched: registered at ..\aten\src\ATen\LegacyBatchingRegistrations.cpp:1075 [backend fallback]
VmapMode: fallthrough registered at ..\aten\src\ATen\VmapModeRegistrations.cpp:33 [backend fallback]
FuncTorchGradWrapper: registered at ..\aten\src\ATen\functorch\TensorWrapper.cpp:202 [backend fallback]
PythonTLSSnapshot: registered at ..\aten\src\ATen\core\PythonFallbackKernel.cpp:162 [backend fallback]
FuncTorchDynamicLayerFrontMode: registered at ..\aten\src\ATen\functorch\DynamicLayer.cpp:493 [backend fallback]
PreDispatch: registered at ..\aten\src\ATen\core\PythonFallbackKernel.cpp:166 [backend fallback]
PythonDispatcher: registered at ..\aten\src\ATen\core\PythonFallbackKernel.cpp:158 [backend fallback]

=======================Prepare original model for pruning=======================
================= Initialisation of meta_pruner pruning agent ==================
========================== Pruning importance - lamp ===========================
====================== Pruning ratio - 0.3214285714285714 ======================
========================= Pruning importance norm -  0 =========================
Traceback (most recent call last):
  File "D:\Python\Fedcore\.venv\lib\site-packages\torch_pruning\dependency.py", line 783, in _trace
    out = model(*example_inputs)
  File "D:\Python\Fedcore\.venv\lib\site-packages\torch\nn\modules\module.py", line 1532, in _wrapped_call_impl
    return self._call_impl(*args, **kwargs)
  File "D:\Python\Fedcore\.venv\lib\site-packages\torch\nn\modules\module.py", line 1541, in _call_impl
    return forward_call(*args, **kwargs)
TypeError: ResNet.forward() takes 2 positional arguments but 65 were given

During handling of the above exception, another exception occurred:

Traceback (most recent call last):
  File "D:\Python\Fedcore\fedcore\fedcore\algorithm\pruning\pruners.py", line 145, in fit
    self.pruner = self.pruner(
  File "D:\Python\Fedcore\.venv\lib\site-packages\torch_pruning\pruner\algorithms\base_pruner.py", line 133, in __init__
    self.DG = dependency.DependencyGraph().build_dependency(
  File "D:\Python\Fedcore\.venv\lib\site-packages\torch_pruning\dependency.py", line 386, in build_dependency
    self.module2node = self._trace(
  File "D:\Python\Fedcore\.venv\lib\site-packages\torch_pruning\dependency.py", line 785, in _trace
    out = model(example_inputs)
  File "D:\Python\Fedcore\.venv\lib\site-packages\torch\nn\modules\module.py", line 1532, in _wrapped_call_impl
    return self._call_impl(*args, **kwargs)
  File "D:\Python\Fedcore\.venv\lib\site-packages\torch\nn\modules\module.py", line 1541, in _call_impl
    return forward_call(*args, **kwargs)
  File "D:\Python\Fedcore\.venv\lib\site-packages\torchvision\models\resnet.py", line 285, in forward
    return self._forward_impl(x)
  File "D:\Python\Fedcore\.venv\lib\site-packages\torchvision\models\resnet.py", line 268, in _forward_impl
    x = self.conv1(x)
  File "D:\Python\Fedcore\.venv\lib\site-packages\torch\nn\modules\module.py", line 1532, in _wrapped_call_impl
    return self._call_impl(*args, **kwargs)
  File "D:\Python\Fedcore\.venv\lib\site-packages\torch\nn\modules\module.py", line 1541, in _call_impl
    return forward_call(*args, **kwargs)
  File "D:\Python\Fedcore\.venv\lib\site-packages\torch\ao\nn\quantized\modules\conv.py", line 468, in forward
    return ops.quantized.conv2d(
  File "D:\Python\Fedcore\.venv\lib\site-packages\torch\_ops.py", line 854, in __call__
    return self_._op(*args, **(kwargs or {}))
NotImplementedError: Could not run 'quantized::conv2d.new' with arguments from the 'CPU' backend. This could be because the operator doesn't exist for this backend, or was omitted during the selective/custom build process (if using custom build). If you are a Facebook employee using PyTorch on mobile, please visit https://fburl.com/ptmfixes for possible resolutions. 'quantized::conv2d.new' is only available for these backends: [Meta, QuantizedCPU, BackendSelect, Python, FuncTorchDynamicLayerBackMode, Functionalize, Named, Conjugate, Negative, ZeroTensor, ADInplaceOrView, AutogradOther, AutogradCPU, AutogradCUDA, AutogradXLA, AutogradMPS, AutogradXPU, AutogradHPU, AutogradLazy, AutogradMeta, Tracer, AutocastCPU, AutocastCUDA, FuncTorchBatched, BatchedNestedTensor, FuncTorchVmapMode, Batched, VmapMode, FuncTorchGradWrapper, PythonTLSSnapshot, FuncTorchDynamicLayerFrontMode, PreDispatch, PythonDispatcher].

Meta: registered at ..\aten\src\ATen\core\MetaFallbackKernel.cpp:23 [backend fallback]
QuantizedCPU: registered at ..\aten\src\ATen\native\quantized\cpu\qconv.cpp:1928 [kernel]
BackendSelect: fallthrough registered at ..\aten\src\ATen\core\BackendSelectFallbackKernel.cpp:3 [backend fallback]
Python: registered at ..\aten\src\ATen\core\PythonFallbackKernel.cpp:154 [backend fallback]
FuncTorchDynamicLayerBackMode: registered at ..\aten\src\ATen\functorch\DynamicLayer.cpp:497 [backend fallback]
Functionalize: registered at ..\aten\src\ATen\FunctionalizeFallbackKernel.cpp:324 [backend fallback]
Named: registered at ..\aten\src\ATen\core\NamedRegistrations.cpp:7 [backend fallback]
Conjugate: registered at ..\aten\src\ATen\ConjugateFallback.cpp:17 [backend fallback]
Negative: registered at ..\aten\src\ATen\native\NegateFallback.cpp:18 [backend fallback]
ZeroTensor: registered at ..\aten\src\ATen\ZeroTensorFallback.cpp:86 [backend fallback]
ADInplaceOrView: fallthrough registered at ..\aten\src\ATen\core\VariableFallbackKernel.cpp:86 [backend fallback]
AutogradOther: registered at ..\aten\src\ATen\core\VariableFallbackKernel.cpp:53 [backend fallback]
AutogradCPU: registered at ..\aten\src\ATen\core\VariableFallbackKernel.cpp:57 [backend fallback]
AutogradCUDA: registered at ..\aten\src\ATen\core\VariableFallbackKernel.cpp:65 [backend fallback]
AutogradXLA: registered at ..\aten\src\ATen\core\VariableFallbackKernel.cpp:69 [backend fallback]
AutogradMPS: registered at ..\aten\src\ATen\core\VariableFallbackKernel.cpp:77 [backend fallback]
AutogradXPU: registered at ..\aten\src\ATen\core\VariableFallbackKernel.cpp:61 [backend fallback]
AutogradHPU: registered at ..\aten\src\ATen\core\VariableFallbackKernel.cpp:90 [backend fallback]
AutogradLazy: registered at ..\aten\src\ATen\core\VariableFallbackKernel.cpp:73 [backend fallback]
AutogradMeta: registered at ..\aten\src\ATen\core\VariableFallbackKernel.cpp:81 [backend fallback]
Tracer: registered at ..\torch\csrc\autograd\TraceTypeManual.cpp:297 [backend fallback]
AutocastCPU: fallthrough registered at ..\aten\src\ATen\autocast_mode.cpp:378 [backend fallback]
AutocastCUDA: fallthrough registered at ..\aten\src\ATen\autocast_mode.cpp:244 [backend fallback]
FuncTorchBatched: registered at ..\aten\src\ATen\functorch\LegacyBatchingRegistrations.cpp:731 [backend fallback]
BatchedNestedTensor: registered at ..\aten\src\ATen\functorch\LegacyBatchingRegistrations.cpp:758 [backend fallback]
FuncTorchVmapMode: fallthrough registered at ..\aten\src\ATen\functorch\VmapModeRegistrations.cpp:27 [backend fallback]
Batched: registered at ..\aten\src\ATen\LegacyBatchingRegistrations.cpp:1075 [backend fallback]
VmapMode: fallthrough registered at ..\aten\src\ATen\VmapModeRegistrations.cpp:33 [backend fallback]
FuncTorchGradWrapper: registered at ..\aten\src\ATen\functorch\TensorWrapper.cpp:202 [backend fallback]
PythonTLSSnapshot: registered at ..\aten\src\ATen\core\PythonFallbackKernel.cpp:162 [backend fallback]
FuncTorchDynamicLayerFrontMode: registered at ..\aten\src\ATen\functorch\DynamicLayer.cpp:493 [backend fallback]
PreDispatch: registered at ..\aten\src\ATen\core\PythonFallbackKernel.cpp:166 [backend fallback]
PythonDispatcher: registered at ..\aten\src\ATen\core\PythonFallbackKernel.cpp:158 [backend fallback]

Quantized model inference supports CPU only

  0%|                                                                                                                                                               | 0/157 [00:00<?, ?it/s][A  0%|                                                                                                                                                               | 0/157 [00:00<?, ?it/s]
Quantized model inference supports CPU only

  0%|                                                                                                                                                               | 0/157 [00:00<?, ?it/s][A  0%|                                                                                                                                                               | 0/157 [00:00<?, ?it/s]
=======================Prepare original model for pruning=======================
================= Initialisation of meta_pruner pruning agent ==================
====================== Pruning importance - group_hessian ======================
====================== Pruning ratio - 0.4357142857142857 ======================
========================= Pruning importance norm -  2 =========================
Traceback (most recent call last):
  File "D:\Python\Fedcore\.venv\lib\site-packages\torch_pruning\dependency.py", line 783, in _trace
    out = model(*example_inputs)
  File "D:\Python\Fedcore\.venv\lib\site-packages\torch\nn\modules\module.py", line 1532, in _wrapped_call_impl
    return self._call_impl(*args, **kwargs)
  File "D:\Python\Fedcore\.venv\lib\site-packages\torch\nn\modules\module.py", line 1541, in _call_impl
    return forward_call(*args, **kwargs)
TypeError: ResNet.forward() takes 2 positional arguments but 65 were given

During handling of the above exception, another exception occurred:

Traceback (most recent call last):
  File "D:\Python\Fedcore\fedcore\fedcore\algorithm\pruning\pruners.py", line 145, in fit
    self.pruner = self.pruner(
  File "D:\Python\Fedcore\.venv\lib\site-packages\torch_pruning\pruner\algorithms\group_norm_pruner.py", line 84, in __init__
    super(GroupNormPruner, self).__init__(
  File "D:\Python\Fedcore\.venv\lib\site-packages\torch_pruning\pruner\algorithms\base_pruner.py", line 133, in __init__
    self.DG = dependency.DependencyGraph().build_dependency(
  File "D:\Python\Fedcore\.venv\lib\site-packages\torch_pruning\dependency.py", line 386, in build_dependency
    self.module2node = self._trace(
  File "D:\Python\Fedcore\.venv\lib\site-packages\torch_pruning\dependency.py", line 785, in _trace
    out = model(example_inputs)
  File "D:\Python\Fedcore\.venv\lib\site-packages\torch\nn\modules\module.py", line 1532, in _wrapped_call_impl
    return self._call_impl(*args, **kwargs)
  File "D:\Python\Fedcore\.venv\lib\site-packages\torch\nn\modules\module.py", line 1541, in _call_impl
    return forward_call(*args, **kwargs)
  File "D:\Python\Fedcore\.venv\lib\site-packages\torchvision\models\resnet.py", line 285, in forward
    return self._forward_impl(x)
  File "D:\Python\Fedcore\.venv\lib\site-packages\torchvision\models\resnet.py", line 268, in _forward_impl
    x = self.conv1(x)
  File "D:\Python\Fedcore\.venv\lib\site-packages\torch\nn\modules\module.py", line 1532, in _wrapped_call_impl
    return self._call_impl(*args, **kwargs)
  File "D:\Python\Fedcore\.venv\lib\site-packages\torch\nn\modules\module.py", line 1541, in _call_impl
    return forward_call(*args, **kwargs)
  File "D:\Python\Fedcore\.venv\lib\site-packages\torch\ao\nn\quantized\modules\conv.py", line 468, in forward
    return ops.quantized.conv2d(
  File "D:\Python\Fedcore\.venv\lib\site-packages\torch\_ops.py", line 854, in __call__
    return self_._op(*args, **(kwargs or {}))
NotImplementedError: Could not run 'quantized::conv2d.new' with arguments from the 'CPU' backend. This could be because the operator doesn't exist for this backend, or was omitted during the selective/custom build process (if using custom build). If you are a Facebook employee using PyTorch on mobile, please visit https://fburl.com/ptmfixes for possible resolutions. 'quantized::conv2d.new' is only available for these backends: [Meta, QuantizedCPU, BackendSelect, Python, FuncTorchDynamicLayerBackMode, Functionalize, Named, Conjugate, Negative, ZeroTensor, ADInplaceOrView, AutogradOther, AutogradCPU, AutogradCUDA, AutogradXLA, AutogradMPS, AutogradXPU, AutogradHPU, AutogradLazy, AutogradMeta, Tracer, AutocastCPU, AutocastCUDA, FuncTorchBatched, BatchedNestedTensor, FuncTorchVmapMode, Batched, VmapMode, FuncTorchGradWrapper, PythonTLSSnapshot, FuncTorchDynamicLayerFrontMode, PreDispatch, PythonDispatcher].

Meta: registered at ..\aten\src\ATen\core\MetaFallbackKernel.cpp:23 [backend fallback]
QuantizedCPU: registered at ..\aten\src\ATen\native\quantized\cpu\qconv.cpp:1928 [kernel]
BackendSelect: fallthrough registered at ..\aten\src\ATen\core\BackendSelectFallbackKernel.cpp:3 [backend fallback]
Python: registered at ..\aten\src\ATen\core\PythonFallbackKernel.cpp:154 [backend fallback]
FuncTorchDynamicLayerBackMode: registered at ..\aten\src\ATen\functorch\DynamicLayer.cpp:497 [backend fallback]
Functionalize: registered at ..\aten\src\ATen\FunctionalizeFallbackKernel.cpp:324 [backend fallback]
Named: registered at ..\aten\src\ATen\core\NamedRegistrations.cpp:7 [backend fallback]
Conjugate: registered at ..\aten\src\ATen\ConjugateFallback.cpp:17 [backend fallback]
Negative: registered at ..\aten\src\ATen\native\NegateFallback.cpp:18 [backend fallback]
ZeroTensor: registered at ..\aten\src\ATen\ZeroTensorFallback.cpp:86 [backend fallback]
ADInplaceOrView: fallthrough registered at ..\aten\src\ATen\core\VariableFallbackKernel.cpp:86 [backend fallback]
AutogradOther: registered at ..\aten\src\ATen\core\VariableFallbackKernel.cpp:53 [backend fallback]
AutogradCPU: registered at ..\aten\src\ATen\core\VariableFallbackKernel.cpp:57 [backend fallback]
AutogradCUDA: registered at ..\aten\src\ATen\core\VariableFallbackKernel.cpp:65 [backend fallback]
AutogradXLA: registered at ..\aten\src\ATen\core\VariableFallbackKernel.cpp:69 [backend fallback]
AutogradMPS: registered at ..\aten\src\ATen\core\VariableFallbackKernel.cpp:77 [backend fallback]
AutogradXPU: registered at ..\aten\src\ATen\core\VariableFallbackKernel.cpp:61 [backend fallback]
AutogradHPU: registered at ..\aten\src\ATen\core\VariableFallbackKernel.cpp:90 [backend fallback]
AutogradLazy: registered at ..\aten\src\ATen\core\VariableFallbackKernel.cpp:73 [backend fallback]
AutogradMeta: registered at ..\aten\src\ATen\core\VariableFallbackKernel.cpp:81 [backend fallback]
Tracer: registered at ..\torch\csrc\autograd\TraceTypeManual.cpp:297 [backend fallback]
AutocastCPU: fallthrough registered at ..\aten\src\ATen\autocast_mode.cpp:378 [backend fallback]
AutocastCUDA: fallthrough registered at ..\aten\src\ATen\autocast_mode.cpp:244 [backend fallback]
FuncTorchBatched: registered at ..\aten\src\ATen\functorch\LegacyBatchingRegistrations.cpp:731 [backend fallback]
BatchedNestedTensor: registered at ..\aten\src\ATen\functorch\LegacyBatchingRegistrations.cpp:758 [backend fallback]
FuncTorchVmapMode: fallthrough registered at ..\aten\src\ATen\functorch\VmapModeRegistrations.cpp:27 [backend fallback]
Batched: registered at ..\aten\src\ATen\LegacyBatchingRegistrations.cpp:1075 [backend fallback]
VmapMode: fallthrough registered at ..\aten\src\ATen\VmapModeRegistrations.cpp:33 [backend fallback]
FuncTorchGradWrapper: registered at ..\aten\src\ATen\functorch\TensorWrapper.cpp:202 [backend fallback]
PythonTLSSnapshot: registered at ..\aten\src\ATen\core\PythonFallbackKernel.cpp:162 [backend fallback]
FuncTorchDynamicLayerFrontMode: registered at ..\aten\src\ATen\functorch\DynamicLayer.cpp:493 [backend fallback]
PreDispatch: registered at ..\aten\src\ATen\core\PythonFallbackKernel.cpp:166 [backend fallback]
PythonDispatcher: registered at ..\aten\src\ATen\core\PythonFallbackKernel.cpp:158 [backend fallback]

=======================Prepare original model for pruning=======================
================= Initialisation of meta_pruner pruning agent ==================
======================== Pruning importance - magnitude ========================
============================= Pruning ratio - 0.5 ==============================
========================= Pruning importance norm -  1 =========================
Traceback (most recent call last):
  File "D:\Python\Fedcore\.venv\lib\site-packages\torch_pruning\dependency.py", line 783, in _trace
    out = model(*example_inputs)
  File "D:\Python\Fedcore\.venv\lib\site-packages\torch\nn\modules\module.py", line 1532, in _wrapped_call_impl
    return self._call_impl(*args, **kwargs)
  File "D:\Python\Fedcore\.venv\lib\site-packages\torch\nn\modules\module.py", line 1541, in _call_impl
    return forward_call(*args, **kwargs)
TypeError: ResNet.forward() takes 2 positional arguments but 65 were given

During handling of the above exception, another exception occurred:

Traceback (most recent call last):
  File "D:\Python\Fedcore\fedcore\fedcore\algorithm\pruning\pruners.py", line 145, in fit
    self.pruner = self.pruner(
  File "D:\Python\Fedcore\.venv\lib\site-packages\torch_pruning\pruner\algorithms\base_pruner.py", line 133, in __init__
    self.DG = dependency.DependencyGraph().build_dependency(
  File "D:\Python\Fedcore\.venv\lib\site-packages\torch_pruning\dependency.py", line 386, in build_dependency
    self.module2node = self._trace(
  File "D:\Python\Fedcore\.venv\lib\site-packages\torch_pruning\dependency.py", line 785, in _trace
    out = model(example_inputs)
  File "D:\Python\Fedcore\.venv\lib\site-packages\torch\nn\modules\module.py", line 1532, in _wrapped_call_impl
    return self._call_impl(*args, **kwargs)
  File "D:\Python\Fedcore\.venv\lib\site-packages\torch\nn\modules\module.py", line 1541, in _call_impl
    return forward_call(*args, **kwargs)
  File "D:\Python\Fedcore\.venv\lib\site-packages\torchvision\models\resnet.py", line 285, in forward
    return self._forward_impl(x)
  File "D:\Python\Fedcore\.venv\lib\site-packages\torchvision\models\resnet.py", line 268, in _forward_impl
    x = self.conv1(x)
  File "D:\Python\Fedcore\.venv\lib\site-packages\torch\nn\modules\module.py", line 1532, in _wrapped_call_impl
    return self._call_impl(*args, **kwargs)
  File "D:\Python\Fedcore\.venv\lib\site-packages\torch\nn\modules\module.py", line 1541, in _call_impl
    return forward_call(*args, **kwargs)
  File "D:\Python\Fedcore\.venv\lib\site-packages\torch\ao\nn\quantized\modules\conv.py", line 468, in forward
    return ops.quantized.conv2d(
  File "D:\Python\Fedcore\.venv\lib\site-packages\torch\_ops.py", line 854, in __call__
    return self_._op(*args, **(kwargs or {}))
NotImplementedError: Could not run 'quantized::conv2d.new' with arguments from the 'CPU' backend. This could be because the operator doesn't exist for this backend, or was omitted during the selective/custom build process (if using custom build). If you are a Facebook employee using PyTorch on mobile, please visit https://fburl.com/ptmfixes for possible resolutions. 'quantized::conv2d.new' is only available for these backends: [Meta, QuantizedCPU, BackendSelect, Python, FuncTorchDynamicLayerBackMode, Functionalize, Named, Conjugate, Negative, ZeroTensor, ADInplaceOrView, AutogradOther, AutogradCPU, AutogradCUDA, AutogradXLA, AutogradMPS, AutogradXPU, AutogradHPU, AutogradLazy, AutogradMeta, Tracer, AutocastCPU, AutocastCUDA, FuncTorchBatched, BatchedNestedTensor, FuncTorchVmapMode, Batched, VmapMode, FuncTorchGradWrapper, PythonTLSSnapshot, FuncTorchDynamicLayerFrontMode, PreDispatch, PythonDispatcher].

Meta: registered at ..\aten\src\ATen\core\MetaFallbackKernel.cpp:23 [backend fallback]
QuantizedCPU: registered at ..\aten\src\ATen\native\quantized\cpu\qconv.cpp:1928 [kernel]
BackendSelect: fallthrough registered at ..\aten\src\ATen\core\BackendSelectFallbackKernel.cpp:3 [backend fallback]
Python: registered at ..\aten\src\ATen\core\PythonFallbackKernel.cpp:154 [backend fallback]
FuncTorchDynamicLayerBackMode: registered at ..\aten\src\ATen\functorch\DynamicLayer.cpp:497 [backend fallback]
Functionalize: registered at ..\aten\src\ATen\FunctionalizeFallbackKernel.cpp:324 [backend fallback]
Named: registered at ..\aten\src\ATen\core\NamedRegistrations.cpp:7 [backend fallback]
Conjugate: registered at ..\aten\src\ATen\ConjugateFallback.cpp:17 [backend fallback]
Negative: registered at ..\aten\src\ATen\native\NegateFallback.cpp:18 [backend fallback]
ZeroTensor: registered at ..\aten\src\ATen\ZeroTensorFallback.cpp:86 [backend fallback]
ADInplaceOrView: fallthrough registered at ..\aten\src\ATen\core\VariableFallbackKernel.cpp:86 [backend fallback]
AutogradOther: registered at ..\aten\src\ATen\core\VariableFallbackKernel.cpp:53 [backend fallback]
AutogradCPU: registered at ..\aten\src\ATen\core\VariableFallbackKernel.cpp:57 [backend fallback]
AutogradCUDA: registered at ..\aten\src\ATen\core\VariableFallbackKernel.cpp:65 [backend fallback]
AutogradXLA: registered at ..\aten\src\ATen\core\VariableFallbackKernel.cpp:69 [backend fallback]
AutogradMPS: registered at ..\aten\src\ATen\core\VariableFallbackKernel.cpp:77 [backend fallback]
AutogradXPU: registered at ..\aten\src\ATen\core\VariableFallbackKernel.cpp:61 [backend fallback]
AutogradHPU: registered at ..\aten\src\ATen\core\VariableFallbackKernel.cpp:90 [backend fallback]
AutogradLazy: registered at ..\aten\src\ATen\core\VariableFallbackKernel.cpp:73 [backend fallback]
AutogradMeta: registered at ..\aten\src\ATen\core\VariableFallbackKernel.cpp:81 [backend fallback]
Tracer: registered at ..\torch\csrc\autograd\TraceTypeManual.cpp:297 [backend fallback]
AutocastCPU: fallthrough registered at ..\aten\src\ATen\autocast_mode.cpp:378 [backend fallback]
AutocastCUDA: fallthrough registered at ..\aten\src\ATen\autocast_mode.cpp:244 [backend fallback]
FuncTorchBatched: registered at ..\aten\src\ATen\functorch\LegacyBatchingRegistrations.cpp:731 [backend fallback]
BatchedNestedTensor: registered at ..\aten\src\ATen\functorch\LegacyBatchingRegistrations.cpp:758 [backend fallback]
FuncTorchVmapMode: fallthrough registered at ..\aten\src\ATen\functorch\VmapModeRegistrations.cpp:27 [backend fallback]
Batched: registered at ..\aten\src\ATen\LegacyBatchingRegistrations.cpp:1075 [backend fallback]
VmapMode: fallthrough registered at ..\aten\src\ATen\VmapModeRegistrations.cpp:33 [backend fallback]
FuncTorchGradWrapper: registered at ..\aten\src\ATen\functorch\TensorWrapper.cpp:202 [backend fallback]
PythonTLSSnapshot: registered at ..\aten\src\ATen\core\PythonFallbackKernel.cpp:162 [backend fallback]
FuncTorchDynamicLayerFrontMode: registered at ..\aten\src\ATen\functorch\DynamicLayer.cpp:493 [backend fallback]
PreDispatch: registered at ..\aten\src\ATen\core\PythonFallbackKernel.cpp:166 [backend fallback]
PythonDispatcher: registered at ..\aten\src\ATen\core\PythonFallbackKernel.cpp:158 [backend fallback]

Quantized model inference supports CPU only

  0%|                                                                                                                                                               | 0/157 [00:00<?, ?it/s][A  0%|                                                                                                                                                               | 0/157 [00:00<?, ?it/s]
Quantized model inference supports CPU only

  0%|                                                                                                                                                               | 0/157 [00:00<?, ?it/s][A  0%|                                                                                                                                                               | 0/157 [00:00<?, ?it/s]
=======================Prepare original model for pruning=======================
================= Initialisation of meta_pruner pruning agent ==================
====================== Pruning importance - group_hessian ======================
====================== Pruning ratio - 0.6071428571428571 ======================
========================= Pruning importance norm -  2 =========================
Traceback (most recent call last):
  File "D:\Python\Fedcore\.venv\lib\site-packages\torch_pruning\dependency.py", line 783, in _trace
    out = model(*example_inputs)
  File "D:\Python\Fedcore\.venv\lib\site-packages\torch\nn\modules\module.py", line 1532, in _wrapped_call_impl
    return self._call_impl(*args, **kwargs)
  File "D:\Python\Fedcore\.venv\lib\site-packages\torch\nn\modules\module.py", line 1541, in _call_impl
    return forward_call(*args, **kwargs)
TypeError: ResNet.forward() takes 2 positional arguments but 65 were given

During handling of the above exception, another exception occurred:

Traceback (most recent call last):
  File "D:\Python\Fedcore\fedcore\fedcore\algorithm\pruning\pruners.py", line 145, in fit
    self.pruner = self.pruner(
  File "D:\Python\Fedcore\.venv\lib\site-packages\torch_pruning\pruner\algorithms\group_norm_pruner.py", line 84, in __init__
    super(GroupNormPruner, self).__init__(
  File "D:\Python\Fedcore\.venv\lib\site-packages\torch_pruning\pruner\algorithms\base_pruner.py", line 133, in __init__
    self.DG = dependency.DependencyGraph().build_dependency(
  File "D:\Python\Fedcore\.venv\lib\site-packages\torch_pruning\dependency.py", line 386, in build_dependency
    self.module2node = self._trace(
  File "D:\Python\Fedcore\.venv\lib\site-packages\torch_pruning\dependency.py", line 785, in _trace
    out = model(example_inputs)
  File "D:\Python\Fedcore\.venv\lib\site-packages\torch\nn\modules\module.py", line 1532, in _wrapped_call_impl
    return self._call_impl(*args, **kwargs)
  File "D:\Python\Fedcore\.venv\lib\site-packages\torch\nn\modules\module.py", line 1541, in _call_impl
    return forward_call(*args, **kwargs)
  File "D:\Python\Fedcore\.venv\lib\site-packages\torchvision\models\resnet.py", line 285, in forward
    return self._forward_impl(x)
  File "D:\Python\Fedcore\.venv\lib\site-packages\torchvision\models\resnet.py", line 268, in _forward_impl
    x = self.conv1(x)
  File "D:\Python\Fedcore\.venv\lib\site-packages\torch\nn\modules\module.py", line 1532, in _wrapped_call_impl
    return self._call_impl(*args, **kwargs)
  File "D:\Python\Fedcore\.venv\lib\site-packages\torch\nn\modules\module.py", line 1541, in _call_impl
    return forward_call(*args, **kwargs)
  File "D:\Python\Fedcore\.venv\lib\site-packages\torch\ao\nn\quantized\modules\conv.py", line 468, in forward
    return ops.quantized.conv2d(
  File "D:\Python\Fedcore\.venv\lib\site-packages\torch\_ops.py", line 854, in __call__
    return self_._op(*args, **(kwargs or {}))
NotImplementedError: Could not run 'quantized::conv2d.new' with arguments from the 'CPU' backend. This could be because the operator doesn't exist for this backend, or was omitted during the selective/custom build process (if using custom build). If you are a Facebook employee using PyTorch on mobile, please visit https://fburl.com/ptmfixes for possible resolutions. 'quantized::conv2d.new' is only available for these backends: [Meta, QuantizedCPU, BackendSelect, Python, FuncTorchDynamicLayerBackMode, Functionalize, Named, Conjugate, Negative, ZeroTensor, ADInplaceOrView, AutogradOther, AutogradCPU, AutogradCUDA, AutogradXLA, AutogradMPS, AutogradXPU, AutogradHPU, AutogradLazy, AutogradMeta, Tracer, AutocastCPU, AutocastCUDA, FuncTorchBatched, BatchedNestedTensor, FuncTorchVmapMode, Batched, VmapMode, FuncTorchGradWrapper, PythonTLSSnapshot, FuncTorchDynamicLayerFrontMode, PreDispatch, PythonDispatcher].

Meta: registered at ..\aten\src\ATen\core\MetaFallbackKernel.cpp:23 [backend fallback]
QuantizedCPU: registered at ..\aten\src\ATen\native\quantized\cpu\qconv.cpp:1928 [kernel]
BackendSelect: fallthrough registered at ..\aten\src\ATen\core\BackendSelectFallbackKernel.cpp:3 [backend fallback]
Python: registered at ..\aten\src\ATen\core\PythonFallbackKernel.cpp:154 [backend fallback]
FuncTorchDynamicLayerBackMode: registered at ..\aten\src\ATen\functorch\DynamicLayer.cpp:497 [backend fallback]
Functionalize: registered at ..\aten\src\ATen\FunctionalizeFallbackKernel.cpp:324 [backend fallback]
Named: registered at ..\aten\src\ATen\core\NamedRegistrations.cpp:7 [backend fallback]
Conjugate: registered at ..\aten\src\ATen\ConjugateFallback.cpp:17 [backend fallback]
Negative: registered at ..\aten\src\ATen\native\NegateFallback.cpp:18 [backend fallback]
ZeroTensor: registered at ..\aten\src\ATen\ZeroTensorFallback.cpp:86 [backend fallback]
ADInplaceOrView: fallthrough registered at ..\aten\src\ATen\core\VariableFallbackKernel.cpp:86 [backend fallback]
AutogradOther: registered at ..\aten\src\ATen\core\VariableFallbackKernel.cpp:53 [backend fallback]
AutogradCPU: registered at ..\aten\src\ATen\core\VariableFallbackKernel.cpp:57 [backend fallback]
AutogradCUDA: registered at ..\aten\src\ATen\core\VariableFallbackKernel.cpp:65 [backend fallback]
AutogradXLA: registered at ..\aten\src\ATen\core\VariableFallbackKernel.cpp:69 [backend fallback]
AutogradMPS: registered at ..\aten\src\ATen\core\VariableFallbackKernel.cpp:77 [backend fallback]
AutogradXPU: registered at ..\aten\src\ATen\core\VariableFallbackKernel.cpp:61 [backend fallback]
AutogradHPU: registered at ..\aten\src\ATen\core\VariableFallbackKernel.cpp:90 [backend fallback]
AutogradLazy: registered at ..\aten\src\ATen\core\VariableFallbackKernel.cpp:73 [backend fallback]
AutogradMeta: registered at ..\aten\src\ATen\core\VariableFallbackKernel.cpp:81 [backend fallback]
Tracer: registered at ..\torch\csrc\autograd\TraceTypeManual.cpp:297 [backend fallback]
AutocastCPU: fallthrough registered at ..\aten\src\ATen\autocast_mode.cpp:378 [backend fallback]
AutocastCUDA: fallthrough registered at ..\aten\src\ATen\autocast_mode.cpp:244 [backend fallback]
FuncTorchBatched: registered at ..\aten\src\ATen\functorch\LegacyBatchingRegistrations.cpp:731 [backend fallback]
BatchedNestedTensor: registered at ..\aten\src\ATen\functorch\LegacyBatchingRegistrations.cpp:758 [backend fallback]
FuncTorchVmapMode: fallthrough registered at ..\aten\src\ATen\functorch\VmapModeRegistrations.cpp:27 [backend fallback]
Batched: registered at ..\aten\src\ATen\LegacyBatchingRegistrations.cpp:1075 [backend fallback]
VmapMode: fallthrough registered at ..\aten\src\ATen\VmapModeRegistrations.cpp:33 [backend fallback]
FuncTorchGradWrapper: registered at ..\aten\src\ATen\functorch\TensorWrapper.cpp:202 [backend fallback]
PythonTLSSnapshot: registered at ..\aten\src\ATen\core\PythonFallbackKernel.cpp:162 [backend fallback]
FuncTorchDynamicLayerFrontMode: registered at ..\aten\src\ATen\functorch\DynamicLayer.cpp:493 [backend fallback]
PreDispatch: registered at ..\aten\src\ATen\core\PythonFallbackKernel.cpp:166 [backend fallback]
PythonDispatcher: registered at ..\aten\src\ATen\core\PythonFallbackKernel.cpp:158 [backend fallback]

=======================Prepare original model for pruning=======================
================= Initialisation of meta_pruner pruning agent ==================
====================== Pruning importance - group_hessian ======================
============================= Pruning ratio - 0.95 =============================
========================= Pruning importance norm -  2 =========================
Traceback (most recent call last):
  File "D:\Python\Fedcore\.venv\lib\site-packages\torch_pruning\dependency.py", line 783, in _trace
    out = model(*example_inputs)
  File "D:\Python\Fedcore\.venv\lib\site-packages\torch\nn\modules\module.py", line 1532, in _wrapped_call_impl
    return self._call_impl(*args, **kwargs)
  File "D:\Python\Fedcore\.venv\lib\site-packages\torch\nn\modules\module.py", line 1541, in _call_impl
    return forward_call(*args, **kwargs)
TypeError: ResNet.forward() takes 2 positional arguments but 65 were given

During handling of the above exception, another exception occurred:

Traceback (most recent call last):
  File "D:\Python\Fedcore\fedcore\fedcore\algorithm\pruning\pruners.py", line 145, in fit
    self.pruner = self.pruner(
  File "D:\Python\Fedcore\.venv\lib\site-packages\torch_pruning\pruner\algorithms\group_norm_pruner.py", line 84, in __init__
    super(GroupNormPruner, self).__init__(
  File "D:\Python\Fedcore\.venv\lib\site-packages\torch_pruning\pruner\algorithms\base_pruner.py", line 133, in __init__
    self.DG = dependency.DependencyGraph().build_dependency(
  File "D:\Python\Fedcore\.venv\lib\site-packages\torch_pruning\dependency.py", line 386, in build_dependency
    self.module2node = self._trace(
  File "D:\Python\Fedcore\.venv\lib\site-packages\torch_pruning\dependency.py", line 785, in _trace
    out = model(example_inputs)
  File "D:\Python\Fedcore\.venv\lib\site-packages\torch\nn\modules\module.py", line 1532, in _wrapped_call_impl
    return self._call_impl(*args, **kwargs)
  File "D:\Python\Fedcore\.venv\lib\site-packages\torch\nn\modules\module.py", line 1541, in _call_impl
    return forward_call(*args, **kwargs)
  File "D:\Python\Fedcore\.venv\lib\site-packages\torchvision\models\resnet.py", line 285, in forward
    return self._forward_impl(x)
  File "D:\Python\Fedcore\.venv\lib\site-packages\torchvision\models\resnet.py", line 268, in _forward_impl
    x = self.conv1(x)
  File "D:\Python\Fedcore\.venv\lib\site-packages\torch\nn\modules\module.py", line 1532, in _wrapped_call_impl
    return self._call_impl(*args, **kwargs)
  File "D:\Python\Fedcore\.venv\lib\site-packages\torch\nn\modules\module.py", line 1541, in _call_impl
    return forward_call(*args, **kwargs)
  File "D:\Python\Fedcore\.venv\lib\site-packages\torch\ao\nn\quantized\modules\conv.py", line 468, in forward
    return ops.quantized.conv2d(
  File "D:\Python\Fedcore\.venv\lib\site-packages\torch\_ops.py", line 854, in __call__
    return self_._op(*args, **(kwargs or {}))
NotImplementedError: Could not run 'quantized::conv2d.new' with arguments from the 'CPU' backend. This could be because the operator doesn't exist for this backend, or was omitted during the selective/custom build process (if using custom build). If you are a Facebook employee using PyTorch on mobile, please visit https://fburl.com/ptmfixes for possible resolutions. 'quantized::conv2d.new' is only available for these backends: [Meta, QuantizedCPU, BackendSelect, Python, FuncTorchDynamicLayerBackMode, Functionalize, Named, Conjugate, Negative, ZeroTensor, ADInplaceOrView, AutogradOther, AutogradCPU, AutogradCUDA, AutogradXLA, AutogradMPS, AutogradXPU, AutogradHPU, AutogradLazy, AutogradMeta, Tracer, AutocastCPU, AutocastCUDA, FuncTorchBatched, BatchedNestedTensor, FuncTorchVmapMode, Batched, VmapMode, FuncTorchGradWrapper, PythonTLSSnapshot, FuncTorchDynamicLayerFrontMode, PreDispatch, PythonDispatcher].

Meta: registered at ..\aten\src\ATen\core\MetaFallbackKernel.cpp:23 [backend fallback]
QuantizedCPU: registered at ..\aten\src\ATen\native\quantized\cpu\qconv.cpp:1928 [kernel]
BackendSelect: fallthrough registered at ..\aten\src\ATen\core\BackendSelectFallbackKernel.cpp:3 [backend fallback]
Python: registered at ..\aten\src\ATen\core\PythonFallbackKernel.cpp:154 [backend fallback]
FuncTorchDynamicLayerBackMode: registered at ..\aten\src\ATen\functorch\DynamicLayer.cpp:497 [backend fallback]
Functionalize: registered at ..\aten\src\ATen\FunctionalizeFallbackKernel.cpp:324 [backend fallback]
Named: registered at ..\aten\src\ATen\core\NamedRegistrations.cpp:7 [backend fallback]
Conjugate: registered at ..\aten\src\ATen\ConjugateFallback.cpp:17 [backend fallback]
Negative: registered at ..\aten\src\ATen\native\NegateFallback.cpp:18 [backend fallback]
ZeroTensor: registered at ..\aten\src\ATen\ZeroTensorFallback.cpp:86 [backend fallback]
ADInplaceOrView: fallthrough registered at ..\aten\src\ATen\core\VariableFallbackKernel.cpp:86 [backend fallback]
AutogradOther: registered at ..\aten\src\ATen\core\VariableFallbackKernel.cpp:53 [backend fallback]
AutogradCPU: registered at ..\aten\src\ATen\core\VariableFallbackKernel.cpp:57 [backend fallback]
AutogradCUDA: registered at ..\aten\src\ATen\core\VariableFallbackKernel.cpp:65 [backend fallback]
AutogradXLA: registered at ..\aten\src\ATen\core\VariableFallbackKernel.cpp:69 [backend fallback]
AutogradMPS: registered at ..\aten\src\ATen\core\VariableFallbackKernel.cpp:77 [backend fallback]
AutogradXPU: registered at ..\aten\src\ATen\core\VariableFallbackKernel.cpp:61 [backend fallback]
AutogradHPU: registered at ..\aten\src\ATen\core\VariableFallbackKernel.cpp:90 [backend fallback]
AutogradLazy: registered at ..\aten\src\ATen\core\VariableFallbackKernel.cpp:73 [backend fallback]
AutogradMeta: registered at ..\aten\src\ATen\core\VariableFallbackKernel.cpp:81 [backend fallback]
Tracer: registered at ..\torch\csrc\autograd\TraceTypeManual.cpp:297 [backend fallback]
AutocastCPU: fallthrough registered at ..\aten\src\ATen\autocast_mode.cpp:378 [backend fallback]
AutocastCUDA: fallthrough registered at ..\aten\src\ATen\autocast_mode.cpp:244 [backend fallback]
FuncTorchBatched: registered at ..\aten\src\ATen\functorch\LegacyBatchingRegistrations.cpp:731 [backend fallback]
BatchedNestedTensor: registered at ..\aten\src\ATen\functorch\LegacyBatchingRegistrations.cpp:758 [backend fallback]
FuncTorchVmapMode: fallthrough registered at ..\aten\src\ATen\functorch\VmapModeRegistrations.cpp:27 [backend fallback]
Batched: registered at ..\aten\src\ATen\LegacyBatchingRegistrations.cpp:1075 [backend fallback]
VmapMode: fallthrough registered at ..\aten\src\ATen\VmapModeRegistrations.cpp:33 [backend fallback]
FuncTorchGradWrapper: registered at ..\aten\src\ATen\functorch\TensorWrapper.cpp:202 [backend fallback]
PythonTLSSnapshot: registered at ..\aten\src\ATen\core\PythonFallbackKernel.cpp:162 [backend fallback]
FuncTorchDynamicLayerFrontMode: registered at ..\aten\src\ATen\functorch\DynamicLayer.cpp:493 [backend fallback]
PreDispatch: registered at ..\aten\src\ATen\core\PythonFallbackKernel.cpp:166 [backend fallback]
PythonDispatcher: registered at ..\aten\src\ATen\core\PythonFallbackKernel.cpp:158 [backend fallback]

Quantized model inference supports CPU only

  0%|                                                                                                                                                               | 0/157 [00:00<?, ?it/s][A  0%|                                                                                                                                                               | 0/157 [00:00<?, ?it/s]
Quantized model inference supports CPU only

  0%|                                                                                                                                                               | 0/157 [00:00<?, ?it/s][A  0%|                                                                                                                                                               | 0/157 [00:00<?, ?it/s]
=======================Prepare original model for pruning=======================
================= Initialisation of meta_pruner pruning agent ==================
========================= Pruning importance - random ==========================
====================== Pruning ratio - 0.5499999999999999 ======================
========================= Pruning importance norm -  1 =========================
Traceback (most recent call last):
  File "D:\Python\Fedcore\.venv\lib\site-packages\torch_pruning\dependency.py", line 783, in _trace
    out = model(*example_inputs)
  File "D:\Python\Fedcore\.venv\lib\site-packages\torch\nn\modules\module.py", line 1532, in _wrapped_call_impl
    return self._call_impl(*args, **kwargs)
  File "D:\Python\Fedcore\.venv\lib\site-packages\torch\nn\modules\module.py", line 1541, in _call_impl
    return forward_call(*args, **kwargs)
TypeError: ResNet.forward() takes 2 positional arguments but 65 were given

During handling of the above exception, another exception occurred:

Traceback (most recent call last):
  File "D:\Python\Fedcore\fedcore\fedcore\algorithm\pruning\pruners.py", line 145, in fit
    self.pruner = self.pruner(
  File "D:\Python\Fedcore\.venv\lib\site-packages\torch_pruning\pruner\algorithms\base_pruner.py", line 133, in __init__
    self.DG = dependency.DependencyGraph().build_dependency(
  File "D:\Python\Fedcore\.venv\lib\site-packages\torch_pruning\dependency.py", line 386, in build_dependency
    self.module2node = self._trace(
  File "D:\Python\Fedcore\.venv\lib\site-packages\torch_pruning\dependency.py", line 785, in _trace
    out = model(example_inputs)
  File "D:\Python\Fedcore\.venv\lib\site-packages\torch\nn\modules\module.py", line 1532, in _wrapped_call_impl
    return self._call_impl(*args, **kwargs)
  File "D:\Python\Fedcore\.venv\lib\site-packages\torch\nn\modules\module.py", line 1541, in _call_impl
    return forward_call(*args, **kwargs)
  File "D:\Python\Fedcore\.venv\lib\site-packages\torchvision\models\resnet.py", line 285, in forward
    return self._forward_impl(x)
  File "D:\Python\Fedcore\.venv\lib\site-packages\torchvision\models\resnet.py", line 268, in _forward_impl
    x = self.conv1(x)
  File "D:\Python\Fedcore\.venv\lib\site-packages\torch\nn\modules\module.py", line 1532, in _wrapped_call_impl
    return self._call_impl(*args, **kwargs)
  File "D:\Python\Fedcore\.venv\lib\site-packages\torch\nn\modules\module.py", line 1541, in _call_impl
    return forward_call(*args, **kwargs)
  File "D:\Python\Fedcore\.venv\lib\site-packages\torch\ao\nn\quantized\modules\conv.py", line 468, in forward
    return ops.quantized.conv2d(
  File "D:\Python\Fedcore\.venv\lib\site-packages\torch\_ops.py", line 854, in __call__
    return self_._op(*args, **(kwargs or {}))
NotImplementedError: Could not run 'quantized::conv2d.new' with arguments from the 'CPU' backend. This could be because the operator doesn't exist for this backend, or was omitted during the selective/custom build process (if using custom build). If you are a Facebook employee using PyTorch on mobile, please visit https://fburl.com/ptmfixes for possible resolutions. 'quantized::conv2d.new' is only available for these backends: [Meta, QuantizedCPU, BackendSelect, Python, FuncTorchDynamicLayerBackMode, Functionalize, Named, Conjugate, Negative, ZeroTensor, ADInplaceOrView, AutogradOther, AutogradCPU, AutogradCUDA, AutogradXLA, AutogradMPS, AutogradXPU, AutogradHPU, AutogradLazy, AutogradMeta, Tracer, AutocastCPU, AutocastCUDA, FuncTorchBatched, BatchedNestedTensor, FuncTorchVmapMode, Batched, VmapMode, FuncTorchGradWrapper, PythonTLSSnapshot, FuncTorchDynamicLayerFrontMode, PreDispatch, PythonDispatcher].

Meta: registered at ..\aten\src\ATen\core\MetaFallbackKernel.cpp:23 [backend fallback]
QuantizedCPU: registered at ..\aten\src\ATen\native\quantized\cpu\qconv.cpp:1928 [kernel]
BackendSelect: fallthrough registered at ..\aten\src\ATen\core\BackendSelectFallbackKernel.cpp:3 [backend fallback]
Python: registered at ..\aten\src\ATen\core\PythonFallbackKernel.cpp:154 [backend fallback]
FuncTorchDynamicLayerBackMode: registered at ..\aten\src\ATen\functorch\DynamicLayer.cpp:497 [backend fallback]
Functionalize: registered at ..\aten\src\ATen\FunctionalizeFallbackKernel.cpp:324 [backend fallback]
Named: registered at ..\aten\src\ATen\core\NamedRegistrations.cpp:7 [backend fallback]
Conjugate: registered at ..\aten\src\ATen\ConjugateFallback.cpp:17 [backend fallback]
Negative: registered at ..\aten\src\ATen\native\NegateFallback.cpp:18 [backend fallback]
ZeroTensor: registered at ..\aten\src\ATen\ZeroTensorFallback.cpp:86 [backend fallback]
ADInplaceOrView: fallthrough registered at ..\aten\src\ATen\core\VariableFallbackKernel.cpp:86 [backend fallback]
AutogradOther: registered at ..\aten\src\ATen\core\VariableFallbackKernel.cpp:53 [backend fallback]
AutogradCPU: registered at ..\aten\src\ATen\core\VariableFallbackKernel.cpp:57 [backend fallback]
AutogradCUDA: registered at ..\aten\src\ATen\core\VariableFallbackKernel.cpp:65 [backend fallback]
AutogradXLA: registered at ..\aten\src\ATen\core\VariableFallbackKernel.cpp:69 [backend fallback]
AutogradMPS: registered at ..\aten\src\ATen\core\VariableFallbackKernel.cpp:77 [backend fallback]
AutogradXPU: registered at ..\aten\src\ATen\core\VariableFallbackKernel.cpp:61 [backend fallback]
AutogradHPU: registered at ..\aten\src\ATen\core\VariableFallbackKernel.cpp:90 [backend fallback]
AutogradLazy: registered at ..\aten\src\ATen\core\VariableFallbackKernel.cpp:73 [backend fallback]
AutogradMeta: registered at ..\aten\src\ATen\core\VariableFallbackKernel.cpp:81 [backend fallback]
Tracer: registered at ..\torch\csrc\autograd\TraceTypeManual.cpp:297 [backend fallback]
AutocastCPU: fallthrough registered at ..\aten\src\ATen\autocast_mode.cpp:378 [backend fallback]
AutocastCUDA: fallthrough registered at ..\aten\src\ATen\autocast_mode.cpp:244 [backend fallback]
FuncTorchBatched: registered at ..\aten\src\ATen\functorch\LegacyBatchingRegistrations.cpp:731 [backend fallback]
BatchedNestedTensor: registered at ..\aten\src\ATen\functorch\LegacyBatchingRegistrations.cpp:758 [backend fallback]
FuncTorchVmapMode: fallthrough registered at ..\aten\src\ATen\functorch\VmapModeRegistrations.cpp:27 [backend fallback]
Batched: registered at ..\aten\src\ATen\LegacyBatchingRegistrations.cpp:1075 [backend fallback]
VmapMode: fallthrough registered at ..\aten\src\ATen\VmapModeRegistrations.cpp:33 [backend fallback]
FuncTorchGradWrapper: registered at ..\aten\src\ATen\functorch\TensorWrapper.cpp:202 [backend fallback]
PythonTLSSnapshot: registered at ..\aten\src\ATen\core\PythonFallbackKernel.cpp:162 [backend fallback]
FuncTorchDynamicLayerFrontMode: registered at ..\aten\src\ATen\functorch\DynamicLayer.cpp:493 [backend fallback]
PreDispatch: registered at ..\aten\src\ATen\core\PythonFallbackKernel.cpp:166 [backend fallback]
PythonDispatcher: registered at ..\aten\src\ATen\core\PythonFallbackKernel.cpp:158 [backend fallback]

=======================Prepare original model for pruning=======================
================= Initialisation of meta_pruner pruning agent ==================
======================== Pruning importance - magnitude ========================
============================= Pruning ratio - 0.5 ==============================
========================= Pruning importance norm -  1 =========================
Traceback (most recent call last):
  File "D:\Python\Fedcore\.venv\lib\site-packages\torch_pruning\dependency.py", line 783, in _trace
    out = model(*example_inputs)
  File "D:\Python\Fedcore\.venv\lib\site-packages\torch\nn\modules\module.py", line 1532, in _wrapped_call_impl
    return self._call_impl(*args, **kwargs)
  File "D:\Python\Fedcore\.venv\lib\site-packages\torch\nn\modules\module.py", line 1541, in _call_impl
    return forward_call(*args, **kwargs)
TypeError: ResNet.forward() takes 2 positional arguments but 65 were given

During handling of the above exception, another exception occurred:

Traceback (most recent call last):
  File "D:\Python\Fedcore\fedcore\fedcore\algorithm\pruning\pruners.py", line 145, in fit
    self.pruner = self.pruner(
  File "D:\Python\Fedcore\.venv\lib\site-packages\torch_pruning\pruner\algorithms\base_pruner.py", line 133, in __init__
    self.DG = dependency.DependencyGraph().build_dependency(
  File "D:\Python\Fedcore\.venv\lib\site-packages\torch_pruning\dependency.py", line 386, in build_dependency
    self.module2node = self._trace(
  File "D:\Python\Fedcore\.venv\lib\site-packages\torch_pruning\dependency.py", line 785, in _trace
    out = model(example_inputs)
  File "D:\Python\Fedcore\.venv\lib\site-packages\torch\nn\modules\module.py", line 1532, in _wrapped_call_impl
    return self._call_impl(*args, **kwargs)
  File "D:\Python\Fedcore\.venv\lib\site-packages\torch\nn\modules\module.py", line 1541, in _call_impl
    return forward_call(*args, **kwargs)
  File "D:\Python\Fedcore\.venv\lib\site-packages\torchvision\models\resnet.py", line 285, in forward
    return self._forward_impl(x)
  File "D:\Python\Fedcore\.venv\lib\site-packages\torchvision\models\resnet.py", line 268, in _forward_impl
    x = self.conv1(x)
  File "D:\Python\Fedcore\.venv\lib\site-packages\torch\nn\modules\module.py", line 1532, in _wrapped_call_impl
    return self._call_impl(*args, **kwargs)
  File "D:\Python\Fedcore\.venv\lib\site-packages\torch\nn\modules\module.py", line 1541, in _call_impl
    return forward_call(*args, **kwargs)
  File "D:\Python\Fedcore\.venv\lib\site-packages\torch\ao\nn\quantized\modules\conv.py", line 468, in forward
    return ops.quantized.conv2d(
  File "D:\Python\Fedcore\.venv\lib\site-packages\torch\_ops.py", line 854, in __call__
    return self_._op(*args, **(kwargs or {}))
NotImplementedError: Could not run 'quantized::conv2d.new' with arguments from the 'CPU' backend. This could be because the operator doesn't exist for this backend, or was omitted during the selective/custom build process (if using custom build). If you are a Facebook employee using PyTorch on mobile, please visit https://fburl.com/ptmfixes for possible resolutions. 'quantized::conv2d.new' is only available for these backends: [Meta, QuantizedCPU, BackendSelect, Python, FuncTorchDynamicLayerBackMode, Functionalize, Named, Conjugate, Negative, ZeroTensor, ADInplaceOrView, AutogradOther, AutogradCPU, AutogradCUDA, AutogradXLA, AutogradMPS, AutogradXPU, AutogradHPU, AutogradLazy, AutogradMeta, Tracer, AutocastCPU, AutocastCUDA, FuncTorchBatched, BatchedNestedTensor, FuncTorchVmapMode, Batched, VmapMode, FuncTorchGradWrapper, PythonTLSSnapshot, FuncTorchDynamicLayerFrontMode, PreDispatch, PythonDispatcher].

Meta: registered at ..\aten\src\ATen\core\MetaFallbackKernel.cpp:23 [backend fallback]
QuantizedCPU: registered at ..\aten\src\ATen\native\quantized\cpu\qconv.cpp:1928 [kernel]
BackendSelect: fallthrough registered at ..\aten\src\ATen\core\BackendSelectFallbackKernel.cpp:3 [backend fallback]
Python: registered at ..\aten\src\ATen\core\PythonFallbackKernel.cpp:154 [backend fallback]
FuncTorchDynamicLayerBackMode: registered at ..\aten\src\ATen\functorch\DynamicLayer.cpp:497 [backend fallback]
Functionalize: registered at ..\aten\src\ATen\FunctionalizeFallbackKernel.cpp:324 [backend fallback]
Named: registered at ..\aten\src\ATen\core\NamedRegistrations.cpp:7 [backend fallback]
Conjugate: registered at ..\aten\src\ATen\ConjugateFallback.cpp:17 [backend fallback]
Negative: registered at ..\aten\src\ATen\native\NegateFallback.cpp:18 [backend fallback]
ZeroTensor: registered at ..\aten\src\ATen\ZeroTensorFallback.cpp:86 [backend fallback]
ADInplaceOrView: fallthrough registered at ..\aten\src\ATen\core\VariableFallbackKernel.cpp:86 [backend fallback]
AutogradOther: registered at ..\aten\src\ATen\core\VariableFallbackKernel.cpp:53 [backend fallback]
AutogradCPU: registered at ..\aten\src\ATen\core\VariableFallbackKernel.cpp:57 [backend fallback]
AutogradCUDA: registered at ..\aten\src\ATen\core\VariableFallbackKernel.cpp:65 [backend fallback]
AutogradXLA: registered at ..\aten\src\ATen\core\VariableFallbackKernel.cpp:69 [backend fallback]
AutogradMPS: registered at ..\aten\src\ATen\core\VariableFallbackKernel.cpp:77 [backend fallback]
AutogradXPU: registered at ..\aten\src\ATen\core\VariableFallbackKernel.cpp:61 [backend fallback]
AutogradHPU: registered at ..\aten\src\ATen\core\VariableFallbackKernel.cpp:90 [backend fallback]
AutogradLazy: registered at ..\aten\src\ATen\core\VariableFallbackKernel.cpp:73 [backend fallback]
AutogradMeta: registered at ..\aten\src\ATen\core\VariableFallbackKernel.cpp:81 [backend fallback]
Tracer: registered at ..\torch\csrc\autograd\TraceTypeManual.cpp:297 [backend fallback]
AutocastCPU: fallthrough registered at ..\aten\src\ATen\autocast_mode.cpp:378 [backend fallback]
AutocastCUDA: fallthrough registered at ..\aten\src\ATen\autocast_mode.cpp:244 [backend fallback]
FuncTorchBatched: registered at ..\aten\src\ATen\functorch\LegacyBatchingRegistrations.cpp:731 [backend fallback]
BatchedNestedTensor: registered at ..\aten\src\ATen\functorch\LegacyBatchingRegistrations.cpp:758 [backend fallback]
FuncTorchVmapMode: fallthrough registered at ..\aten\src\ATen\functorch\VmapModeRegistrations.cpp:27 [backend fallback]
Batched: registered at ..\aten\src\ATen\LegacyBatchingRegistrations.cpp:1075 [backend fallback]
VmapMode: fallthrough registered at ..\aten\src\ATen\VmapModeRegistrations.cpp:33 [backend fallback]
FuncTorchGradWrapper: registered at ..\aten\src\ATen\functorch\TensorWrapper.cpp:202 [backend fallback]
PythonTLSSnapshot: registered at ..\aten\src\ATen\core\PythonFallbackKernel.cpp:162 [backend fallback]
FuncTorchDynamicLayerFrontMode: registered at ..\aten\src\ATen\functorch\DynamicLayer.cpp:493 [backend fallback]
PreDispatch: registered at ..\aten\src\ATen\core\PythonFallbackKernel.cpp:166 [backend fallback]
PythonDispatcher: registered at ..\aten\src\ATen\core\PythonFallbackKernel.cpp:158 [backend fallback]

Quantized model inference supports CPU only

  0%|                                                                                                                                                               | 0/157 [00:00<?, ?it/s][A  0%|                                                                                                                                                               | 0/157 [00:00<?, ?it/s]
Quantized model inference supports CPU only

  0%|                                                                                                                                                               | 0/157 [00:00<?, ?it/s][A  0%|                                                                                                                                                               | 0/157 [00:00<?, ?it/s]
=======================Prepare original model for pruning=======================
================= Initialisation of meta_pruner pruning agent ==================
====================== Pruning importance - group_taylor =======================
====================== Pruning ratio - 0.4357142857142857 ======================
========================= Pruning importance norm -  2 =========================
Traceback (most recent call last):
  File "D:\Python\Fedcore\.venv\lib\site-packages\torch_pruning\dependency.py", line 783, in _trace
    out = model(*example_inputs)
  File "D:\Python\Fedcore\.venv\lib\site-packages\torch\nn\modules\module.py", line 1532, in _wrapped_call_impl
    return self._call_impl(*args, **kwargs)
  File "D:\Python\Fedcore\.venv\lib\site-packages\torch\nn\modules\module.py", line 1541, in _call_impl
    return forward_call(*args, **kwargs)
TypeError: ResNet.forward() takes 2 positional arguments but 65 were given

During handling of the above exception, another exception occurred:

Traceback (most recent call last):
  File "D:\Python\Fedcore\fedcore\fedcore\algorithm\pruning\pruners.py", line 145, in fit
    self.pruner = self.pruner(
  File "D:\Python\Fedcore\.venv\lib\site-packages\torch_pruning\pruner\algorithms\group_norm_pruner.py", line 84, in __init__
    super(GroupNormPruner, self).__init__(
  File "D:\Python\Fedcore\.venv\lib\site-packages\torch_pruning\pruner\algorithms\base_pruner.py", line 133, in __init__
    self.DG = dependency.DependencyGraph().build_dependency(
  File "D:\Python\Fedcore\.venv\lib\site-packages\torch_pruning\dependency.py", line 386, in build_dependency
    self.module2node = self._trace(
  File "D:\Python\Fedcore\.venv\lib\site-packages\torch_pruning\dependency.py", line 785, in _trace
    out = model(example_inputs)
  File "D:\Python\Fedcore\.venv\lib\site-packages\torch\nn\modules\module.py", line 1532, in _wrapped_call_impl
    return self._call_impl(*args, **kwargs)
  File "D:\Python\Fedcore\.venv\lib\site-packages\torch\nn\modules\module.py", line 1541, in _call_impl
    return forward_call(*args, **kwargs)
  File "D:\Python\Fedcore\.venv\lib\site-packages\torchvision\models\resnet.py", line 285, in forward
    return self._forward_impl(x)
  File "D:\Python\Fedcore\.venv\lib\site-packages\torchvision\models\resnet.py", line 268, in _forward_impl
    x = self.conv1(x)
  File "D:\Python\Fedcore\.venv\lib\site-packages\torch\nn\modules\module.py", line 1532, in _wrapped_call_impl
    return self._call_impl(*args, **kwargs)
  File "D:\Python\Fedcore\.venv\lib\site-packages\torch\nn\modules\module.py", line 1541, in _call_impl
    return forward_call(*args, **kwargs)
  File "D:\Python\Fedcore\.venv\lib\site-packages\torch\ao\nn\quantized\modules\conv.py", line 468, in forward
    return ops.quantized.conv2d(
  File "D:\Python\Fedcore\.venv\lib\site-packages\torch\_ops.py", line 854, in __call__
    return self_._op(*args, **(kwargs or {}))
NotImplementedError: Could not run 'quantized::conv2d.new' with arguments from the 'CPU' backend. This could be because the operator doesn't exist for this backend, or was omitted during the selective/custom build process (if using custom build). If you are a Facebook employee using PyTorch on mobile, please visit https://fburl.com/ptmfixes for possible resolutions. 'quantized::conv2d.new' is only available for these backends: [Meta, QuantizedCPU, BackendSelect, Python, FuncTorchDynamicLayerBackMode, Functionalize, Named, Conjugate, Negative, ZeroTensor, ADInplaceOrView, AutogradOther, AutogradCPU, AutogradCUDA, AutogradXLA, AutogradMPS, AutogradXPU, AutogradHPU, AutogradLazy, AutogradMeta, Tracer, AutocastCPU, AutocastCUDA, FuncTorchBatched, BatchedNestedTensor, FuncTorchVmapMode, Batched, VmapMode, FuncTorchGradWrapper, PythonTLSSnapshot, FuncTorchDynamicLayerFrontMode, PreDispatch, PythonDispatcher].

Meta: registered at ..\aten\src\ATen\core\MetaFallbackKernel.cpp:23 [backend fallback]
QuantizedCPU: registered at ..\aten\src\ATen\native\quantized\cpu\qconv.cpp:1928 [kernel]
BackendSelect: fallthrough registered at ..\aten\src\ATen\core\BackendSelectFallbackKernel.cpp:3 [backend fallback]
Python: registered at ..\aten\src\ATen\core\PythonFallbackKernel.cpp:154 [backend fallback]
FuncTorchDynamicLayerBackMode: registered at ..\aten\src\ATen\functorch\DynamicLayer.cpp:497 [backend fallback]
Functionalize: registered at ..\aten\src\ATen\FunctionalizeFallbackKernel.cpp:324 [backend fallback]
Named: registered at ..\aten\src\ATen\core\NamedRegistrations.cpp:7 [backend fallback]
Conjugate: registered at ..\aten\src\ATen\ConjugateFallback.cpp:17 [backend fallback]
Negative: registered at ..\aten\src\ATen\native\NegateFallback.cpp:18 [backend fallback]
ZeroTensor: registered at ..\aten\src\ATen\ZeroTensorFallback.cpp:86 [backend fallback]
ADInplaceOrView: fallthrough registered at ..\aten\src\ATen\core\VariableFallbackKernel.cpp:86 [backend fallback]
AutogradOther: registered at ..\aten\src\ATen\core\VariableFallbackKernel.cpp:53 [backend fallback]
AutogradCPU: registered at ..\aten\src\ATen\core\VariableFallbackKernel.cpp:57 [backend fallback]
AutogradCUDA: registered at ..\aten\src\ATen\core\VariableFallbackKernel.cpp:65 [backend fallback]
AutogradXLA: registered at ..\aten\src\ATen\core\VariableFallbackKernel.cpp:69 [backend fallback]
AutogradMPS: registered at ..\aten\src\ATen\core\VariableFallbackKernel.cpp:77 [backend fallback]
AutogradXPU: registered at ..\aten\src\ATen\core\VariableFallbackKernel.cpp:61 [backend fallback]
AutogradHPU: registered at ..\aten\src\ATen\core\VariableFallbackKernel.cpp:90 [backend fallback]
AutogradLazy: registered at ..\aten\src\ATen\core\VariableFallbackKernel.cpp:73 [backend fallback]
AutogradMeta: registered at ..\aten\src\ATen\core\VariableFallbackKernel.cpp:81 [backend fallback]
Tracer: registered at ..\torch\csrc\autograd\TraceTypeManual.cpp:297 [backend fallback]
AutocastCPU: fallthrough registered at ..\aten\src\ATen\autocast_mode.cpp:378 [backend fallback]
AutocastCUDA: fallthrough registered at ..\aten\src\ATen\autocast_mode.cpp:244 [backend fallback]
FuncTorchBatched: registered at ..\aten\src\ATen\functorch\LegacyBatchingRegistrations.cpp:731 [backend fallback]
BatchedNestedTensor: registered at ..\aten\src\ATen\functorch\LegacyBatchingRegistrations.cpp:758 [backend fallback]
FuncTorchVmapMode: fallthrough registered at ..\aten\src\ATen\functorch\VmapModeRegistrations.cpp:27 [backend fallback]
Batched: registered at ..\aten\src\ATen\LegacyBatchingRegistrations.cpp:1075 [backend fallback]
VmapMode: fallthrough registered at ..\aten\src\ATen\VmapModeRegistrations.cpp:33 [backend fallback]
FuncTorchGradWrapper: registered at ..\aten\src\ATen\functorch\TensorWrapper.cpp:202 [backend fallback]
PythonTLSSnapshot: registered at ..\aten\src\ATen\core\PythonFallbackKernel.cpp:162 [backend fallback]
FuncTorchDynamicLayerFrontMode: registered at ..\aten\src\ATen\functorch\DynamicLayer.cpp:493 [backend fallback]
PreDispatch: registered at ..\aten\src\ATen\core\PythonFallbackKernel.cpp:166 [backend fallback]
PythonDispatcher: registered at ..\aten\src\ATen\core\PythonFallbackKernel.cpp:158 [backend fallback]

=======================Prepare original model for pruning=======================
================= Initialisation of meta_pruner pruning agent ==================
======================== Pruning importance - magnitude ========================
============================= Pruning ratio - 0.5 ==============================
========================= Pruning importance norm -  1 =========================
Traceback (most recent call last):
  File "D:\Python\Fedcore\.venv\lib\site-packages\torch_pruning\dependency.py", line 783, in _trace
    out = model(*example_inputs)
  File "D:\Python\Fedcore\.venv\lib\site-packages\torch\nn\modules\module.py", line 1532, in _wrapped_call_impl
    return self._call_impl(*args, **kwargs)
  File "D:\Python\Fedcore\.venv\lib\site-packages\torch\nn\modules\module.py", line 1541, in _call_impl
    return forward_call(*args, **kwargs)
TypeError: ResNet.forward() takes 2 positional arguments but 65 were given

During handling of the above exception, another exception occurred:

Traceback (most recent call last):
  File "D:\Python\Fedcore\fedcore\fedcore\algorithm\pruning\pruners.py", line 145, in fit
    self.pruner = self.pruner(
  File "D:\Python\Fedcore\.venv\lib\site-packages\torch_pruning\pruner\algorithms\base_pruner.py", line 133, in __init__
    self.DG = dependency.DependencyGraph().build_dependency(
  File "D:\Python\Fedcore\.venv\lib\site-packages\torch_pruning\dependency.py", line 386, in build_dependency
    self.module2node = self._trace(
  File "D:\Python\Fedcore\.venv\lib\site-packages\torch_pruning\dependency.py", line 785, in _trace
    out = model(example_inputs)
  File "D:\Python\Fedcore\.venv\lib\site-packages\torch\nn\modules\module.py", line 1532, in _wrapped_call_impl
    return self._call_impl(*args, **kwargs)
  File "D:\Python\Fedcore\.venv\lib\site-packages\torch\nn\modules\module.py", line 1541, in _call_impl
    return forward_call(*args, **kwargs)
  File "D:\Python\Fedcore\.venv\lib\site-packages\torchvision\models\resnet.py", line 285, in forward
    return self._forward_impl(x)
  File "D:\Python\Fedcore\.venv\lib\site-packages\torchvision\models\resnet.py", line 268, in _forward_impl
    x = self.conv1(x)
  File "D:\Python\Fedcore\.venv\lib\site-packages\torch\nn\modules\module.py", line 1532, in _wrapped_call_impl
    return self._call_impl(*args, **kwargs)
  File "D:\Python\Fedcore\.venv\lib\site-packages\torch\nn\modules\module.py", line 1541, in _call_impl
    return forward_call(*args, **kwargs)
  File "D:\Python\Fedcore\.venv\lib\site-packages\torch\ao\nn\quantized\modules\conv.py", line 468, in forward
    return ops.quantized.conv2d(
  File "D:\Python\Fedcore\.venv\lib\site-packages\torch\_ops.py", line 854, in __call__
    return self_._op(*args, **(kwargs or {}))
NotImplementedError: Could not run 'quantized::conv2d.new' with arguments from the 'CPU' backend. This could be because the operator doesn't exist for this backend, or was omitted during the selective/custom build process (if using custom build). If you are a Facebook employee using PyTorch on mobile, please visit https://fburl.com/ptmfixes for possible resolutions. 'quantized::conv2d.new' is only available for these backends: [Meta, QuantizedCPU, BackendSelect, Python, FuncTorchDynamicLayerBackMode, Functionalize, Named, Conjugate, Negative, ZeroTensor, ADInplaceOrView, AutogradOther, AutogradCPU, AutogradCUDA, AutogradXLA, AutogradMPS, AutogradXPU, AutogradHPU, AutogradLazy, AutogradMeta, Tracer, AutocastCPU, AutocastCUDA, FuncTorchBatched, BatchedNestedTensor, FuncTorchVmapMode, Batched, VmapMode, FuncTorchGradWrapper, PythonTLSSnapshot, FuncTorchDynamicLayerFrontMode, PreDispatch, PythonDispatcher].

Meta: registered at ..\aten\src\ATen\core\MetaFallbackKernel.cpp:23 [backend fallback]
QuantizedCPU: registered at ..\aten\src\ATen\native\quantized\cpu\qconv.cpp:1928 [kernel]
BackendSelect: fallthrough registered at ..\aten\src\ATen\core\BackendSelectFallbackKernel.cpp:3 [backend fallback]
Python: registered at ..\aten\src\ATen\core\PythonFallbackKernel.cpp:154 [backend fallback]
FuncTorchDynamicLayerBackMode: registered at ..\aten\src\ATen\functorch\DynamicLayer.cpp:497 [backend fallback]
Functionalize: registered at ..\aten\src\ATen\FunctionalizeFallbackKernel.cpp:324 [backend fallback]
Named: registered at ..\aten\src\ATen\core\NamedRegistrations.cpp:7 [backend fallback]
Conjugate: registered at ..\aten\src\ATen\ConjugateFallback.cpp:17 [backend fallback]
Negative: registered at ..\aten\src\ATen\native\NegateFallback.cpp:18 [backend fallback]
ZeroTensor: registered at ..\aten\src\ATen\ZeroTensorFallback.cpp:86 [backend fallback]
ADInplaceOrView: fallthrough registered at ..\aten\src\ATen\core\VariableFallbackKernel.cpp:86 [backend fallback]
AutogradOther: registered at ..\aten\src\ATen\core\VariableFallbackKernel.cpp:53 [backend fallback]
AutogradCPU: registered at ..\aten\src\ATen\core\VariableFallbackKernel.cpp:57 [backend fallback]
AutogradCUDA: registered at ..\aten\src\ATen\core\VariableFallbackKernel.cpp:65 [backend fallback]
AutogradXLA: registered at ..\aten\src\ATen\core\VariableFallbackKernel.cpp:69 [backend fallback]
AutogradMPS: registered at ..\aten\src\ATen\core\VariableFallbackKernel.cpp:77 [backend fallback]
AutogradXPU: registered at ..\aten\src\ATen\core\VariableFallbackKernel.cpp:61 [backend fallback]
AutogradHPU: registered at ..\aten\src\ATen\core\VariableFallbackKernel.cpp:90 [backend fallback]
AutogradLazy: registered at ..\aten\src\ATen\core\VariableFallbackKernel.cpp:73 [backend fallback]
AutogradMeta: registered at ..\aten\src\ATen\core\VariableFallbackKernel.cpp:81 [backend fallback]
Tracer: registered at ..\torch\csrc\autograd\TraceTypeManual.cpp:297 [backend fallback]
AutocastCPU: fallthrough registered at ..\aten\src\ATen\autocast_mode.cpp:378 [backend fallback]
AutocastCUDA: fallthrough registered at ..\aten\src\ATen\autocast_mode.cpp:244 [backend fallback]
FuncTorchBatched: registered at ..\aten\src\ATen\functorch\LegacyBatchingRegistrations.cpp:731 [backend fallback]
BatchedNestedTensor: registered at ..\aten\src\ATen\functorch\LegacyBatchingRegistrations.cpp:758 [backend fallback]
FuncTorchVmapMode: fallthrough registered at ..\aten\src\ATen\functorch\VmapModeRegistrations.cpp:27 [backend fallback]
Batched: registered at ..\aten\src\ATen\LegacyBatchingRegistrations.cpp:1075 [backend fallback]
VmapMode: fallthrough registered at ..\aten\src\ATen\VmapModeRegistrations.cpp:33 [backend fallback]
FuncTorchGradWrapper: registered at ..\aten\src\ATen\functorch\TensorWrapper.cpp:202 [backend fallback]
PythonTLSSnapshot: registered at ..\aten\src\ATen\core\PythonFallbackKernel.cpp:162 [backend fallback]
FuncTorchDynamicLayerFrontMode: registered at ..\aten\src\ATen\functorch\DynamicLayer.cpp:493 [backend fallback]
PreDispatch: registered at ..\aten\src\ATen\core\PythonFallbackKernel.cpp:166 [backend fallback]
PythonDispatcher: registered at ..\aten\src\ATen\core\PythonFallbackKernel.cpp:158 [backend fallback]

Quantized model inference supports CPU only

  0%|                                                                                                                                                               | 0/157 [00:00<?, ?it/s][A  0%|                                                                                                                                                               | 0/157 [00:00<?, ?it/s]
Quantized model inference supports CPU only

  0%|                                                                                                                                                               | 0/157 [00:00<?, ?it/s][A  0%|                                                                                                                                                               | 0/157 [00:00<?, ?it/s]
=======================Prepare original model for pruning=======================
================= Initialisation of meta_pruner pruning agent ==================
===================== Pruning importance - group_magnitude =====================
====================== Pruning ratio - 0.8357142857142857 ======================
========================= Pruning importance norm -  1 =========================
Traceback (most recent call last):
  File "D:\Python\Fedcore\.venv\lib\site-packages\torch_pruning\dependency.py", line 783, in _trace
    out = model(*example_inputs)
  File "D:\Python\Fedcore\.venv\lib\site-packages\torch\nn\modules\module.py", line 1532, in _wrapped_call_impl
    return self._call_impl(*args, **kwargs)
  File "D:\Python\Fedcore\.venv\lib\site-packages\torch\nn\modules\module.py", line 1541, in _call_impl
    return forward_call(*args, **kwargs)
TypeError: ResNet.forward() takes 2 positional arguments but 65 were given

During handling of the above exception, another exception occurred:

Traceback (most recent call last):
  File "D:\Python\Fedcore\fedcore\fedcore\algorithm\pruning\pruners.py", line 145, in fit
    self.pruner = self.pruner(
  File "D:\Python\Fedcore\.venv\lib\site-packages\torch_pruning\pruner\algorithms\group_norm_pruner.py", line 84, in __init__
    super(GroupNormPruner, self).__init__(
  File "D:\Python\Fedcore\.venv\lib\site-packages\torch_pruning\pruner\algorithms\base_pruner.py", line 133, in __init__
    self.DG = dependency.DependencyGraph().build_dependency(
  File "D:\Python\Fedcore\.venv\lib\site-packages\torch_pruning\dependency.py", line 386, in build_dependency
    self.module2node = self._trace(
  File "D:\Python\Fedcore\.venv\lib\site-packages\torch_pruning\dependency.py", line 785, in _trace
    out = model(example_inputs)
  File "D:\Python\Fedcore\.venv\lib\site-packages\torch\nn\modules\module.py", line 1532, in _wrapped_call_impl
    return self._call_impl(*args, **kwargs)
  File "D:\Python\Fedcore\.venv\lib\site-packages\torch\nn\modules\module.py", line 1541, in _call_impl
    return forward_call(*args, **kwargs)
  File "D:\Python\Fedcore\.venv\lib\site-packages\torchvision\models\resnet.py", line 285, in forward
    return self._forward_impl(x)
  File "D:\Python\Fedcore\.venv\lib\site-packages\torchvision\models\resnet.py", line 268, in _forward_impl
    x = self.conv1(x)
  File "D:\Python\Fedcore\.venv\lib\site-packages\torch\nn\modules\module.py", line 1532, in _wrapped_call_impl
    return self._call_impl(*args, **kwargs)
  File "D:\Python\Fedcore\.venv\lib\site-packages\torch\nn\modules\module.py", line 1541, in _call_impl
    return forward_call(*args, **kwargs)
  File "D:\Python\Fedcore\.venv\lib\site-packages\torch\ao\nn\quantized\modules\conv.py", line 468, in forward
    return ops.quantized.conv2d(
  File "D:\Python\Fedcore\.venv\lib\site-packages\torch\_ops.py", line 854, in __call__
    return self_._op(*args, **(kwargs or {}))
NotImplementedError: Could not run 'quantized::conv2d.new' with arguments from the 'CPU' backend. This could be because the operator doesn't exist for this backend, or was omitted during the selective/custom build process (if using custom build). If you are a Facebook employee using PyTorch on mobile, please visit https://fburl.com/ptmfixes for possible resolutions. 'quantized::conv2d.new' is only available for these backends: [Meta, QuantizedCPU, BackendSelect, Python, FuncTorchDynamicLayerBackMode, Functionalize, Named, Conjugate, Negative, ZeroTensor, ADInplaceOrView, AutogradOther, AutogradCPU, AutogradCUDA, AutogradXLA, AutogradMPS, AutogradXPU, AutogradHPU, AutogradLazy, AutogradMeta, Tracer, AutocastCPU, AutocastCUDA, FuncTorchBatched, BatchedNestedTensor, FuncTorchVmapMode, Batched, VmapMode, FuncTorchGradWrapper, PythonTLSSnapshot, FuncTorchDynamicLayerFrontMode, PreDispatch, PythonDispatcher].

Meta: registered at ..\aten\src\ATen\core\MetaFallbackKernel.cpp:23 [backend fallback]
QuantizedCPU: registered at ..\aten\src\ATen\native\quantized\cpu\qconv.cpp:1928 [kernel]
BackendSelect: fallthrough registered at ..\aten\src\ATen\core\BackendSelectFallbackKernel.cpp:3 [backend fallback]
Python: registered at ..\aten\src\ATen\core\PythonFallbackKernel.cpp:154 [backend fallback]
FuncTorchDynamicLayerBackMode: registered at ..\aten\src\ATen\functorch\DynamicLayer.cpp:497 [backend fallback]
Functionalize: registered at ..\aten\src\ATen\FunctionalizeFallbackKernel.cpp:324 [backend fallback]
Named: registered at ..\aten\src\ATen\core\NamedRegistrations.cpp:7 [backend fallback]
Conjugate: registered at ..\aten\src\ATen\ConjugateFallback.cpp:17 [backend fallback]
Negative: registered at ..\aten\src\ATen\native\NegateFallback.cpp:18 [backend fallback]
ZeroTensor: registered at ..\aten\src\ATen\ZeroTensorFallback.cpp:86 [backend fallback]
ADInplaceOrView: fallthrough registered at ..\aten\src\ATen\core\VariableFallbackKernel.cpp:86 [backend fallback]
AutogradOther: registered at ..\aten\src\ATen\core\VariableFallbackKernel.cpp:53 [backend fallback]
AutogradCPU: registered at ..\aten\src\ATen\core\VariableFallbackKernel.cpp:57 [backend fallback]
AutogradCUDA: registered at ..\aten\src\ATen\core\VariableFallbackKernel.cpp:65 [backend fallback]
AutogradXLA: registered at ..\aten\src\ATen\core\VariableFallbackKernel.cpp:69 [backend fallback]
AutogradMPS: registered at ..\aten\src\ATen\core\VariableFallbackKernel.cpp:77 [backend fallback]
AutogradXPU: registered at ..\aten\src\ATen\core\VariableFallbackKernel.cpp:61 [backend fallback]
AutogradHPU: registered at ..\aten\src\ATen\core\VariableFallbackKernel.cpp:90 [backend fallback]
AutogradLazy: registered at ..\aten\src\ATen\core\VariableFallbackKernel.cpp:73 [backend fallback]
AutogradMeta: registered at ..\aten\src\ATen\core\VariableFallbackKernel.cpp:81 [backend fallback]
Tracer: registered at ..\torch\csrc\autograd\TraceTypeManual.cpp:297 [backend fallback]
AutocastCPU: fallthrough registered at ..\aten\src\ATen\autocast_mode.cpp:378 [backend fallback]
AutocastCUDA: fallthrough registered at ..\aten\src\ATen\autocast_mode.cpp:244 [backend fallback]
FuncTorchBatched: registered at ..\aten\src\ATen\functorch\LegacyBatchingRegistrations.cpp:731 [backend fallback]
BatchedNestedTensor: registered at ..\aten\src\ATen\functorch\LegacyBatchingRegistrations.cpp:758 [backend fallback]
FuncTorchVmapMode: fallthrough registered at ..\aten\src\ATen\functorch\VmapModeRegistrations.cpp:27 [backend fallback]
Batched: registered at ..\aten\src\ATen\LegacyBatchingRegistrations.cpp:1075 [backend fallback]
VmapMode: fallthrough registered at ..\aten\src\ATen\VmapModeRegistrations.cpp:33 [backend fallback]
FuncTorchGradWrapper: registered at ..\aten\src\ATen\functorch\TensorWrapper.cpp:202 [backend fallback]
PythonTLSSnapshot: registered at ..\aten\src\ATen\core\PythonFallbackKernel.cpp:162 [backend fallback]
FuncTorchDynamicLayerFrontMode: registered at ..\aten\src\ATen\functorch\DynamicLayer.cpp:493 [backend fallback]
PreDispatch: registered at ..\aten\src\ATen\core\PythonFallbackKernel.cpp:166 [backend fallback]
PythonDispatcher: registered at ..\aten\src\ATen\core\PythonFallbackKernel.cpp:158 [backend fallback]

=======================Prepare original model for pruning=======================
================= Initialisation of meta_pruner pruning agent ==================
======================== Pruning importance - magnitude ========================
============================= Pruning ratio - 0.5 ==============================
========================= Pruning importance norm -  1 =========================
Traceback (most recent call last):
  File "D:\Python\Fedcore\.venv\lib\site-packages\torch_pruning\dependency.py", line 783, in _trace
    out = model(*example_inputs)
  File "D:\Python\Fedcore\.venv\lib\site-packages\torch\nn\modules\module.py", line 1532, in _wrapped_call_impl
    return self._call_impl(*args, **kwargs)
  File "D:\Python\Fedcore\.venv\lib\site-packages\torch\nn\modules\module.py", line 1541, in _call_impl
    return forward_call(*args, **kwargs)
TypeError: ResNet.forward() takes 2 positional arguments but 65 were given

During handling of the above exception, another exception occurred:

Traceback (most recent call last):
  File "D:\Python\Fedcore\fedcore\fedcore\algorithm\pruning\pruners.py", line 145, in fit
    self.pruner = self.pruner(
  File "D:\Python\Fedcore\.venv\lib\site-packages\torch_pruning\pruner\algorithms\base_pruner.py", line 133, in __init__
    self.DG = dependency.DependencyGraph().build_dependency(
  File "D:\Python\Fedcore\.venv\lib\site-packages\torch_pruning\dependency.py", line 386, in build_dependency
    self.module2node = self._trace(
  File "D:\Python\Fedcore\.venv\lib\site-packages\torch_pruning\dependency.py", line 785, in _trace
    out = model(example_inputs)
  File "D:\Python\Fedcore\.venv\lib\site-packages\torch\nn\modules\module.py", line 1532, in _wrapped_call_impl
    return self._call_impl(*args, **kwargs)
  File "D:\Python\Fedcore\.venv\lib\site-packages\torch\nn\modules\module.py", line 1541, in _call_impl
    return forward_call(*args, **kwargs)
  File "D:\Python\Fedcore\.venv\lib\site-packages\torchvision\models\resnet.py", line 285, in forward
    return self._forward_impl(x)
  File "D:\Python\Fedcore\.venv\lib\site-packages\torchvision\models\resnet.py", line 268, in _forward_impl
    x = self.conv1(x)
  File "D:\Python\Fedcore\.venv\lib\site-packages\torch\nn\modules\module.py", line 1532, in _wrapped_call_impl
    return self._call_impl(*args, **kwargs)
  File "D:\Python\Fedcore\.venv\lib\site-packages\torch\nn\modules\module.py", line 1541, in _call_impl
    return forward_call(*args, **kwargs)
  File "D:\Python\Fedcore\.venv\lib\site-packages\torch\ao\nn\quantized\modules\conv.py", line 468, in forward
    return ops.quantized.conv2d(
  File "D:\Python\Fedcore\.venv\lib\site-packages\torch\_ops.py", line 854, in __call__
    return self_._op(*args, **(kwargs or {}))
NotImplementedError: Could not run 'quantized::conv2d.new' with arguments from the 'CPU' backend. This could be because the operator doesn't exist for this backend, or was omitted during the selective/custom build process (if using custom build). If you are a Facebook employee using PyTorch on mobile, please visit https://fburl.com/ptmfixes for possible resolutions. 'quantized::conv2d.new' is only available for these backends: [Meta, QuantizedCPU, BackendSelect, Python, FuncTorchDynamicLayerBackMode, Functionalize, Named, Conjugate, Negative, ZeroTensor, ADInplaceOrView, AutogradOther, AutogradCPU, AutogradCUDA, AutogradXLA, AutogradMPS, AutogradXPU, AutogradHPU, AutogradLazy, AutogradMeta, Tracer, AutocastCPU, AutocastCUDA, FuncTorchBatched, BatchedNestedTensor, FuncTorchVmapMode, Batched, VmapMode, FuncTorchGradWrapper, PythonTLSSnapshot, FuncTorchDynamicLayerFrontMode, PreDispatch, PythonDispatcher].

Meta: registered at ..\aten\src\ATen\core\MetaFallbackKernel.cpp:23 [backend fallback]
QuantizedCPU: registered at ..\aten\src\ATen\native\quantized\cpu\qconv.cpp:1928 [kernel]
BackendSelect: fallthrough registered at ..\aten\src\ATen\core\BackendSelectFallbackKernel.cpp:3 [backend fallback]
Python: registered at ..\aten\src\ATen\core\PythonFallbackKernel.cpp:154 [backend fallback]
FuncTorchDynamicLayerBackMode: registered at ..\aten\src\ATen\functorch\DynamicLayer.cpp:497 [backend fallback]
Functionalize: registered at ..\aten\src\ATen\FunctionalizeFallbackKernel.cpp:324 [backend fallback]
Named: registered at ..\aten\src\ATen\core\NamedRegistrations.cpp:7 [backend fallback]
Conjugate: registered at ..\aten\src\ATen\ConjugateFallback.cpp:17 [backend fallback]
Negative: registered at ..\aten\src\ATen\native\NegateFallback.cpp:18 [backend fallback]
ZeroTensor: registered at ..\aten\src\ATen\ZeroTensorFallback.cpp:86 [backend fallback]
ADInplaceOrView: fallthrough registered at ..\aten\src\ATen\core\VariableFallbackKernel.cpp:86 [backend fallback]
AutogradOther: registered at ..\aten\src\ATen\core\VariableFallbackKernel.cpp:53 [backend fallback]
AutogradCPU: registered at ..\aten\src\ATen\core\VariableFallbackKernel.cpp:57 [backend fallback]
AutogradCUDA: registered at ..\aten\src\ATen\core\VariableFallbackKernel.cpp:65 [backend fallback]
AutogradXLA: registered at ..\aten\src\ATen\core\VariableFallbackKernel.cpp:69 [backend fallback]
AutogradMPS: registered at ..\aten\src\ATen\core\VariableFallbackKernel.cpp:77 [backend fallback]
AutogradXPU: registered at ..\aten\src\ATen\core\VariableFallbackKernel.cpp:61 [backend fallback]
AutogradHPU: registered at ..\aten\src\ATen\core\VariableFallbackKernel.cpp:90 [backend fallback]
AutogradLazy: registered at ..\aten\src\ATen\core\VariableFallbackKernel.cpp:73 [backend fallback]
AutogradMeta: registered at ..\aten\src\ATen\core\VariableFallbackKernel.cpp:81 [backend fallback]
Tracer: registered at ..\torch\csrc\autograd\TraceTypeManual.cpp:297 [backend fallback]
AutocastCPU: fallthrough registered at ..\aten\src\ATen\autocast_mode.cpp:378 [backend fallback]
AutocastCUDA: fallthrough registered at ..\aten\src\ATen\autocast_mode.cpp:244 [backend fallback]
FuncTorchBatched: registered at ..\aten\src\ATen\functorch\LegacyBatchingRegistrations.cpp:731 [backend fallback]
BatchedNestedTensor: registered at ..\aten\src\ATen\functorch\LegacyBatchingRegistrations.cpp:758 [backend fallback]
FuncTorchVmapMode: fallthrough registered at ..\aten\src\ATen\functorch\VmapModeRegistrations.cpp:27 [backend fallback]
Batched: registered at ..\aten\src\ATen\LegacyBatchingRegistrations.cpp:1075 [backend fallback]
VmapMode: fallthrough registered at ..\aten\src\ATen\VmapModeRegistrations.cpp:33 [backend fallback]
FuncTorchGradWrapper: registered at ..\aten\src\ATen\functorch\TensorWrapper.cpp:202 [backend fallback]
PythonTLSSnapshot: registered at ..\aten\src\ATen\core\PythonFallbackKernel.cpp:162 [backend fallback]
FuncTorchDynamicLayerFrontMode: registered at ..\aten\src\ATen\functorch\DynamicLayer.cpp:493 [backend fallback]
PreDispatch: registered at ..\aten\src\ATen\core\PythonFallbackKernel.cpp:166 [backend fallback]
PythonDispatcher: registered at ..\aten\src\ATen\core\PythonFallbackKernel.cpp:158 [backend fallback]

Quantized model inference supports CPU only

  0%|                                                                                                                                                               | 0/157 [00:00<?, ?it/s][A  0%|                                                                                                                                                               | 0/157 [00:00<?, ?it/s]
Quantized model inference supports CPU only

  0%|                                                                                                                                                               | 0/157 [00:00<?, ?it/s][A  0%|                                                                                                                                                               | 0/157 [00:00<?, ?it/s]
=======================Prepare original model for pruning=======================
================= Initialisation of meta_pruner pruning agent ==================
======================== Pruning importance - magnitude ========================
============================= Pruning ratio - 0.15 =============================
========================= Pruning importance norm -  1 =========================
Traceback (most recent call last):
  File "D:\Python\Fedcore\.venv\lib\site-packages\torch_pruning\dependency.py", line 783, in _trace
    out = model(*example_inputs)
  File "D:\Python\Fedcore\.venv\lib\site-packages\torch\nn\modules\module.py", line 1532, in _wrapped_call_impl
    return self._call_impl(*args, **kwargs)
  File "D:\Python\Fedcore\.venv\lib\site-packages\torch\nn\modules\module.py", line 1541, in _call_impl
    return forward_call(*args, **kwargs)
TypeError: ResNet.forward() takes 2 positional arguments but 65 were given

During handling of the above exception, another exception occurred:

Traceback (most recent call last):
  File "D:\Python\Fedcore\fedcore\fedcore\algorithm\pruning\pruners.py", line 145, in fit
    self.pruner = self.pruner(
  File "D:\Python\Fedcore\.venv\lib\site-packages\torch_pruning\pruner\algorithms\base_pruner.py", line 133, in __init__
    self.DG = dependency.DependencyGraph().build_dependency(
  File "D:\Python\Fedcore\.venv\lib\site-packages\torch_pruning\dependency.py", line 386, in build_dependency
    self.module2node = self._trace(
  File "D:\Python\Fedcore\.venv\lib\site-packages\torch_pruning\dependency.py", line 785, in _trace
    out = model(example_inputs)
  File "D:\Python\Fedcore\.venv\lib\site-packages\torch\nn\modules\module.py", line 1532, in _wrapped_call_impl
    return self._call_impl(*args, **kwargs)
  File "D:\Python\Fedcore\.venv\lib\site-packages\torch\nn\modules\module.py", line 1541, in _call_impl
    return forward_call(*args, **kwargs)
  File "D:\Python\Fedcore\.venv\lib\site-packages\torchvision\models\resnet.py", line 285, in forward
    return self._forward_impl(x)
  File "D:\Python\Fedcore\.venv\lib\site-packages\torchvision\models\resnet.py", line 268, in _forward_impl
    x = self.conv1(x)
  File "D:\Python\Fedcore\.venv\lib\site-packages\torch\nn\modules\module.py", line 1532, in _wrapped_call_impl
    return self._call_impl(*args, **kwargs)
  File "D:\Python\Fedcore\.venv\lib\site-packages\torch\nn\modules\module.py", line 1541, in _call_impl
    return forward_call(*args, **kwargs)
  File "D:\Python\Fedcore\.venv\lib\site-packages\torch\ao\nn\quantized\modules\conv.py", line 468, in forward
    return ops.quantized.conv2d(
  File "D:\Python\Fedcore\.venv\lib\site-packages\torch\_ops.py", line 854, in __call__
    return self_._op(*args, **(kwargs or {}))
NotImplementedError: Could not run 'quantized::conv2d.new' with arguments from the 'CPU' backend. This could be because the operator doesn't exist for this backend, or was omitted during the selective/custom build process (if using custom build). If you are a Facebook employee using PyTorch on mobile, please visit https://fburl.com/ptmfixes for possible resolutions. 'quantized::conv2d.new' is only available for these backends: [Meta, QuantizedCPU, BackendSelect, Python, FuncTorchDynamicLayerBackMode, Functionalize, Named, Conjugate, Negative, ZeroTensor, ADInplaceOrView, AutogradOther, AutogradCPU, AutogradCUDA, AutogradXLA, AutogradMPS, AutogradXPU, AutogradHPU, AutogradLazy, AutogradMeta, Tracer, AutocastCPU, AutocastCUDA, FuncTorchBatched, BatchedNestedTensor, FuncTorchVmapMode, Batched, VmapMode, FuncTorchGradWrapper, PythonTLSSnapshot, FuncTorchDynamicLayerFrontMode, PreDispatch, PythonDispatcher].

Meta: registered at ..\aten\src\ATen\core\MetaFallbackKernel.cpp:23 [backend fallback]
QuantizedCPU: registered at ..\aten\src\ATen\native\quantized\cpu\qconv.cpp:1928 [kernel]
BackendSelect: fallthrough registered at ..\aten\src\ATen\core\BackendSelectFallbackKernel.cpp:3 [backend fallback]
Python: registered at ..\aten\src\ATen\core\PythonFallbackKernel.cpp:154 [backend fallback]
FuncTorchDynamicLayerBackMode: registered at ..\aten\src\ATen\functorch\DynamicLayer.cpp:497 [backend fallback]
Functionalize: registered at ..\aten\src\ATen\FunctionalizeFallbackKernel.cpp:324 [backend fallback]
Named: registered at ..\aten\src\ATen\core\NamedRegistrations.cpp:7 [backend fallback]
Conjugate: registered at ..\aten\src\ATen\ConjugateFallback.cpp:17 [backend fallback]
Negative: registered at ..\aten\src\ATen\native\NegateFallback.cpp:18 [backend fallback]
ZeroTensor: registered at ..\aten\src\ATen\ZeroTensorFallback.cpp:86 [backend fallback]
ADInplaceOrView: fallthrough registered at ..\aten\src\ATen\core\VariableFallbackKernel.cpp:86 [backend fallback]
AutogradOther: registered at ..\aten\src\ATen\core\VariableFallbackKernel.cpp:53 [backend fallback]
AutogradCPU: registered at ..\aten\src\ATen\core\VariableFallbackKernel.cpp:57 [backend fallback]
AutogradCUDA: registered at ..\aten\src\ATen\core\VariableFallbackKernel.cpp:65 [backend fallback]
AutogradXLA: registered at ..\aten\src\ATen\core\VariableFallbackKernel.cpp:69 [backend fallback]
AutogradMPS: registered at ..\aten\src\ATen\core\VariableFallbackKernel.cpp:77 [backend fallback]
AutogradXPU: registered at ..\aten\src\ATen\core\VariableFallbackKernel.cpp:61 [backend fallback]
AutogradHPU: registered at ..\aten\src\ATen\core\VariableFallbackKernel.cpp:90 [backend fallback]
AutogradLazy: registered at ..\aten\src\ATen\core\VariableFallbackKernel.cpp:73 [backend fallback]
AutogradMeta: registered at ..\aten\src\ATen\core\VariableFallbackKernel.cpp:81 [backend fallback]
Tracer: registered at ..\torch\csrc\autograd\TraceTypeManual.cpp:297 [backend fallback]
AutocastCPU: fallthrough registered at ..\aten\src\ATen\autocast_mode.cpp:378 [backend fallback]
AutocastCUDA: fallthrough registered at ..\aten\src\ATen\autocast_mode.cpp:244 [backend fallback]
FuncTorchBatched: registered at ..\aten\src\ATen\functorch\LegacyBatchingRegistrations.cpp:731 [backend fallback]
BatchedNestedTensor: registered at ..\aten\src\ATen\functorch\LegacyBatchingRegistrations.cpp:758 [backend fallback]
FuncTorchVmapMode: fallthrough registered at ..\aten\src\ATen\functorch\VmapModeRegistrations.cpp:27 [backend fallback]
Batched: registered at ..\aten\src\ATen\LegacyBatchingRegistrations.cpp:1075 [backend fallback]
VmapMode: fallthrough registered at ..\aten\src\ATen\VmapModeRegistrations.cpp:33 [backend fallback]
FuncTorchGradWrapper: registered at ..\aten\src\ATen\functorch\TensorWrapper.cpp:202 [backend fallback]
PythonTLSSnapshot: registered at ..\aten\src\ATen\core\PythonFallbackKernel.cpp:162 [backend fallback]
FuncTorchDynamicLayerFrontMode: registered at ..\aten\src\ATen\functorch\DynamicLayer.cpp:493 [backend fallback]
PreDispatch: registered at ..\aten\src\ATen\core\PythonFallbackKernel.cpp:166 [backend fallback]
PythonDispatcher: registered at ..\aten\src\ATen\core\PythonFallbackKernel.cpp:158 [backend fallback]

=======================Prepare original model for pruning=======================
================= Initialisation of meta_pruner pruning agent ==================
======================== Pruning importance - magnitude ========================
============================= Pruning ratio - 0.5 ==============================
========================= Pruning importance norm -  1 =========================
Traceback (most recent call last):
  File "D:\Python\Fedcore\.venv\lib\site-packages\torch_pruning\dependency.py", line 783, in _trace
    out = model(*example_inputs)
  File "D:\Python\Fedcore\.venv\lib\site-packages\torch\nn\modules\module.py", line 1532, in _wrapped_call_impl
    return self._call_impl(*args, **kwargs)
  File "D:\Python\Fedcore\.venv\lib\site-packages\torch\nn\modules\module.py", line 1541, in _call_impl
    return forward_call(*args, **kwargs)
TypeError: ResNet.forward() takes 2 positional arguments but 65 were given

During handling of the above exception, another exception occurred:

Traceback (most recent call last):
  File "D:\Python\Fedcore\fedcore\fedcore\algorithm\pruning\pruners.py", line 145, in fit
    self.pruner = self.pruner(
  File "D:\Python\Fedcore\.venv\lib\site-packages\torch_pruning\pruner\algorithms\base_pruner.py", line 133, in __init__
    self.DG = dependency.DependencyGraph().build_dependency(
  File "D:\Python\Fedcore\.venv\lib\site-packages\torch_pruning\dependency.py", line 386, in build_dependency
    self.module2node = self._trace(
  File "D:\Python\Fedcore\.venv\lib\site-packages\torch_pruning\dependency.py", line 785, in _trace
    out = model(example_inputs)
  File "D:\Python\Fedcore\.venv\lib\site-packages\torch\nn\modules\module.py", line 1532, in _wrapped_call_impl
    return self._call_impl(*args, **kwargs)
  File "D:\Python\Fedcore\.venv\lib\site-packages\torch\nn\modules\module.py", line 1541, in _call_impl
    return forward_call(*args, **kwargs)
  File "D:\Python\Fedcore\.venv\lib\site-packages\torchvision\models\resnet.py", line 285, in forward
    return self._forward_impl(x)
  File "D:\Python\Fedcore\.venv\lib\site-packages\torchvision\models\resnet.py", line 268, in _forward_impl
    x = self.conv1(x)
  File "D:\Python\Fedcore\.venv\lib\site-packages\torch\nn\modules\module.py", line 1532, in _wrapped_call_impl
    return self._call_impl(*args, **kwargs)
  File "D:\Python\Fedcore\.venv\lib\site-packages\torch\nn\modules\module.py", line 1541, in _call_impl
    return forward_call(*args, **kwargs)
  File "D:\Python\Fedcore\.venv\lib\site-packages\torch\ao\nn\quantized\modules\conv.py", line 468, in forward
    return ops.quantized.conv2d(
  File "D:\Python\Fedcore\.venv\lib\site-packages\torch\_ops.py", line 854, in __call__
    return self_._op(*args, **(kwargs or {}))
NotImplementedError: Could not run 'quantized::conv2d.new' with arguments from the 'CPU' backend. This could be because the operator doesn't exist for this backend, or was omitted during the selective/custom build process (if using custom build). If you are a Facebook employee using PyTorch on mobile, please visit https://fburl.com/ptmfixes for possible resolutions. 'quantized::conv2d.new' is only available for these backends: [Meta, QuantizedCPU, BackendSelect, Python, FuncTorchDynamicLayerBackMode, Functionalize, Named, Conjugate, Negative, ZeroTensor, ADInplaceOrView, AutogradOther, AutogradCPU, AutogradCUDA, AutogradXLA, AutogradMPS, AutogradXPU, AutogradHPU, AutogradLazy, AutogradMeta, Tracer, AutocastCPU, AutocastCUDA, FuncTorchBatched, BatchedNestedTensor, FuncTorchVmapMode, Batched, VmapMode, FuncTorchGradWrapper, PythonTLSSnapshot, FuncTorchDynamicLayerFrontMode, PreDispatch, PythonDispatcher].

Meta: registered at ..\aten\src\ATen\core\MetaFallbackKernel.cpp:23 [backend fallback]
QuantizedCPU: registered at ..\aten\src\ATen\native\quantized\cpu\qconv.cpp:1928 [kernel]
BackendSelect: fallthrough registered at ..\aten\src\ATen\core\BackendSelectFallbackKernel.cpp:3 [backend fallback]
Python: registered at ..\aten\src\ATen\core\PythonFallbackKernel.cpp:154 [backend fallback]
FuncTorchDynamicLayerBackMode: registered at ..\aten\src\ATen\functorch\DynamicLayer.cpp:497 [backend fallback]
Functionalize: registered at ..\aten\src\ATen\FunctionalizeFallbackKernel.cpp:324 [backend fallback]
Named: registered at ..\aten\src\ATen\core\NamedRegistrations.cpp:7 [backend fallback]
Conjugate: registered at ..\aten\src\ATen\ConjugateFallback.cpp:17 [backend fallback]
Negative: registered at ..\aten\src\ATen\native\NegateFallback.cpp:18 [backend fallback]
ZeroTensor: registered at ..\aten\src\ATen\ZeroTensorFallback.cpp:86 [backend fallback]
ADInplaceOrView: fallthrough registered at ..\aten\src\ATen\core\VariableFallbackKernel.cpp:86 [backend fallback]
AutogradOther: registered at ..\aten\src\ATen\core\VariableFallbackKernel.cpp:53 [backend fallback]
AutogradCPU: registered at ..\aten\src\ATen\core\VariableFallbackKernel.cpp:57 [backend fallback]
AutogradCUDA: registered at ..\aten\src\ATen\core\VariableFallbackKernel.cpp:65 [backend fallback]
AutogradXLA: registered at ..\aten\src\ATen\core\VariableFallbackKernel.cpp:69 [backend fallback]
AutogradMPS: registered at ..\aten\src\ATen\core\VariableFallbackKernel.cpp:77 [backend fallback]
AutogradXPU: registered at ..\aten\src\ATen\core\VariableFallbackKernel.cpp:61 [backend fallback]
AutogradHPU: registered at ..\aten\src\ATen\core\VariableFallbackKernel.cpp:90 [backend fallback]
AutogradLazy: registered at ..\aten\src\ATen\core\VariableFallbackKernel.cpp:73 [backend fallback]
AutogradMeta: registered at ..\aten\src\ATen\core\VariableFallbackKernel.cpp:81 [backend fallback]
Tracer: registered at ..\torch\csrc\autograd\TraceTypeManual.cpp:297 [backend fallback]
AutocastCPU: fallthrough registered at ..\aten\src\ATen\autocast_mode.cpp:378 [backend fallback]
AutocastCUDA: fallthrough registered at ..\aten\src\ATen\autocast_mode.cpp:244 [backend fallback]
FuncTorchBatched: registered at ..\aten\src\ATen\functorch\LegacyBatchingRegistrations.cpp:731 [backend fallback]
BatchedNestedTensor: registered at ..\aten\src\ATen\functorch\LegacyBatchingRegistrations.cpp:758 [backend fallback]
FuncTorchVmapMode: fallthrough registered at ..\aten\src\ATen\functorch\VmapModeRegistrations.cpp:27 [backend fallback]
Batched: registered at ..\aten\src\ATen\LegacyBatchingRegistrations.cpp:1075 [backend fallback]
VmapMode: fallthrough registered at ..\aten\src\ATen\VmapModeRegistrations.cpp:33 [backend fallback]
FuncTorchGradWrapper: registered at ..\aten\src\ATen\functorch\TensorWrapper.cpp:202 [backend fallback]
PythonTLSSnapshot: registered at ..\aten\src\ATen\core\PythonFallbackKernel.cpp:162 [backend fallback]
FuncTorchDynamicLayerFrontMode: registered at ..\aten\src\ATen\functorch\DynamicLayer.cpp:493 [backend fallback]
PreDispatch: registered at ..\aten\src\ATen\core\PythonFallbackKernel.cpp:166 [backend fallback]
PythonDispatcher: registered at ..\aten\src\ATen\core\PythonFallbackKernel.cpp:158 [backend fallback]

Quantized model inference supports CPU only

  0%|                                                                                                                                                               | 0/157 [00:00<?, ?it/s][A  0%|                                                                                                                                                               | 0/157 [00:00<?, ?it/s]
Quantized model inference supports CPU only

  0%|                                                                                                                                                               | 0/157 [00:00<?, ?it/s][A  0%|                                                                                                                                                               | 0/157 [00:00<?, ?it/s]
=======================Prepare original model for pruning=======================
================= Initialisation of meta_pruner pruning agent ==================
========================== Pruning importance - lamp ===========================
============================= Pruning ratio - 0.95 =============================
========================= Pruning importance norm -  2 =========================
Traceback (most recent call last):
  File "D:\Python\Fedcore\.venv\lib\site-packages\torch_pruning\dependency.py", line 783, in _trace
    out = model(*example_inputs)
  File "D:\Python\Fedcore\.venv\lib\site-packages\torch\nn\modules\module.py", line 1532, in _wrapped_call_impl
    return self._call_impl(*args, **kwargs)
  File "D:\Python\Fedcore\.venv\lib\site-packages\torch\nn\modules\module.py", line 1541, in _call_impl
    return forward_call(*args, **kwargs)
TypeError: ResNet.forward() takes 2 positional arguments but 65 were given

During handling of the above exception, another exception occurred:

Traceback (most recent call last):
  File "D:\Python\Fedcore\fedcore\fedcore\algorithm\pruning\pruners.py", line 145, in fit
    self.pruner = self.pruner(
  File "D:\Python\Fedcore\.venv\lib\site-packages\torch_pruning\pruner\algorithms\base_pruner.py", line 133, in __init__
    self.DG = dependency.DependencyGraph().build_dependency(
  File "D:\Python\Fedcore\.venv\lib\site-packages\torch_pruning\dependency.py", line 386, in build_dependency
    self.module2node = self._trace(
  File "D:\Python\Fedcore\.venv\lib\site-packages\torch_pruning\dependency.py", line 785, in _trace
    out = model(example_inputs)
  File "D:\Python\Fedcore\.venv\lib\site-packages\torch\nn\modules\module.py", line 1532, in _wrapped_call_impl
    return self._call_impl(*args, **kwargs)
  File "D:\Python\Fedcore\.venv\lib\site-packages\torch\nn\modules\module.py", line 1541, in _call_impl
    return forward_call(*args, **kwargs)
  File "D:\Python\Fedcore\.venv\lib\site-packages\torchvision\models\resnet.py", line 285, in forward
    return self._forward_impl(x)
  File "D:\Python\Fedcore\.venv\lib\site-packages\torchvision\models\resnet.py", line 268, in _forward_impl
    x = self.conv1(x)
  File "D:\Python\Fedcore\.venv\lib\site-packages\torch\nn\modules\module.py", line 1532, in _wrapped_call_impl
    return self._call_impl(*args, **kwargs)
  File "D:\Python\Fedcore\.venv\lib\site-packages\torch\nn\modules\module.py", line 1541, in _call_impl
    return forward_call(*args, **kwargs)
  File "D:\Python\Fedcore\.venv\lib\site-packages\torch\ao\nn\quantized\modules\conv.py", line 468, in forward
    return ops.quantized.conv2d(
  File "D:\Python\Fedcore\.venv\lib\site-packages\torch\_ops.py", line 854, in __call__
    return self_._op(*args, **(kwargs or {}))
NotImplementedError: Could not run 'quantized::conv2d.new' with arguments from the 'CPU' backend. This could be because the operator doesn't exist for this backend, or was omitted during the selective/custom build process (if using custom build). If you are a Facebook employee using PyTorch on mobile, please visit https://fburl.com/ptmfixes for possible resolutions. 'quantized::conv2d.new' is only available for these backends: [Meta, QuantizedCPU, BackendSelect, Python, FuncTorchDynamicLayerBackMode, Functionalize, Named, Conjugate, Negative, ZeroTensor, ADInplaceOrView, AutogradOther, AutogradCPU, AutogradCUDA, AutogradXLA, AutogradMPS, AutogradXPU, AutogradHPU, AutogradLazy, AutogradMeta, Tracer, AutocastCPU, AutocastCUDA, FuncTorchBatched, BatchedNestedTensor, FuncTorchVmapMode, Batched, VmapMode, FuncTorchGradWrapper, PythonTLSSnapshot, FuncTorchDynamicLayerFrontMode, PreDispatch, PythonDispatcher].

Meta: registered at ..\aten\src\ATen\core\MetaFallbackKernel.cpp:23 [backend fallback]
QuantizedCPU: registered at ..\aten\src\ATen\native\quantized\cpu\qconv.cpp:1928 [kernel]
BackendSelect: fallthrough registered at ..\aten\src\ATen\core\BackendSelectFallbackKernel.cpp:3 [backend fallback]
Python: registered at ..\aten\src\ATen\core\PythonFallbackKernel.cpp:154 [backend fallback]
FuncTorchDynamicLayerBackMode: registered at ..\aten\src\ATen\functorch\DynamicLayer.cpp:497 [backend fallback]
Functionalize: registered at ..\aten\src\ATen\FunctionalizeFallbackKernel.cpp:324 [backend fallback]
Named: registered at ..\aten\src\ATen\core\NamedRegistrations.cpp:7 [backend fallback]
Conjugate: registered at ..\aten\src\ATen\ConjugateFallback.cpp:17 [backend fallback]
Negative: registered at ..\aten\src\ATen\native\NegateFallback.cpp:18 [backend fallback]
ZeroTensor: registered at ..\aten\src\ATen\ZeroTensorFallback.cpp:86 [backend fallback]
ADInplaceOrView: fallthrough registered at ..\aten\src\ATen\core\VariableFallbackKernel.cpp:86 [backend fallback]
AutogradOther: registered at ..\aten\src\ATen\core\VariableFallbackKernel.cpp:53 [backend fallback]
AutogradCPU: registered at ..\aten\src\ATen\core\VariableFallbackKernel.cpp:57 [backend fallback]
AutogradCUDA: registered at ..\aten\src\ATen\core\VariableFallbackKernel.cpp:65 [backend fallback]
AutogradXLA: registered at ..\aten\src\ATen\core\VariableFallbackKernel.cpp:69 [backend fallback]
AutogradMPS: registered at ..\aten\src\ATen\core\VariableFallbackKernel.cpp:77 [backend fallback]
AutogradXPU: registered at ..\aten\src\ATen\core\VariableFallbackKernel.cpp:61 [backend fallback]
AutogradHPU: registered at ..\aten\src\ATen\core\VariableFallbackKernel.cpp:90 [backend fallback]
AutogradLazy: registered at ..\aten\src\ATen\core\VariableFallbackKernel.cpp:73 [backend fallback]
AutogradMeta: registered at ..\aten\src\ATen\core\VariableFallbackKernel.cpp:81 [backend fallback]
Tracer: registered at ..\torch\csrc\autograd\TraceTypeManual.cpp:297 [backend fallback]
AutocastCPU: fallthrough registered at ..\aten\src\ATen\autocast_mode.cpp:378 [backend fallback]
AutocastCUDA: fallthrough registered at ..\aten\src\ATen\autocast_mode.cpp:244 [backend fallback]
FuncTorchBatched: registered at ..\aten\src\ATen\functorch\LegacyBatchingRegistrations.cpp:731 [backend fallback]
BatchedNestedTensor: registered at ..\aten\src\ATen\functorch\LegacyBatchingRegistrations.cpp:758 [backend fallback]
FuncTorchVmapMode: fallthrough registered at ..\aten\src\ATen\functorch\VmapModeRegistrations.cpp:27 [backend fallback]
Batched: registered at ..\aten\src\ATen\LegacyBatchingRegistrations.cpp:1075 [backend fallback]
VmapMode: fallthrough registered at ..\aten\src\ATen\VmapModeRegistrations.cpp:33 [backend fallback]
FuncTorchGradWrapper: registered at ..\aten\src\ATen\functorch\TensorWrapper.cpp:202 [backend fallback]
PythonTLSSnapshot: registered at ..\aten\src\ATen\core\PythonFallbackKernel.cpp:162 [backend fallback]
FuncTorchDynamicLayerFrontMode: registered at ..\aten\src\ATen\functorch\DynamicLayer.cpp:493 [backend fallback]
PreDispatch: registered at ..\aten\src\ATen\core\PythonFallbackKernel.cpp:166 [backend fallback]
PythonDispatcher: registered at ..\aten\src\ATen\core\PythonFallbackKernel.cpp:158 [backend fallback]

=======================Prepare original model for pruning=======================
================= Initialisation of meta_pruner pruning agent ==================
======================== Pruning importance - magnitude ========================
============================= Pruning ratio - 0.5 ==============================
========================= Pruning importance norm -  1 =========================
Traceback (most recent call last):
  File "D:\Python\Fedcore\.venv\lib\site-packages\torch_pruning\dependency.py", line 783, in _trace
    out = model(*example_inputs)
  File "D:\Python\Fedcore\.venv\lib\site-packages\torch\nn\modules\module.py", line 1532, in _wrapped_call_impl
    return self._call_impl(*args, **kwargs)
  File "D:\Python\Fedcore\.venv\lib\site-packages\torch\nn\modules\module.py", line 1541, in _call_impl
    return forward_call(*args, **kwargs)
TypeError: ResNet.forward() takes 2 positional arguments but 65 were given

During handling of the above exception, another exception occurred:

Traceback (most recent call last):
  File "D:\Python\Fedcore\fedcore\fedcore\algorithm\pruning\pruners.py", line 145, in fit
    self.pruner = self.pruner(
  File "D:\Python\Fedcore\.venv\lib\site-packages\torch_pruning\pruner\algorithms\base_pruner.py", line 133, in __init__
    self.DG = dependency.DependencyGraph().build_dependency(
  File "D:\Python\Fedcore\.venv\lib\site-packages\torch_pruning\dependency.py", line 386, in build_dependency
    self.module2node = self._trace(
  File "D:\Python\Fedcore\.venv\lib\site-packages\torch_pruning\dependency.py", line 785, in _trace
    out = model(example_inputs)
  File "D:\Python\Fedcore\.venv\lib\site-packages\torch\nn\modules\module.py", line 1532, in _wrapped_call_impl
    return self._call_impl(*args, **kwargs)
  File "D:\Python\Fedcore\.venv\lib\site-packages\torch\nn\modules\module.py", line 1541, in _call_impl
    return forward_call(*args, **kwargs)
  File "D:\Python\Fedcore\.venv\lib\site-packages\torchvision\models\resnet.py", line 285, in forward
    return self._forward_impl(x)
  File "D:\Python\Fedcore\.venv\lib\site-packages\torchvision\models\resnet.py", line 268, in _forward_impl
    x = self.conv1(x)
  File "D:\Python\Fedcore\.venv\lib\site-packages\torch\nn\modules\module.py", line 1532, in _wrapped_call_impl
    return self._call_impl(*args, **kwargs)
  File "D:\Python\Fedcore\.venv\lib\site-packages\torch\nn\modules\module.py", line 1541, in _call_impl
    return forward_call(*args, **kwargs)
  File "D:\Python\Fedcore\.venv\lib\site-packages\torch\ao\nn\quantized\modules\conv.py", line 468, in forward
    return ops.quantized.conv2d(
  File "D:\Python\Fedcore\.venv\lib\site-packages\torch\_ops.py", line 854, in __call__
    return self_._op(*args, **(kwargs or {}))
NotImplementedError: Could not run 'quantized::conv2d.new' with arguments from the 'CPU' backend. This could be because the operator doesn't exist for this backend, or was omitted during the selective/custom build process (if using custom build). If you are a Facebook employee using PyTorch on mobile, please visit https://fburl.com/ptmfixes for possible resolutions. 'quantized::conv2d.new' is only available for these backends: [Meta, QuantizedCPU, BackendSelect, Python, FuncTorchDynamicLayerBackMode, Functionalize, Named, Conjugate, Negative, ZeroTensor, ADInplaceOrView, AutogradOther, AutogradCPU, AutogradCUDA, AutogradXLA, AutogradMPS, AutogradXPU, AutogradHPU, AutogradLazy, AutogradMeta, Tracer, AutocastCPU, AutocastCUDA, FuncTorchBatched, BatchedNestedTensor, FuncTorchVmapMode, Batched, VmapMode, FuncTorchGradWrapper, PythonTLSSnapshot, FuncTorchDynamicLayerFrontMode, PreDispatch, PythonDispatcher].

Meta: registered at ..\aten\src\ATen\core\MetaFallbackKernel.cpp:23 [backend fallback]
QuantizedCPU: registered at ..\aten\src\ATen\native\quantized\cpu\qconv.cpp:1928 [kernel]
BackendSelect: fallthrough registered at ..\aten\src\ATen\core\BackendSelectFallbackKernel.cpp:3 [backend fallback]
Python: registered at ..\aten\src\ATen\core\PythonFallbackKernel.cpp:154 [backend fallback]
FuncTorchDynamicLayerBackMode: registered at ..\aten\src\ATen\functorch\DynamicLayer.cpp:497 [backend fallback]
Functionalize: registered at ..\aten\src\ATen\FunctionalizeFallbackKernel.cpp:324 [backend fallback]
Named: registered at ..\aten\src\ATen\core\NamedRegistrations.cpp:7 [backend fallback]
Conjugate: registered at ..\aten\src\ATen\ConjugateFallback.cpp:17 [backend fallback]
Negative: registered at ..\aten\src\ATen\native\NegateFallback.cpp:18 [backend fallback]
ZeroTensor: registered at ..\aten\src\ATen\ZeroTensorFallback.cpp:86 [backend fallback]
ADInplaceOrView: fallthrough registered at ..\aten\src\ATen\core\VariableFallbackKernel.cpp:86 [backend fallback]
AutogradOther: registered at ..\aten\src\ATen\core\VariableFallbackKernel.cpp:53 [backend fallback]
AutogradCPU: registered at ..\aten\src\ATen\core\VariableFallbackKernel.cpp:57 [backend fallback]
AutogradCUDA: registered at ..\aten\src\ATen\core\VariableFallbackKernel.cpp:65 [backend fallback]
AutogradXLA: registered at ..\aten\src\ATen\core\VariableFallbackKernel.cpp:69 [backend fallback]
AutogradMPS: registered at ..\aten\src\ATen\core\VariableFallbackKernel.cpp:77 [backend fallback]
AutogradXPU: registered at ..\aten\src\ATen\core\VariableFallbackKernel.cpp:61 [backend fallback]
AutogradHPU: registered at ..\aten\src\ATen\core\VariableFallbackKernel.cpp:90 [backend fallback]
AutogradLazy: registered at ..\aten\src\ATen\core\VariableFallbackKernel.cpp:73 [backend fallback]
AutogradMeta: registered at ..\aten\src\ATen\core\VariableFallbackKernel.cpp:81 [backend fallback]
Tracer: registered at ..\torch\csrc\autograd\TraceTypeManual.cpp:297 [backend fallback]
AutocastCPU: fallthrough registered at ..\aten\src\ATen\autocast_mode.cpp:378 [backend fallback]
AutocastCUDA: fallthrough registered at ..\aten\src\ATen\autocast_mode.cpp:244 [backend fallback]
FuncTorchBatched: registered at ..\aten\src\ATen\functorch\LegacyBatchingRegistrations.cpp:731 [backend fallback]
BatchedNestedTensor: registered at ..\aten\src\ATen\functorch\LegacyBatchingRegistrations.cpp:758 [backend fallback]
FuncTorchVmapMode: fallthrough registered at ..\aten\src\ATen\functorch\VmapModeRegistrations.cpp:27 [backend fallback]
Batched: registered at ..\aten\src\ATen\LegacyBatchingRegistrations.cpp:1075 [backend fallback]
VmapMode: fallthrough registered at ..\aten\src\ATen\VmapModeRegistrations.cpp:33 [backend fallback]
FuncTorchGradWrapper: registered at ..\aten\src\ATen\functorch\TensorWrapper.cpp:202 [backend fallback]
PythonTLSSnapshot: registered at ..\aten\src\ATen\core\PythonFallbackKernel.cpp:162 [backend fallback]
FuncTorchDynamicLayerFrontMode: registered at ..\aten\src\ATen\functorch\DynamicLayer.cpp:493 [backend fallback]
PreDispatch: registered at ..\aten\src\ATen\core\PythonFallbackKernel.cpp:166 [backend fallback]
PythonDispatcher: registered at ..\aten\src\ATen\core\PythonFallbackKernel.cpp:158 [backend fallback]

Quantized model inference supports CPU only

  0%|                                                                                                                                                               | 0/157 [00:00<?, ?it/s][A  0%|                                                                                                                                                               | 0/157 [00:00<?, ?it/s]
Quantized model inference supports CPU only

  0%|                                                                                                                                                               | 0/157 [00:00<?, ?it/s][A  0%|                                                                                                                                                               | 0/157 [00:00<?, ?it/s]
=======================Prepare original model for pruning=======================
================= Initialisation of meta_pruner pruning agent ==================
======================== Pruning importance - magnitude ========================
============================= Pruning ratio - 0.5 ==============================
========================= Pruning importance norm -  1 =========================
Traceback (most recent call last):
  File "D:\Python\Fedcore\.venv\lib\site-packages\torch_pruning\dependency.py", line 783, in _trace
    out = model(*example_inputs)
  File "D:\Python\Fedcore\.venv\lib\site-packages\torch\nn\modules\module.py", line 1532, in _wrapped_call_impl
    return self._call_impl(*args, **kwargs)
  File "D:\Python\Fedcore\.venv\lib\site-packages\torch\nn\modules\module.py", line 1541, in _call_impl
    return forward_call(*args, **kwargs)
TypeError: ResNet.forward() takes 2 positional arguments but 65 were given

During handling of the above exception, another exception occurred:

Traceback (most recent call last):
  File "D:\Python\Fedcore\fedcore\fedcore\algorithm\pruning\pruners.py", line 145, in fit
    self.pruner = self.pruner(
  File "D:\Python\Fedcore\.venv\lib\site-packages\torch_pruning\pruner\algorithms\base_pruner.py", line 133, in __init__
    self.DG = dependency.DependencyGraph().build_dependency(
  File "D:\Python\Fedcore\.venv\lib\site-packages\torch_pruning\dependency.py", line 386, in build_dependency
    self.module2node = self._trace(
  File "D:\Python\Fedcore\.venv\lib\site-packages\torch_pruning\dependency.py", line 785, in _trace
    out = model(example_inputs)
  File "D:\Python\Fedcore\.venv\lib\site-packages\torch\nn\modules\module.py", line 1532, in _wrapped_call_impl
    return self._call_impl(*args, **kwargs)
  File "D:\Python\Fedcore\.venv\lib\site-packages\torch\nn\modules\module.py", line 1541, in _call_impl
    return forward_call(*args, **kwargs)
  File "D:\Python\Fedcore\.venv\lib\site-packages\torchvision\models\resnet.py", line 285, in forward
    return self._forward_impl(x)
  File "D:\Python\Fedcore\.venv\lib\site-packages\torchvision\models\resnet.py", line 268, in _forward_impl
    x = self.conv1(x)
  File "D:\Python\Fedcore\.venv\lib\site-packages\torch\nn\modules\module.py", line 1532, in _wrapped_call_impl
    return self._call_impl(*args, **kwargs)
  File "D:\Python\Fedcore\.venv\lib\site-packages\torch\nn\modules\module.py", line 1541, in _call_impl
    return forward_call(*args, **kwargs)
  File "D:\Python\Fedcore\.venv\lib\site-packages\torch\ao\nn\quantized\modules\conv.py", line 468, in forward
    return ops.quantized.conv2d(
  File "D:\Python\Fedcore\.venv\lib\site-packages\torch\_ops.py", line 854, in __call__
    return self_._op(*args, **(kwargs or {}))
NotImplementedError: Could not run 'quantized::conv2d.new' with arguments from the 'CPU' backend. This could be because the operator doesn't exist for this backend, or was omitted during the selective/custom build process (if using custom build). If you are a Facebook employee using PyTorch on mobile, please visit https://fburl.com/ptmfixes for possible resolutions. 'quantized::conv2d.new' is only available for these backends: [Meta, QuantizedCPU, BackendSelect, Python, FuncTorchDynamicLayerBackMode, Functionalize, Named, Conjugate, Negative, ZeroTensor, ADInplaceOrView, AutogradOther, AutogradCPU, AutogradCUDA, AutogradXLA, AutogradMPS, AutogradXPU, AutogradHPU, AutogradLazy, AutogradMeta, Tracer, AutocastCPU, AutocastCUDA, FuncTorchBatched, BatchedNestedTensor, FuncTorchVmapMode, Batched, VmapMode, FuncTorchGradWrapper, PythonTLSSnapshot, FuncTorchDynamicLayerFrontMode, PreDispatch, PythonDispatcher].

Meta: registered at ..\aten\src\ATen\core\MetaFallbackKernel.cpp:23 [backend fallback]
QuantizedCPU: registered at ..\aten\src\ATen\native\quantized\cpu\qconv.cpp:1928 [kernel]
BackendSelect: fallthrough registered at ..\aten\src\ATen\core\BackendSelectFallbackKernel.cpp:3 [backend fallback]
Python: registered at ..\aten\src\ATen\core\PythonFallbackKernel.cpp:154 [backend fallback]
FuncTorchDynamicLayerBackMode: registered at ..\aten\src\ATen\functorch\DynamicLayer.cpp:497 [backend fallback]
Functionalize: registered at ..\aten\src\ATen\FunctionalizeFallbackKernel.cpp:324 [backend fallback]
Named: registered at ..\aten\src\ATen\core\NamedRegistrations.cpp:7 [backend fallback]
Conjugate: registered at ..\aten\src\ATen\ConjugateFallback.cpp:17 [backend fallback]
Negative: registered at ..\aten\src\ATen\native\NegateFallback.cpp:18 [backend fallback]
ZeroTensor: registered at ..\aten\src\ATen\ZeroTensorFallback.cpp:86 [backend fallback]
ADInplaceOrView: fallthrough registered at ..\aten\src\ATen\core\VariableFallbackKernel.cpp:86 [backend fallback]
AutogradOther: registered at ..\aten\src\ATen\core\VariableFallbackKernel.cpp:53 [backend fallback]
AutogradCPU: registered at ..\aten\src\ATen\core\VariableFallbackKernel.cpp:57 [backend fallback]
AutogradCUDA: registered at ..\aten\src\ATen\core\VariableFallbackKernel.cpp:65 [backend fallback]
AutogradXLA: registered at ..\aten\src\ATen\core\VariableFallbackKernel.cpp:69 [backend fallback]
AutogradMPS: registered at ..\aten\src\ATen\core\VariableFallbackKernel.cpp:77 [backend fallback]
AutogradXPU: registered at ..\aten\src\ATen\core\VariableFallbackKernel.cpp:61 [backend fallback]
AutogradHPU: registered at ..\aten\src\ATen\core\VariableFallbackKernel.cpp:90 [backend fallback]
AutogradLazy: registered at ..\aten\src\ATen\core\VariableFallbackKernel.cpp:73 [backend fallback]
AutogradMeta: registered at ..\aten\src\ATen\core\VariableFallbackKernel.cpp:81 [backend fallback]
Tracer: registered at ..\torch\csrc\autograd\TraceTypeManual.cpp:297 [backend fallback]
AutocastCPU: fallthrough registered at ..\aten\src\ATen\autocast_mode.cpp:378 [backend fallback]
AutocastCUDA: fallthrough registered at ..\aten\src\ATen\autocast_mode.cpp:244 [backend fallback]
FuncTorchBatched: registered at ..\aten\src\ATen\functorch\LegacyBatchingRegistrations.cpp:731 [backend fallback]
BatchedNestedTensor: registered at ..\aten\src\ATen\functorch\LegacyBatchingRegistrations.cpp:758 [backend fallback]
FuncTorchVmapMode: fallthrough registered at ..\aten\src\ATen\functorch\VmapModeRegistrations.cpp:27 [backend fallback]
Batched: registered at ..\aten\src\ATen\LegacyBatchingRegistrations.cpp:1075 [backend fallback]
VmapMode: fallthrough registered at ..\aten\src\ATen\VmapModeRegistrations.cpp:33 [backend fallback]
FuncTorchGradWrapper: registered at ..\aten\src\ATen\functorch\TensorWrapper.cpp:202 [backend fallback]
PythonTLSSnapshot: registered at ..\aten\src\ATen\core\PythonFallbackKernel.cpp:162 [backend fallback]
FuncTorchDynamicLayerFrontMode: registered at ..\aten\src\ATen\functorch\DynamicLayer.cpp:493 [backend fallback]
PreDispatch: registered at ..\aten\src\ATen\core\PythonFallbackKernel.cpp:166 [backend fallback]
PythonDispatcher: registered at ..\aten\src\ATen\core\PythonFallbackKernel.cpp:158 [backend fallback]

=======================Prepare original model for pruning=======================
================= Initialisation of meta_pruner pruning agent ==================
====================== Pruning importance - group_hessian ======================
====================== Pruning ratio - 0.7785714285714286 ======================
========================= Pruning importance norm -  0 =========================
Traceback (most recent call last):
  File "D:\Python\Fedcore\.venv\lib\site-packages\torch_pruning\dependency.py", line 783, in _trace
    out = model(*example_inputs)
  File "D:\Python\Fedcore\.venv\lib\site-packages\torch\nn\modules\module.py", line 1532, in _wrapped_call_impl
    return self._call_impl(*args, **kwargs)
  File "D:\Python\Fedcore\.venv\lib\site-packages\torch\nn\modules\module.py", line 1541, in _call_impl
    return forward_call(*args, **kwargs)
TypeError: ResNet.forward() takes 2 positional arguments but 65 were given

During handling of the above exception, another exception occurred:

Traceback (most recent call last):
  File "D:\Python\Fedcore\fedcore\fedcore\algorithm\pruning\pruners.py", line 145, in fit
    self.pruner = self.pruner(
  File "D:\Python\Fedcore\.venv\lib\site-packages\torch_pruning\pruner\algorithms\group_norm_pruner.py", line 84, in __init__
    super(GroupNormPruner, self).__init__(
  File "D:\Python\Fedcore\.venv\lib\site-packages\torch_pruning\pruner\algorithms\base_pruner.py", line 133, in __init__
    self.DG = dependency.DependencyGraph().build_dependency(
  File "D:\Python\Fedcore\.venv\lib\site-packages\torch_pruning\dependency.py", line 386, in build_dependency
    self.module2node = self._trace(
  File "D:\Python\Fedcore\.venv\lib\site-packages\torch_pruning\dependency.py", line 785, in _trace
    out = model(example_inputs)
  File "D:\Python\Fedcore\.venv\lib\site-packages\torch\nn\modules\module.py", line 1532, in _wrapped_call_impl
    return self._call_impl(*args, **kwargs)
  File "D:\Python\Fedcore\.venv\lib\site-packages\torch\nn\modules\module.py", line 1541, in _call_impl
    return forward_call(*args, **kwargs)
  File "D:\Python\Fedcore\.venv\lib\site-packages\torchvision\models\resnet.py", line 285, in forward
    return self._forward_impl(x)
  File "D:\Python\Fedcore\.venv\lib\site-packages\torchvision\models\resnet.py", line 268, in _forward_impl
    x = self.conv1(x)
  File "D:\Python\Fedcore\.venv\lib\site-packages\torch\nn\modules\module.py", line 1532, in _wrapped_call_impl
    return self._call_impl(*args, **kwargs)
  File "D:\Python\Fedcore\.venv\lib\site-packages\torch\nn\modules\module.py", line 1541, in _call_impl
    return forward_call(*args, **kwargs)
  File "D:\Python\Fedcore\.venv\lib\site-packages\torch\ao\nn\quantized\modules\conv.py", line 468, in forward
    return ops.quantized.conv2d(
  File "D:\Python\Fedcore\.venv\lib\site-packages\torch\_ops.py", line 854, in __call__
    return self_._op(*args, **(kwargs or {}))
NotImplementedError: Could not run 'quantized::conv2d.new' with arguments from the 'CPU' backend. This could be because the operator doesn't exist for this backend, or was omitted during the selective/custom build process (if using custom build). If you are a Facebook employee using PyTorch on mobile, please visit https://fburl.com/ptmfixes for possible resolutions. 'quantized::conv2d.new' is only available for these backends: [Meta, QuantizedCPU, BackendSelect, Python, FuncTorchDynamicLayerBackMode, Functionalize, Named, Conjugate, Negative, ZeroTensor, ADInplaceOrView, AutogradOther, AutogradCPU, AutogradCUDA, AutogradXLA, AutogradMPS, AutogradXPU, AutogradHPU, AutogradLazy, AutogradMeta, Tracer, AutocastCPU, AutocastCUDA, FuncTorchBatched, BatchedNestedTensor, FuncTorchVmapMode, Batched, VmapMode, FuncTorchGradWrapper, PythonTLSSnapshot, FuncTorchDynamicLayerFrontMode, PreDispatch, PythonDispatcher].

Meta: registered at ..\aten\src\ATen\core\MetaFallbackKernel.cpp:23 [backend fallback]
QuantizedCPU: registered at ..\aten\src\ATen\native\quantized\cpu\qconv.cpp:1928 [kernel]
BackendSelect: fallthrough registered at ..\aten\src\ATen\core\BackendSelectFallbackKernel.cpp:3 [backend fallback]
Python: registered at ..\aten\src\ATen\core\PythonFallbackKernel.cpp:154 [backend fallback]
FuncTorchDynamicLayerBackMode: registered at ..\aten\src\ATen\functorch\DynamicLayer.cpp:497 [backend fallback]
Functionalize: registered at ..\aten\src\ATen\FunctionalizeFallbackKernel.cpp:324 [backend fallback]
Named: registered at ..\aten\src\ATen\core\NamedRegistrations.cpp:7 [backend fallback]
Conjugate: registered at ..\aten\src\ATen\ConjugateFallback.cpp:17 [backend fallback]
Negative: registered at ..\aten\src\ATen\native\NegateFallback.cpp:18 [backend fallback]
ZeroTensor: registered at ..\aten\src\ATen\ZeroTensorFallback.cpp:86 [backend fallback]
ADInplaceOrView: fallthrough registered at ..\aten\src\ATen\core\VariableFallbackKernel.cpp:86 [backend fallback]
AutogradOther: registered at ..\aten\src\ATen\core\VariableFallbackKernel.cpp:53 [backend fallback]
AutogradCPU: registered at ..\aten\src\ATen\core\VariableFallbackKernel.cpp:57 [backend fallback]
AutogradCUDA: registered at ..\aten\src\ATen\core\VariableFallbackKernel.cpp:65 [backend fallback]
AutogradXLA: registered at ..\aten\src\ATen\core\VariableFallbackKernel.cpp:69 [backend fallback]
AutogradMPS: registered at ..\aten\src\ATen\core\VariableFallbackKernel.cpp:77 [backend fallback]
AutogradXPU: registered at ..\aten\src\ATen\core\VariableFallbackKernel.cpp:61 [backend fallback]
AutogradHPU: registered at ..\aten\src\ATen\core\VariableFallbackKernel.cpp:90 [backend fallback]
AutogradLazy: registered at ..\aten\src\ATen\core\VariableFallbackKernel.cpp:73 [backend fallback]
AutogradMeta: registered at ..\aten\src\ATen\core\VariableFallbackKernel.cpp:81 [backend fallback]
Tracer: registered at ..\torch\csrc\autograd\TraceTypeManual.cpp:297 [backend fallback]
AutocastCPU: fallthrough registered at ..\aten\src\ATen\autocast_mode.cpp:378 [backend fallback]
AutocastCUDA: fallthrough registered at ..\aten\src\ATen\autocast_mode.cpp:244 [backend fallback]
FuncTorchBatched: registered at ..\aten\src\ATen\functorch\LegacyBatchingRegistrations.cpp:731 [backend fallback]
BatchedNestedTensor: registered at ..\aten\src\ATen\functorch\LegacyBatchingRegistrations.cpp:758 [backend fallback]
FuncTorchVmapMode: fallthrough registered at ..\aten\src\ATen\functorch\VmapModeRegistrations.cpp:27 [backend fallback]
Batched: registered at ..\aten\src\ATen\LegacyBatchingRegistrations.cpp:1075 [backend fallback]
VmapMode: fallthrough registered at ..\aten\src\ATen\VmapModeRegistrations.cpp:33 [backend fallback]
FuncTorchGradWrapper: registered at ..\aten\src\ATen\functorch\TensorWrapper.cpp:202 [backend fallback]
PythonTLSSnapshot: registered at ..\aten\src\ATen\core\PythonFallbackKernel.cpp:162 [backend fallback]
FuncTorchDynamicLayerFrontMode: registered at ..\aten\src\ATen\functorch\DynamicLayer.cpp:493 [backend fallback]
PreDispatch: registered at ..\aten\src\ATen\core\PythonFallbackKernel.cpp:166 [backend fallback]
PythonDispatcher: registered at ..\aten\src\ATen\core\PythonFallbackKernel.cpp:158 [backend fallback]

Quantized model inference supports CPU only

  0%|                                                                                                                                                               | 0/157 [00:00<?, ?it/s][A  0%|                                                                                                                                                               | 0/157 [00:00<?, ?it/s]
Quantized model inference supports CPU only

  0%|                                                                                                                                                               | 0/157 [00:00<?, ?it/s][A  0%|                                                                                                                                                               | 0/157 [00:00<?, ?it/s]
=======================Prepare original model for pruning=======================
================= Initialisation of meta_pruner pruning agent ==================
========================= Pruning importance - hessian =========================
====================== Pruning ratio - 0.4928571428571429 ======================
========================= Pruning importance norm -  1 =========================
Traceback (most recent call last):
  File "D:\Python\Fedcore\.venv\lib\site-packages\torch_pruning\dependency.py", line 783, in _trace
    out = model(*example_inputs)
  File "D:\Python\Fedcore\.venv\lib\site-packages\torch\nn\modules\module.py", line 1532, in _wrapped_call_impl
    return self._call_impl(*args, **kwargs)
  File "D:\Python\Fedcore\.venv\lib\site-packages\torch\nn\modules\module.py", line 1541, in _call_impl
    return forward_call(*args, **kwargs)
TypeError: ResNet.forward() takes 2 positional arguments but 65 were given

During handling of the above exception, another exception occurred:

Traceback (most recent call last):
  File "D:\Python\Fedcore\fedcore\fedcore\algorithm\pruning\pruners.py", line 145, in fit
    self.pruner = self.pruner(
  File "D:\Python\Fedcore\.venv\lib\site-packages\torch_pruning\pruner\algorithms\growing_reg_pruner.py", line 82, in __init__
    super(GrowingRegPruner, self).__init__(
  File "D:\Python\Fedcore\.venv\lib\site-packages\torch_pruning\pruner\algorithms\base_pruner.py", line 133, in __init__
    self.DG = dependency.DependencyGraph().build_dependency(
  File "D:\Python\Fedcore\.venv\lib\site-packages\torch_pruning\dependency.py", line 386, in build_dependency
    self.module2node = self._trace(
  File "D:\Python\Fedcore\.venv\lib\site-packages\torch_pruning\dependency.py", line 785, in _trace
    out = model(example_inputs)
  File "D:\Python\Fedcore\.venv\lib\site-packages\torch\nn\modules\module.py", line 1532, in _wrapped_call_impl
    return self._call_impl(*args, **kwargs)
  File "D:\Python\Fedcore\.venv\lib\site-packages\torch\nn\modules\module.py", line 1541, in _call_impl
    return forward_call(*args, **kwargs)
  File "D:\Python\Fedcore\.venv\lib\site-packages\torchvision\models\resnet.py", line 285, in forward
    return self._forward_impl(x)
  File "D:\Python\Fedcore\.venv\lib\site-packages\torchvision\models\resnet.py", line 268, in _forward_impl
    x = self.conv1(x)
  File "D:\Python\Fedcore\.venv\lib\site-packages\torch\nn\modules\module.py", line 1532, in _wrapped_call_impl
    return self._call_impl(*args, **kwargs)
  File "D:\Python\Fedcore\.venv\lib\site-packages\torch\nn\modules\module.py", line 1541, in _call_impl
    return forward_call(*args, **kwargs)
  File "D:\Python\Fedcore\.venv\lib\site-packages\torch\ao\nn\quantized\modules\conv.py", line 468, in forward
    return ops.quantized.conv2d(
  File "D:\Python\Fedcore\.venv\lib\site-packages\torch\_ops.py", line 854, in __call__
    return self_._op(*args, **(kwargs or {}))
NotImplementedError: Could not run 'quantized::conv2d.new' with arguments from the 'CPU' backend. This could be because the operator doesn't exist for this backend, or was omitted during the selective/custom build process (if using custom build). If you are a Facebook employee using PyTorch on mobile, please visit https://fburl.com/ptmfixes for possible resolutions. 'quantized::conv2d.new' is only available for these backends: [Meta, QuantizedCPU, BackendSelect, Python, FuncTorchDynamicLayerBackMode, Functionalize, Named, Conjugate, Negative, ZeroTensor, ADInplaceOrView, AutogradOther, AutogradCPU, AutogradCUDA, AutogradXLA, AutogradMPS, AutogradXPU, AutogradHPU, AutogradLazy, AutogradMeta, Tracer, AutocastCPU, AutocastCUDA, FuncTorchBatched, BatchedNestedTensor, FuncTorchVmapMode, Batched, VmapMode, FuncTorchGradWrapper, PythonTLSSnapshot, FuncTorchDynamicLayerFrontMode, PreDispatch, PythonDispatcher].

Meta: registered at ..\aten\src\ATen\core\MetaFallbackKernel.cpp:23 [backend fallback]
QuantizedCPU: registered at ..\aten\src\ATen\native\quantized\cpu\qconv.cpp:1928 [kernel]
BackendSelect: fallthrough registered at ..\aten\src\ATen\core\BackendSelectFallbackKernel.cpp:3 [backend fallback]
Python: registered at ..\aten\src\ATen\core\PythonFallbackKernel.cpp:154 [backend fallback]
FuncTorchDynamicLayerBackMode: registered at ..\aten\src\ATen\functorch\DynamicLayer.cpp:497 [backend fallback]
Functionalize: registered at ..\aten\src\ATen\FunctionalizeFallbackKernel.cpp:324 [backend fallback]
Named: registered at ..\aten\src\ATen\core\NamedRegistrations.cpp:7 [backend fallback]
Conjugate: registered at ..\aten\src\ATen\ConjugateFallback.cpp:17 [backend fallback]
Negative: registered at ..\aten\src\ATen\native\NegateFallback.cpp:18 [backend fallback]
ZeroTensor: registered at ..\aten\src\ATen\ZeroTensorFallback.cpp:86 [backend fallback]
ADInplaceOrView: fallthrough registered at ..\aten\src\ATen\core\VariableFallbackKernel.cpp:86 [backend fallback]
AutogradOther: registered at ..\aten\src\ATen\core\VariableFallbackKernel.cpp:53 [backend fallback]
AutogradCPU: registered at ..\aten\src\ATen\core\VariableFallbackKernel.cpp:57 [backend fallback]
AutogradCUDA: registered at ..\aten\src\ATen\core\VariableFallbackKernel.cpp:65 [backend fallback]
AutogradXLA: registered at ..\aten\src\ATen\core\VariableFallbackKernel.cpp:69 [backend fallback]
AutogradMPS: registered at ..\aten\src\ATen\core\VariableFallbackKernel.cpp:77 [backend fallback]
AutogradXPU: registered at ..\aten\src\ATen\core\VariableFallbackKernel.cpp:61 [backend fallback]
AutogradHPU: registered at ..\aten\src\ATen\core\VariableFallbackKernel.cpp:90 [backend fallback]
AutogradLazy: registered at ..\aten\src\ATen\core\VariableFallbackKernel.cpp:73 [backend fallback]
AutogradMeta: registered at ..\aten\src\ATen\core\VariableFallbackKernel.cpp:81 [backend fallback]
Tracer: registered at ..\torch\csrc\autograd\TraceTypeManual.cpp:297 [backend fallback]
AutocastCPU: fallthrough registered at ..\aten\src\ATen\autocast_mode.cpp:378 [backend fallback]
AutocastCUDA: fallthrough registered at ..\aten\src\ATen\autocast_mode.cpp:244 [backend fallback]
FuncTorchBatched: registered at ..\aten\src\ATen\functorch\LegacyBatchingRegistrations.cpp:731 [backend fallback]
BatchedNestedTensor: registered at ..\aten\src\ATen\functorch\LegacyBatchingRegistrations.cpp:758 [backend fallback]
FuncTorchVmapMode: fallthrough registered at ..\aten\src\ATen\functorch\VmapModeRegistrations.cpp:27 [backend fallback]
Batched: registered at ..\aten\src\ATen\LegacyBatchingRegistrations.cpp:1075 [backend fallback]
VmapMode: fallthrough registered at ..\aten\src\ATen\VmapModeRegistrations.cpp:33 [backend fallback]
FuncTorchGradWrapper: registered at ..\aten\src\ATen\functorch\TensorWrapper.cpp:202 [backend fallback]
PythonTLSSnapshot: registered at ..\aten\src\ATen\core\PythonFallbackKernel.cpp:162 [backend fallback]
FuncTorchDynamicLayerFrontMode: registered at ..\aten\src\ATen\functorch\DynamicLayer.cpp:493 [backend fallback]
PreDispatch: registered at ..\aten\src\ATen\core\PythonFallbackKernel.cpp:166 [backend fallback]
PythonDispatcher: registered at ..\aten\src\ATen\core\PythonFallbackKernel.cpp:158 [backend fallback]

=======================Prepare original model for pruning=======================
================= Initialisation of meta_pruner pruning agent ==================
========================= Pruning importance - taylor ==========================
====================== Pruning ratio - 0.7785714285714286 ======================
========================= Pruning importance norm -  0 =========================
Traceback (most recent call last):
  File "D:\Python\Fedcore\.venv\lib\site-packages\torch_pruning\dependency.py", line 783, in _trace
    out = model(*example_inputs)
  File "D:\Python\Fedcore\.venv\lib\site-packages\torch\nn\modules\module.py", line 1532, in _wrapped_call_impl
    return self._call_impl(*args, **kwargs)
  File "D:\Python\Fedcore\.venv\lib\site-packages\torch\nn\modules\module.py", line 1541, in _call_impl
    return forward_call(*args, **kwargs)
TypeError: ResNet.forward() takes 2 positional arguments but 65 were given

During handling of the above exception, another exception occurred:

Traceback (most recent call last):
  File "D:\Python\Fedcore\fedcore\fedcore\algorithm\pruning\pruners.py", line 145, in fit
    self.pruner = self.pruner(
  File "D:\Python\Fedcore\.venv\lib\site-packages\torch_pruning\pruner\algorithms\growing_reg_pruner.py", line 82, in __init__
    super(GrowingRegPruner, self).__init__(
  File "D:\Python\Fedcore\.venv\lib\site-packages\torch_pruning\pruner\algorithms\base_pruner.py", line 133, in __init__
    self.DG = dependency.DependencyGraph().build_dependency(
  File "D:\Python\Fedcore\.venv\lib\site-packages\torch_pruning\dependency.py", line 386, in build_dependency
    self.module2node = self._trace(
  File "D:\Python\Fedcore\.venv\lib\site-packages\torch_pruning\dependency.py", line 785, in _trace
    out = model(example_inputs)
  File "D:\Python\Fedcore\.venv\lib\site-packages\torch\nn\modules\module.py", line 1532, in _wrapped_call_impl
    return self._call_impl(*args, **kwargs)
  File "D:\Python\Fedcore\.venv\lib\site-packages\torch\nn\modules\module.py", line 1541, in _call_impl
    return forward_call(*args, **kwargs)
  File "D:\Python\Fedcore\.venv\lib\site-packages\torchvision\models\resnet.py", line 285, in forward
    return self._forward_impl(x)
  File "D:\Python\Fedcore\.venv\lib\site-packages\torchvision\models\resnet.py", line 268, in _forward_impl
    x = self.conv1(x)
  File "D:\Python\Fedcore\.venv\lib\site-packages\torch\nn\modules\module.py", line 1532, in _wrapped_call_impl
    return self._call_impl(*args, **kwargs)
  File "D:\Python\Fedcore\.venv\lib\site-packages\torch\nn\modules\module.py", line 1541, in _call_impl
    return forward_call(*args, **kwargs)
  File "D:\Python\Fedcore\.venv\lib\site-packages\torch\ao\nn\quantized\modules\conv.py", line 468, in forward
    return ops.quantized.conv2d(
  File "D:\Python\Fedcore\.venv\lib\site-packages\torch\_ops.py", line 854, in __call__
    return self_._op(*args, **(kwargs or {}))
NotImplementedError: Could not run 'quantized::conv2d.new' with arguments from the 'CPU' backend. This could be because the operator doesn't exist for this backend, or was omitted during the selective/custom build process (if using custom build). If you are a Facebook employee using PyTorch on mobile, please visit https://fburl.com/ptmfixes for possible resolutions. 'quantized::conv2d.new' is only available for these backends: [Meta, QuantizedCPU, BackendSelect, Python, FuncTorchDynamicLayerBackMode, Functionalize, Named, Conjugate, Negative, ZeroTensor, ADInplaceOrView, AutogradOther, AutogradCPU, AutogradCUDA, AutogradXLA, AutogradMPS, AutogradXPU, AutogradHPU, AutogradLazy, AutogradMeta, Tracer, AutocastCPU, AutocastCUDA, FuncTorchBatched, BatchedNestedTensor, FuncTorchVmapMode, Batched, VmapMode, FuncTorchGradWrapper, PythonTLSSnapshot, FuncTorchDynamicLayerFrontMode, PreDispatch, PythonDispatcher].

Meta: registered at ..\aten\src\ATen\core\MetaFallbackKernel.cpp:23 [backend fallback]
QuantizedCPU: registered at ..\aten\src\ATen\native\quantized\cpu\qconv.cpp:1928 [kernel]
BackendSelect: fallthrough registered at ..\aten\src\ATen\core\BackendSelectFallbackKernel.cpp:3 [backend fallback]
Python: registered at ..\aten\src\ATen\core\PythonFallbackKernel.cpp:154 [backend fallback]
FuncTorchDynamicLayerBackMode: registered at ..\aten\src\ATen\functorch\DynamicLayer.cpp:497 [backend fallback]
Functionalize: registered at ..\aten\src\ATen\FunctionalizeFallbackKernel.cpp:324 [backend fallback]
Named: registered at ..\aten\src\ATen\core\NamedRegistrations.cpp:7 [backend fallback]
Conjugate: registered at ..\aten\src\ATen\ConjugateFallback.cpp:17 [backend fallback]
Negative: registered at ..\aten\src\ATen\native\NegateFallback.cpp:18 [backend fallback]
ZeroTensor: registered at ..\aten\src\ATen\ZeroTensorFallback.cpp:86 [backend fallback]
ADInplaceOrView: fallthrough registered at ..\aten\src\ATen\core\VariableFallbackKernel.cpp:86 [backend fallback]
AutogradOther: registered at ..\aten\src\ATen\core\VariableFallbackKernel.cpp:53 [backend fallback]
AutogradCPU: registered at ..\aten\src\ATen\core\VariableFallbackKernel.cpp:57 [backend fallback]
AutogradCUDA: registered at ..\aten\src\ATen\core\VariableFallbackKernel.cpp:65 [backend fallback]
AutogradXLA: registered at ..\aten\src\ATen\core\VariableFallbackKernel.cpp:69 [backend fallback]
AutogradMPS: registered at ..\aten\src\ATen\core\VariableFallbackKernel.cpp:77 [backend fallback]
AutogradXPU: registered at ..\aten\src\ATen\core\VariableFallbackKernel.cpp:61 [backend fallback]
AutogradHPU: registered at ..\aten\src\ATen\core\VariableFallbackKernel.cpp:90 [backend fallback]
AutogradLazy: registered at ..\aten\src\ATen\core\VariableFallbackKernel.cpp:73 [backend fallback]
AutogradMeta: registered at ..\aten\src\ATen\core\VariableFallbackKernel.cpp:81 [backend fallback]
Tracer: registered at ..\torch\csrc\autograd\TraceTypeManual.cpp:297 [backend fallback]
AutocastCPU: fallthrough registered at ..\aten\src\ATen\autocast_mode.cpp:378 [backend fallback]
AutocastCUDA: fallthrough registered at ..\aten\src\ATen\autocast_mode.cpp:244 [backend fallback]
FuncTorchBatched: registered at ..\aten\src\ATen\functorch\LegacyBatchingRegistrations.cpp:731 [backend fallback]
BatchedNestedTensor: registered at ..\aten\src\ATen\functorch\LegacyBatchingRegistrations.cpp:758 [backend fallback]
FuncTorchVmapMode: fallthrough registered at ..\aten\src\ATen\functorch\VmapModeRegistrations.cpp:27 [backend fallback]
Batched: registered at ..\aten\src\ATen\LegacyBatchingRegistrations.cpp:1075 [backend fallback]
VmapMode: fallthrough registered at ..\aten\src\ATen\VmapModeRegistrations.cpp:33 [backend fallback]
FuncTorchGradWrapper: registered at ..\aten\src\ATen\functorch\TensorWrapper.cpp:202 [backend fallback]
PythonTLSSnapshot: registered at ..\aten\src\ATen\core\PythonFallbackKernel.cpp:162 [backend fallback]
FuncTorchDynamicLayerFrontMode: registered at ..\aten\src\ATen\functorch\DynamicLayer.cpp:493 [backend fallback]
PreDispatch: registered at ..\aten\src\ATen\core\PythonFallbackKernel.cpp:166 [backend fallback]
PythonDispatcher: registered at ..\aten\src\ATen\core\PythonFallbackKernel.cpp:158 [backend fallback]

Quantized model inference supports CPU only

  0%|                                                                                                                                                               | 0/157 [00:00<?, ?it/s][A  0%|                                                                                                                                                               | 0/157 [00:00<?, ?it/s]
Quantized model inference supports CPU only

  0%|                                                                                                                                                               | 0/157 [00:00<?, ?it/s][A  0%|                                                                                                                                                               | 0/157 [00:00<?, ?it/s]
=======================Prepare original model for pruning=======================
================= Initialisation of meta_pruner pruning agent ==================
====================== Pruning importance - group_taylor =======================
====================== Pruning ratio - 0.7214285714285714 ======================
========================= Pruning importance norm -  2 =========================
Traceback (most recent call last):
  File "D:\Python\Fedcore\.venv\lib\site-packages\torch_pruning\dependency.py", line 783, in _trace
    out = model(*example_inputs)
  File "D:\Python\Fedcore\.venv\lib\site-packages\torch\nn\modules\module.py", line 1532, in _wrapped_call_impl
    return self._call_impl(*args, **kwargs)
  File "D:\Python\Fedcore\.venv\lib\site-packages\torch\nn\modules\module.py", line 1541, in _call_impl
    return forward_call(*args, **kwargs)
TypeError: ResNet.forward() takes 2 positional arguments but 65 were given

During handling of the above exception, another exception occurred:

Traceback (most recent call last):
  File "D:\Python\Fedcore\fedcore\fedcore\algorithm\pruning\pruners.py", line 145, in fit
    self.pruner = self.pruner(
  File "D:\Python\Fedcore\.venv\lib\site-packages\torch_pruning\pruner\algorithms\group_norm_pruner.py", line 84, in __init__
    super(GroupNormPruner, self).__init__(
  File "D:\Python\Fedcore\.venv\lib\site-packages\torch_pruning\pruner\algorithms\base_pruner.py", line 133, in __init__
    self.DG = dependency.DependencyGraph().build_dependency(
  File "D:\Python\Fedcore\.venv\lib\site-packages\torch_pruning\dependency.py", line 386, in build_dependency
    self.module2node = self._trace(
  File "D:\Python\Fedcore\.venv\lib\site-packages\torch_pruning\dependency.py", line 785, in _trace
    out = model(example_inputs)
  File "D:\Python\Fedcore\.venv\lib\site-packages\torch\nn\modules\module.py", line 1532, in _wrapped_call_impl
    return self._call_impl(*args, **kwargs)
  File "D:\Python\Fedcore\.venv\lib\site-packages\torch\nn\modules\module.py", line 1541, in _call_impl
    return forward_call(*args, **kwargs)
  File "D:\Python\Fedcore\.venv\lib\site-packages\torchvision\models\resnet.py", line 285, in forward
    return self._forward_impl(x)
  File "D:\Python\Fedcore\.venv\lib\site-packages\torchvision\models\resnet.py", line 268, in _forward_impl
    x = self.conv1(x)
  File "D:\Python\Fedcore\.venv\lib\site-packages\torch\nn\modules\module.py", line 1532, in _wrapped_call_impl
    return self._call_impl(*args, **kwargs)
  File "D:\Python\Fedcore\.venv\lib\site-packages\torch\nn\modules\module.py", line 1541, in _call_impl
    return forward_call(*args, **kwargs)
  File "D:\Python\Fedcore\.venv\lib\site-packages\torch\ao\nn\quantized\modules\conv.py", line 468, in forward
    return ops.quantized.conv2d(
  File "D:\Python\Fedcore\.venv\lib\site-packages\torch\_ops.py", line 854, in __call__
    return self_._op(*args, **(kwargs or {}))
NotImplementedError: Could not run 'quantized::conv2d.new' with arguments from the 'CPU' backend. This could be because the operator doesn't exist for this backend, or was omitted during the selective/custom build process (if using custom build). If you are a Facebook employee using PyTorch on mobile, please visit https://fburl.com/ptmfixes for possible resolutions. 'quantized::conv2d.new' is only available for these backends: [Meta, QuantizedCPU, BackendSelect, Python, FuncTorchDynamicLayerBackMode, Functionalize, Named, Conjugate, Negative, ZeroTensor, ADInplaceOrView, AutogradOther, AutogradCPU, AutogradCUDA, AutogradXLA, AutogradMPS, AutogradXPU, AutogradHPU, AutogradLazy, AutogradMeta, Tracer, AutocastCPU, AutocastCUDA, FuncTorchBatched, BatchedNestedTensor, FuncTorchVmapMode, Batched, VmapMode, FuncTorchGradWrapper, PythonTLSSnapshot, FuncTorchDynamicLayerFrontMode, PreDispatch, PythonDispatcher].

Meta: registered at ..\aten\src\ATen\core\MetaFallbackKernel.cpp:23 [backend fallback]
QuantizedCPU: registered at ..\aten\src\ATen\native\quantized\cpu\qconv.cpp:1928 [kernel]
BackendSelect: fallthrough registered at ..\aten\src\ATen\core\BackendSelectFallbackKernel.cpp:3 [backend fallback]
Python: registered at ..\aten\src\ATen\core\PythonFallbackKernel.cpp:154 [backend fallback]
FuncTorchDynamicLayerBackMode: registered at ..\aten\src\ATen\functorch\DynamicLayer.cpp:497 [backend fallback]
Functionalize: registered at ..\aten\src\ATen\FunctionalizeFallbackKernel.cpp:324 [backend fallback]
Named: registered at ..\aten\src\ATen\core\NamedRegistrations.cpp:7 [backend fallback]
Conjugate: registered at ..\aten\src\ATen\ConjugateFallback.cpp:17 [backend fallback]
Negative: registered at ..\aten\src\ATen\native\NegateFallback.cpp:18 [backend fallback]
ZeroTensor: registered at ..\aten\src\ATen\ZeroTensorFallback.cpp:86 [backend fallback]
ADInplaceOrView: fallthrough registered at ..\aten\src\ATen\core\VariableFallbackKernel.cpp:86 [backend fallback]
AutogradOther: registered at ..\aten\src\ATen\core\VariableFallbackKernel.cpp:53 [backend fallback]
AutogradCPU: registered at ..\aten\src\ATen\core\VariableFallbackKernel.cpp:57 [backend fallback]
AutogradCUDA: registered at ..\aten\src\ATen\core\VariableFallbackKernel.cpp:65 [backend fallback]
AutogradXLA: registered at ..\aten\src\ATen\core\VariableFallbackKernel.cpp:69 [backend fallback]
AutogradMPS: registered at ..\aten\src\ATen\core\VariableFallbackKernel.cpp:77 [backend fallback]
AutogradXPU: registered at ..\aten\src\ATen\core\VariableFallbackKernel.cpp:61 [backend fallback]
AutogradHPU: registered at ..\aten\src\ATen\core\VariableFallbackKernel.cpp:90 [backend fallback]
AutogradLazy: registered at ..\aten\src\ATen\core\VariableFallbackKernel.cpp:73 [backend fallback]
AutogradMeta: registered at ..\aten\src\ATen\core\VariableFallbackKernel.cpp:81 [backend fallback]
Tracer: registered at ..\torch\csrc\autograd\TraceTypeManual.cpp:297 [backend fallback]
AutocastCPU: fallthrough registered at ..\aten\src\ATen\autocast_mode.cpp:378 [backend fallback]
AutocastCUDA: fallthrough registered at ..\aten\src\ATen\autocast_mode.cpp:244 [backend fallback]
FuncTorchBatched: registered at ..\aten\src\ATen\functorch\LegacyBatchingRegistrations.cpp:731 [backend fallback]
BatchedNestedTensor: registered at ..\aten\src\ATen\functorch\LegacyBatchingRegistrations.cpp:758 [backend fallback]
FuncTorchVmapMode: fallthrough registered at ..\aten\src\ATen\functorch\VmapModeRegistrations.cpp:27 [backend fallback]
Batched: registered at ..\aten\src\ATen\LegacyBatchingRegistrations.cpp:1075 [backend fallback]
VmapMode: fallthrough registered at ..\aten\src\ATen\VmapModeRegistrations.cpp:33 [backend fallback]
FuncTorchGradWrapper: registered at ..\aten\src\ATen\functorch\TensorWrapper.cpp:202 [backend fallback]
PythonTLSSnapshot: registered at ..\aten\src\ATen\core\PythonFallbackKernel.cpp:162 [backend fallback]
FuncTorchDynamicLayerFrontMode: registered at ..\aten\src\ATen\functorch\DynamicLayer.cpp:493 [backend fallback]
PreDispatch: registered at ..\aten\src\ATen\core\PythonFallbackKernel.cpp:166 [backend fallback]
PythonDispatcher: registered at ..\aten\src\ATen\core\PythonFallbackKernel.cpp:158 [backend fallback]

=======================Prepare original model for pruning=======================
================= Initialisation of meta_pruner pruning agent ==================
======================== Pruning importance - magnitude ========================
============================= Pruning ratio - 0.5 ==============================
========================= Pruning importance norm -  1 =========================
Traceback (most recent call last):
  File "D:\Python\Fedcore\.venv\lib\site-packages\torch_pruning\dependency.py", line 783, in _trace
    out = model(*example_inputs)
  File "D:\Python\Fedcore\.venv\lib\site-packages\torch\nn\modules\module.py", line 1532, in _wrapped_call_impl
    return self._call_impl(*args, **kwargs)
  File "D:\Python\Fedcore\.venv\lib\site-packages\torch\nn\modules\module.py", line 1541, in _call_impl
    return forward_call(*args, **kwargs)
TypeError: ResNet.forward() takes 2 positional arguments but 65 were given

During handling of the above exception, another exception occurred:

Traceback (most recent call last):
  File "D:\Python\Fedcore\fedcore\fedcore\algorithm\pruning\pruners.py", line 145, in fit
    self.pruner = self.pruner(
  File "D:\Python\Fedcore\.venv\lib\site-packages\torch_pruning\pruner\algorithms\base_pruner.py", line 133, in __init__
    self.DG = dependency.DependencyGraph().build_dependency(
  File "D:\Python\Fedcore\.venv\lib\site-packages\torch_pruning\dependency.py", line 386, in build_dependency
    self.module2node = self._trace(
  File "D:\Python\Fedcore\.venv\lib\site-packages\torch_pruning\dependency.py", line 785, in _trace
    out = model(example_inputs)
  File "D:\Python\Fedcore\.venv\lib\site-packages\torch\nn\modules\module.py", line 1532, in _wrapped_call_impl
    return self._call_impl(*args, **kwargs)
  File "D:\Python\Fedcore\.venv\lib\site-packages\torch\nn\modules\module.py", line 1541, in _call_impl
    return forward_call(*args, **kwargs)
  File "D:\Python\Fedcore\.venv\lib\site-packages\torchvision\models\resnet.py", line 285, in forward
    return self._forward_impl(x)
  File "D:\Python\Fedcore\.venv\lib\site-packages\torchvision\models\resnet.py", line 268, in _forward_impl
    x = self.conv1(x)
  File "D:\Python\Fedcore\.venv\lib\site-packages\torch\nn\modules\module.py", line 1532, in _wrapped_call_impl
    return self._call_impl(*args, **kwargs)
  File "D:\Python\Fedcore\.venv\lib\site-packages\torch\nn\modules\module.py", line 1541, in _call_impl
    return forward_call(*args, **kwargs)
  File "D:\Python\Fedcore\.venv\lib\site-packages\torch\ao\nn\quantized\modules\conv.py", line 468, in forward
    return ops.quantized.conv2d(
  File "D:\Python\Fedcore\.venv\lib\site-packages\torch\_ops.py", line 854, in __call__
    return self_._op(*args, **(kwargs or {}))
NotImplementedError: Could not run 'quantized::conv2d.new' with arguments from the 'CPU' backend. This could be because the operator doesn't exist for this backend, or was omitted during the selective/custom build process (if using custom build). If you are a Facebook employee using PyTorch on mobile, please visit https://fburl.com/ptmfixes for possible resolutions. 'quantized::conv2d.new' is only available for these backends: [Meta, QuantizedCPU, BackendSelect, Python, FuncTorchDynamicLayerBackMode, Functionalize, Named, Conjugate, Negative, ZeroTensor, ADInplaceOrView, AutogradOther, AutogradCPU, AutogradCUDA, AutogradXLA, AutogradMPS, AutogradXPU, AutogradHPU, AutogradLazy, AutogradMeta, Tracer, AutocastCPU, AutocastCUDA, FuncTorchBatched, BatchedNestedTensor, FuncTorchVmapMode, Batched, VmapMode, FuncTorchGradWrapper, PythonTLSSnapshot, FuncTorchDynamicLayerFrontMode, PreDispatch, PythonDispatcher].

Meta: registered at ..\aten\src\ATen\core\MetaFallbackKernel.cpp:23 [backend fallback]
QuantizedCPU: registered at ..\aten\src\ATen\native\quantized\cpu\qconv.cpp:1928 [kernel]
BackendSelect: fallthrough registered at ..\aten\src\ATen\core\BackendSelectFallbackKernel.cpp:3 [backend fallback]
Python: registered at ..\aten\src\ATen\core\PythonFallbackKernel.cpp:154 [backend fallback]
FuncTorchDynamicLayerBackMode: registered at ..\aten\src\ATen\functorch\DynamicLayer.cpp:497 [backend fallback]
Functionalize: registered at ..\aten\src\ATen\FunctionalizeFallbackKernel.cpp:324 [backend fallback]
Named: registered at ..\aten\src\ATen\core\NamedRegistrations.cpp:7 [backend fallback]
Conjugate: registered at ..\aten\src\ATen\ConjugateFallback.cpp:17 [backend fallback]
Negative: registered at ..\aten\src\ATen\native\NegateFallback.cpp:18 [backend fallback]
ZeroTensor: registered at ..\aten\src\ATen\ZeroTensorFallback.cpp:86 [backend fallback]
ADInplaceOrView: fallthrough registered at ..\aten\src\ATen\core\VariableFallbackKernel.cpp:86 [backend fallback]
AutogradOther: registered at ..\aten\src\ATen\core\VariableFallbackKernel.cpp:53 [backend fallback]
AutogradCPU: registered at ..\aten\src\ATen\core\VariableFallbackKernel.cpp:57 [backend fallback]
AutogradCUDA: registered at ..\aten\src\ATen\core\VariableFallbackKernel.cpp:65 [backend fallback]
AutogradXLA: registered at ..\aten\src\ATen\core\VariableFallbackKernel.cpp:69 [backend fallback]
AutogradMPS: registered at ..\aten\src\ATen\core\VariableFallbackKernel.cpp:77 [backend fallback]
AutogradXPU: registered at ..\aten\src\ATen\core\VariableFallbackKernel.cpp:61 [backend fallback]
AutogradHPU: registered at ..\aten\src\ATen\core\VariableFallbackKernel.cpp:90 [backend fallback]
AutogradLazy: registered at ..\aten\src\ATen\core\VariableFallbackKernel.cpp:73 [backend fallback]
AutogradMeta: registered at ..\aten\src\ATen\core\VariableFallbackKernel.cpp:81 [backend fallback]
Tracer: registered at ..\torch\csrc\autograd\TraceTypeManual.cpp:297 [backend fallback]
AutocastCPU: fallthrough registered at ..\aten\src\ATen\autocast_mode.cpp:378 [backend fallback]
AutocastCUDA: fallthrough registered at ..\aten\src\ATen\autocast_mode.cpp:244 [backend fallback]
FuncTorchBatched: registered at ..\aten\src\ATen\functorch\LegacyBatchingRegistrations.cpp:731 [backend fallback]
BatchedNestedTensor: registered at ..\aten\src\ATen\functorch\LegacyBatchingRegistrations.cpp:758 [backend fallback]
FuncTorchVmapMode: fallthrough registered at ..\aten\src\ATen\functorch\VmapModeRegistrations.cpp:27 [backend fallback]
Batched: registered at ..\aten\src\ATen\LegacyBatchingRegistrations.cpp:1075 [backend fallback]
VmapMode: fallthrough registered at ..\aten\src\ATen\VmapModeRegistrations.cpp:33 [backend fallback]
FuncTorchGradWrapper: registered at ..\aten\src\ATen\functorch\TensorWrapper.cpp:202 [backend fallback]
PythonTLSSnapshot: registered at ..\aten\src\ATen\core\PythonFallbackKernel.cpp:162 [backend fallback]
FuncTorchDynamicLayerFrontMode: registered at ..\aten\src\ATen\functorch\DynamicLayer.cpp:493 [backend fallback]
PreDispatch: registered at ..\aten\src\ATen\core\PythonFallbackKernel.cpp:166 [backend fallback]
PythonDispatcher: registered at ..\aten\src\ATen\core\PythonFallbackKernel.cpp:158 [backend fallback]

Quantized model inference supports CPU only

  0%|                                                                                                                                                               | 0/157 [00:00<?, ?it/s][A  0%|                                                                                                                                                               | 0/157 [00:00<?, ?it/s]
Quantized model inference supports CPU only

  0%|                                                                                                                                                               | 0/157 [00:00<?, ?it/s][A  0%|                                                                                                                                                               | 0/157 [00:00<?, ?it/s]
=======================Prepare original model for pruning=======================
================= Initialisation of meta_pruner pruning agent ==================
======================== Pruning importance - magnitude ========================
============================= Pruning ratio - 0.5 ==============================
========================= Pruning importance norm -  1 =========================
Traceback (most recent call last):
  File "D:\Python\Fedcore\.venv\lib\site-packages\torch_pruning\dependency.py", line 783, in _trace
    out = model(*example_inputs)
  File "D:\Python\Fedcore\.venv\lib\site-packages\torch\nn\modules\module.py", line 1532, in _wrapped_call_impl
    return self._call_impl(*args, **kwargs)
  File "D:\Python\Fedcore\.venv\lib\site-packages\torch\nn\modules\module.py", line 1541, in _call_impl
    return forward_call(*args, **kwargs)
TypeError: ResNet.forward() takes 2 positional arguments but 65 were given

During handling of the above exception, another exception occurred:

Traceback (most recent call last):
  File "D:\Python\Fedcore\fedcore\fedcore\algorithm\pruning\pruners.py", line 145, in fit
    self.pruner = self.pruner(
  File "D:\Python\Fedcore\.venv\lib\site-packages\torch_pruning\pruner\algorithms\base_pruner.py", line 133, in __init__
    self.DG = dependency.DependencyGraph().build_dependency(
  File "D:\Python\Fedcore\.venv\lib\site-packages\torch_pruning\dependency.py", line 386, in build_dependency
    self.module2node = self._trace(
  File "D:\Python\Fedcore\.venv\lib\site-packages\torch_pruning\dependency.py", line 785, in _trace
    out = model(example_inputs)
  File "D:\Python\Fedcore\.venv\lib\site-packages\torch\nn\modules\module.py", line 1532, in _wrapped_call_impl
    return self._call_impl(*args, **kwargs)
  File "D:\Python\Fedcore\.venv\lib\site-packages\torch\nn\modules\module.py", line 1541, in _call_impl
    return forward_call(*args, **kwargs)
  File "D:\Python\Fedcore\.venv\lib\site-packages\torchvision\models\resnet.py", line 285, in forward
    return self._forward_impl(x)
  File "D:\Python\Fedcore\.venv\lib\site-packages\torchvision\models\resnet.py", line 268, in _forward_impl
    x = self.conv1(x)
  File "D:\Python\Fedcore\.venv\lib\site-packages\torch\nn\modules\module.py", line 1532, in _wrapped_call_impl
    return self._call_impl(*args, **kwargs)
  File "D:\Python\Fedcore\.venv\lib\site-packages\torch\nn\modules\module.py", line 1541, in _call_impl
    return forward_call(*args, **kwargs)
  File "D:\Python\Fedcore\.venv\lib\site-packages\torch\ao\nn\quantized\modules\conv.py", line 468, in forward
    return ops.quantized.conv2d(
  File "D:\Python\Fedcore\.venv\lib\site-packages\torch\_ops.py", line 854, in __call__
    return self_._op(*args, **(kwargs or {}))
NotImplementedError: Could not run 'quantized::conv2d.new' with arguments from the 'CPU' backend. This could be because the operator doesn't exist for this backend, or was omitted during the selective/custom build process (if using custom build). If you are a Facebook employee using PyTorch on mobile, please visit https://fburl.com/ptmfixes for possible resolutions. 'quantized::conv2d.new' is only available for these backends: [Meta, QuantizedCPU, BackendSelect, Python, FuncTorchDynamicLayerBackMode, Functionalize, Named, Conjugate, Negative, ZeroTensor, ADInplaceOrView, AutogradOther, AutogradCPU, AutogradCUDA, AutogradXLA, AutogradMPS, AutogradXPU, AutogradHPU, AutogradLazy, AutogradMeta, Tracer, AutocastCPU, AutocastCUDA, FuncTorchBatched, BatchedNestedTensor, FuncTorchVmapMode, Batched, VmapMode, FuncTorchGradWrapper, PythonTLSSnapshot, FuncTorchDynamicLayerFrontMode, PreDispatch, PythonDispatcher].

Meta: registered at ..\aten\src\ATen\core\MetaFallbackKernel.cpp:23 [backend fallback]
QuantizedCPU: registered at ..\aten\src\ATen\native\quantized\cpu\qconv.cpp:1928 [kernel]
BackendSelect: fallthrough registered at ..\aten\src\ATen\core\BackendSelectFallbackKernel.cpp:3 [backend fallback]
Python: registered at ..\aten\src\ATen\core\PythonFallbackKernel.cpp:154 [backend fallback]
FuncTorchDynamicLayerBackMode: registered at ..\aten\src\ATen\functorch\DynamicLayer.cpp:497 [backend fallback]
Functionalize: registered at ..\aten\src\ATen\FunctionalizeFallbackKernel.cpp:324 [backend fallback]
Named: registered at ..\aten\src\ATen\core\NamedRegistrations.cpp:7 [backend fallback]
Conjugate: registered at ..\aten\src\ATen\ConjugateFallback.cpp:17 [backend fallback]
Negative: registered at ..\aten\src\ATen\native\NegateFallback.cpp:18 [backend fallback]
ZeroTensor: registered at ..\aten\src\ATen\ZeroTensorFallback.cpp:86 [backend fallback]
ADInplaceOrView: fallthrough registered at ..\aten\src\ATen\core\VariableFallbackKernel.cpp:86 [backend fallback]
AutogradOther: registered at ..\aten\src\ATen\core\VariableFallbackKernel.cpp:53 [backend fallback]
AutogradCPU: registered at ..\aten\src\ATen\core\VariableFallbackKernel.cpp:57 [backend fallback]
AutogradCUDA: registered at ..\aten\src\ATen\core\VariableFallbackKernel.cpp:65 [backend fallback]
AutogradXLA: registered at ..\aten\src\ATen\core\VariableFallbackKernel.cpp:69 [backend fallback]
AutogradMPS: registered at ..\aten\src\ATen\core\VariableFallbackKernel.cpp:77 [backend fallback]
AutogradXPU: registered at ..\aten\src\ATen\core\VariableFallbackKernel.cpp:61 [backend fallback]
AutogradHPU: registered at ..\aten\src\ATen\core\VariableFallbackKernel.cpp:90 [backend fallback]
AutogradLazy: registered at ..\aten\src\ATen\core\VariableFallbackKernel.cpp:73 [backend fallback]
AutogradMeta: registered at ..\aten\src\ATen\core\VariableFallbackKernel.cpp:81 [backend fallback]
Tracer: registered at ..\torch\csrc\autograd\TraceTypeManual.cpp:297 [backend fallback]
AutocastCPU: fallthrough registered at ..\aten\src\ATen\autocast_mode.cpp:378 [backend fallback]
AutocastCUDA: fallthrough registered at ..\aten\src\ATen\autocast_mode.cpp:244 [backend fallback]
FuncTorchBatched: registered at ..\aten\src\ATen\functorch\LegacyBatchingRegistrations.cpp:731 [backend fallback]
BatchedNestedTensor: registered at ..\aten\src\ATen\functorch\LegacyBatchingRegistrations.cpp:758 [backend fallback]
FuncTorchVmapMode: fallthrough registered at ..\aten\src\ATen\functorch\VmapModeRegistrations.cpp:27 [backend fallback]
Batched: registered at ..\aten\src\ATen\LegacyBatchingRegistrations.cpp:1075 [backend fallback]
VmapMode: fallthrough registered at ..\aten\src\ATen\VmapModeRegistrations.cpp:33 [backend fallback]
FuncTorchGradWrapper: registered at ..\aten\src\ATen\functorch\TensorWrapper.cpp:202 [backend fallback]
PythonTLSSnapshot: registered at ..\aten\src\ATen\core\PythonFallbackKernel.cpp:162 [backend fallback]
FuncTorchDynamicLayerFrontMode: registered at ..\aten\src\ATen\functorch\DynamicLayer.cpp:493 [backend fallback]
PreDispatch: registered at ..\aten\src\ATen\core\PythonFallbackKernel.cpp:166 [backend fallback]
PythonDispatcher: registered at ..\aten\src\ATen\core\PythonFallbackKernel.cpp:158 [backend fallback]

=======================Prepare original model for pruning=======================
================= Initialisation of meta_pruner pruning agent ==================
========================= Pruning importance - hessian =========================
====================== Pruning ratio - 0.7785714285714286 ======================
========================= Pruning importance norm -  2 =========================
Traceback (most recent call last):
  File "D:\Python\Fedcore\.venv\lib\site-packages\torch_pruning\dependency.py", line 783, in _trace
    out = model(*example_inputs)
  File "D:\Python\Fedcore\.venv\lib\site-packages\torch\nn\modules\module.py", line 1532, in _wrapped_call_impl
    return self._call_impl(*args, **kwargs)
  File "D:\Python\Fedcore\.venv\lib\site-packages\torch\nn\modules\module.py", line 1541, in _call_impl
    return forward_call(*args, **kwargs)
TypeError: ResNet.forward() takes 2 positional arguments but 65 were given

During handling of the above exception, another exception occurred:

Traceback (most recent call last):
  File "D:\Python\Fedcore\fedcore\fedcore\algorithm\pruning\pruners.py", line 145, in fit
    self.pruner = self.pruner(
  File "D:\Python\Fedcore\.venv\lib\site-packages\torch_pruning\pruner\algorithms\growing_reg_pruner.py", line 82, in __init__
    super(GrowingRegPruner, self).__init__(
  File "D:\Python\Fedcore\.venv\lib\site-packages\torch_pruning\pruner\algorithms\base_pruner.py", line 133, in __init__
    self.DG = dependency.DependencyGraph().build_dependency(
  File "D:\Python\Fedcore\.venv\lib\site-packages\torch_pruning\dependency.py", line 386, in build_dependency
    self.module2node = self._trace(
  File "D:\Python\Fedcore\.venv\lib\site-packages\torch_pruning\dependency.py", line 785, in _trace
    out = model(example_inputs)
  File "D:\Python\Fedcore\.venv\lib\site-packages\torch\nn\modules\module.py", line 1532, in _wrapped_call_impl
    return self._call_impl(*args, **kwargs)
  File "D:\Python\Fedcore\.venv\lib\site-packages\torch\nn\modules\module.py", line 1541, in _call_impl
    return forward_call(*args, **kwargs)
  File "D:\Python\Fedcore\.venv\lib\site-packages\torchvision\models\resnet.py", line 285, in forward
    return self._forward_impl(x)
  File "D:\Python\Fedcore\.venv\lib\site-packages\torchvision\models\resnet.py", line 268, in _forward_impl
    x = self.conv1(x)
  File "D:\Python\Fedcore\.venv\lib\site-packages\torch\nn\modules\module.py", line 1532, in _wrapped_call_impl
    return self._call_impl(*args, **kwargs)
  File "D:\Python\Fedcore\.venv\lib\site-packages\torch\nn\modules\module.py", line 1541, in _call_impl
    return forward_call(*args, **kwargs)
  File "D:\Python\Fedcore\.venv\lib\site-packages\torch\ao\nn\quantized\modules\conv.py", line 468, in forward
    return ops.quantized.conv2d(
  File "D:\Python\Fedcore\.venv\lib\site-packages\torch\_ops.py", line 854, in __call__
    return self_._op(*args, **(kwargs or {}))
NotImplementedError: Could not run 'quantized::conv2d.new' with arguments from the 'CPU' backend. This could be because the operator doesn't exist for this backend, or was omitted during the selective/custom build process (if using custom build). If you are a Facebook employee using PyTorch on mobile, please visit https://fburl.com/ptmfixes for possible resolutions. 'quantized::conv2d.new' is only available for these backends: [Meta, QuantizedCPU, BackendSelect, Python, FuncTorchDynamicLayerBackMode, Functionalize, Named, Conjugate, Negative, ZeroTensor, ADInplaceOrView, AutogradOther, AutogradCPU, AutogradCUDA, AutogradXLA, AutogradMPS, AutogradXPU, AutogradHPU, AutogradLazy, AutogradMeta, Tracer, AutocastCPU, AutocastCUDA, FuncTorchBatched, BatchedNestedTensor, FuncTorchVmapMode, Batched, VmapMode, FuncTorchGradWrapper, PythonTLSSnapshot, FuncTorchDynamicLayerFrontMode, PreDispatch, PythonDispatcher].

Meta: registered at ..\aten\src\ATen\core\MetaFallbackKernel.cpp:23 [backend fallback]
QuantizedCPU: registered at ..\aten\src\ATen\native\quantized\cpu\qconv.cpp:1928 [kernel]
BackendSelect: fallthrough registered at ..\aten\src\ATen\core\BackendSelectFallbackKernel.cpp:3 [backend fallback]
Python: registered at ..\aten\src\ATen\core\PythonFallbackKernel.cpp:154 [backend fallback]
FuncTorchDynamicLayerBackMode: registered at ..\aten\src\ATen\functorch\DynamicLayer.cpp:497 [backend fallback]
Functionalize: registered at ..\aten\src\ATen\FunctionalizeFallbackKernel.cpp:324 [backend fallback]
Named: registered at ..\aten\src\ATen\core\NamedRegistrations.cpp:7 [backend fallback]
Conjugate: registered at ..\aten\src\ATen\ConjugateFallback.cpp:17 [backend fallback]
Negative: registered at ..\aten\src\ATen\native\NegateFallback.cpp:18 [backend fallback]
ZeroTensor: registered at ..\aten\src\ATen\ZeroTensorFallback.cpp:86 [backend fallback]
ADInplaceOrView: fallthrough registered at ..\aten\src\ATen\core\VariableFallbackKernel.cpp:86 [backend fallback]
AutogradOther: registered at ..\aten\src\ATen\core\VariableFallbackKernel.cpp:53 [backend fallback]
AutogradCPU: registered at ..\aten\src\ATen\core\VariableFallbackKernel.cpp:57 [backend fallback]
AutogradCUDA: registered at ..\aten\src\ATen\core\VariableFallbackKernel.cpp:65 [backend fallback]
AutogradXLA: registered at ..\aten\src\ATen\core\VariableFallbackKernel.cpp:69 [backend fallback]
AutogradMPS: registered at ..\aten\src\ATen\core\VariableFallbackKernel.cpp:77 [backend fallback]
AutogradXPU: registered at ..\aten\src\ATen\core\VariableFallbackKernel.cpp:61 [backend fallback]
AutogradHPU: registered at ..\aten\src\ATen\core\VariableFallbackKernel.cpp:90 [backend fallback]
AutogradLazy: registered at ..\aten\src\ATen\core\VariableFallbackKernel.cpp:73 [backend fallback]
AutogradMeta: registered at ..\aten\src\ATen\core\VariableFallbackKernel.cpp:81 [backend fallback]
Tracer: registered at ..\torch\csrc\autograd\TraceTypeManual.cpp:297 [backend fallback]
AutocastCPU: fallthrough registered at ..\aten\src\ATen\autocast_mode.cpp:378 [backend fallback]
AutocastCUDA: fallthrough registered at ..\aten\src\ATen\autocast_mode.cpp:244 [backend fallback]
FuncTorchBatched: registered at ..\aten\src\ATen\functorch\LegacyBatchingRegistrations.cpp:731 [backend fallback]
BatchedNestedTensor: registered at ..\aten\src\ATen\functorch\LegacyBatchingRegistrations.cpp:758 [backend fallback]
FuncTorchVmapMode: fallthrough registered at ..\aten\src\ATen\functorch\VmapModeRegistrations.cpp:27 [backend fallback]
Batched: registered at ..\aten\src\ATen\LegacyBatchingRegistrations.cpp:1075 [backend fallback]
VmapMode: fallthrough registered at ..\aten\src\ATen\VmapModeRegistrations.cpp:33 [backend fallback]
FuncTorchGradWrapper: registered at ..\aten\src\ATen\functorch\TensorWrapper.cpp:202 [backend fallback]
PythonTLSSnapshot: registered at ..\aten\src\ATen\core\PythonFallbackKernel.cpp:162 [backend fallback]
FuncTorchDynamicLayerFrontMode: registered at ..\aten\src\ATen\functorch\DynamicLayer.cpp:493 [backend fallback]
PreDispatch: registered at ..\aten\src\ATen\core\PythonFallbackKernel.cpp:166 [backend fallback]
PythonDispatcher: registered at ..\aten\src\ATen\core\PythonFallbackKernel.cpp:158 [backend fallback]

Quantized model inference supports CPU only

  0%|                                                                                                                                                               | 0/157 [00:00<?, ?it/s][A  0%|                                                                                                                                                               | 0/157 [00:00<?, ?it/s]
Quantized model inference supports CPU only

  0%|                                                                                                                                                               | 0/157 [00:00<?, ?it/s][A  0%|                                                                                                                                                               | 0/157 [00:00<?, ?it/s]
=======================Prepare original model for pruning=======================
================= Initialisation of meta_pruner pruning agent ==================
======================== Pruning importance - magnitude ========================
============================= Pruning ratio - 0.5 ==============================
========================= Pruning importance norm -  1 =========================
Traceback (most recent call last):
  File "D:\Python\Fedcore\.venv\lib\site-packages\torch_pruning\dependency.py", line 783, in _trace
    out = model(*example_inputs)
  File "D:\Python\Fedcore\.venv\lib\site-packages\torch\nn\modules\module.py", line 1532, in _wrapped_call_impl
    return self._call_impl(*args, **kwargs)
  File "D:\Python\Fedcore\.venv\lib\site-packages\torch\nn\modules\module.py", line 1541, in _call_impl
    return forward_call(*args, **kwargs)
TypeError: ResNet.forward() takes 2 positional arguments but 65 were given

During handling of the above exception, another exception occurred:

Traceback (most recent call last):
  File "D:\Python\Fedcore\fedcore\fedcore\algorithm\pruning\pruners.py", line 145, in fit
    self.pruner = self.pruner(
  File "D:\Python\Fedcore\.venv\lib\site-packages\torch_pruning\pruner\algorithms\base_pruner.py", line 133, in __init__
    self.DG = dependency.DependencyGraph().build_dependency(
  File "D:\Python\Fedcore\.venv\lib\site-packages\torch_pruning\dependency.py", line 386, in build_dependency
    self.module2node = self._trace(
  File "D:\Python\Fedcore\.venv\lib\site-packages\torch_pruning\dependency.py", line 785, in _trace
    out = model(example_inputs)
  File "D:\Python\Fedcore\.venv\lib\site-packages\torch\nn\modules\module.py", line 1532, in _wrapped_call_impl
    return self._call_impl(*args, **kwargs)
  File "D:\Python\Fedcore\.venv\lib\site-packages\torch\nn\modules\module.py", line 1541, in _call_impl
    return forward_call(*args, **kwargs)
  File "D:\Python\Fedcore\.venv\lib\site-packages\torchvision\models\resnet.py", line 285, in forward
    return self._forward_impl(x)
  File "D:\Python\Fedcore\.venv\lib\site-packages\torchvision\models\resnet.py", line 268, in _forward_impl
    x = self.conv1(x)
  File "D:\Python\Fedcore\.venv\lib\site-packages\torch\nn\modules\module.py", line 1532, in _wrapped_call_impl
    return self._call_impl(*args, **kwargs)
  File "D:\Python\Fedcore\.venv\lib\site-packages\torch\nn\modules\module.py", line 1541, in _call_impl
    return forward_call(*args, **kwargs)
  File "D:\Python\Fedcore\.venv\lib\site-packages\torch\ao\nn\quantized\modules\conv.py", line 468, in forward
    return ops.quantized.conv2d(
  File "D:\Python\Fedcore\.venv\lib\site-packages\torch\_ops.py", line 854, in __call__
    return self_._op(*args, **(kwargs or {}))
NotImplementedError: Could not run 'quantized::conv2d.new' with arguments from the 'CPU' backend. This could be because the operator doesn't exist for this backend, or was omitted during the selective/custom build process (if using custom build). If you are a Facebook employee using PyTorch on mobile, please visit https://fburl.com/ptmfixes for possible resolutions. 'quantized::conv2d.new' is only available for these backends: [Meta, QuantizedCPU, BackendSelect, Python, FuncTorchDynamicLayerBackMode, Functionalize, Named, Conjugate, Negative, ZeroTensor, ADInplaceOrView, AutogradOther, AutogradCPU, AutogradCUDA, AutogradXLA, AutogradMPS, AutogradXPU, AutogradHPU, AutogradLazy, AutogradMeta, Tracer, AutocastCPU, AutocastCUDA, FuncTorchBatched, BatchedNestedTensor, FuncTorchVmapMode, Batched, VmapMode, FuncTorchGradWrapper, PythonTLSSnapshot, FuncTorchDynamicLayerFrontMode, PreDispatch, PythonDispatcher].

Meta: registered at ..\aten\src\ATen\core\MetaFallbackKernel.cpp:23 [backend fallback]
QuantizedCPU: registered at ..\aten\src\ATen\native\quantized\cpu\qconv.cpp:1928 [kernel]
BackendSelect: fallthrough registered at ..\aten\src\ATen\core\BackendSelectFallbackKernel.cpp:3 [backend fallback]
Python: registered at ..\aten\src\ATen\core\PythonFallbackKernel.cpp:154 [backend fallback]
FuncTorchDynamicLayerBackMode: registered at ..\aten\src\ATen\functorch\DynamicLayer.cpp:497 [backend fallback]
Functionalize: registered at ..\aten\src\ATen\FunctionalizeFallbackKernel.cpp:324 [backend fallback]
Named: registered at ..\aten\src\ATen\core\NamedRegistrations.cpp:7 [backend fallback]
Conjugate: registered at ..\aten\src\ATen\ConjugateFallback.cpp:17 [backend fallback]
Negative: registered at ..\aten\src\ATen\native\NegateFallback.cpp:18 [backend fallback]
ZeroTensor: registered at ..\aten\src\ATen\ZeroTensorFallback.cpp:86 [backend fallback]
ADInplaceOrView: fallthrough registered at ..\aten\src\ATen\core\VariableFallbackKernel.cpp:86 [backend fallback]
AutogradOther: registered at ..\aten\src\ATen\core\VariableFallbackKernel.cpp:53 [backend fallback]
AutogradCPU: registered at ..\aten\src\ATen\core\VariableFallbackKernel.cpp:57 [backend fallback]
AutogradCUDA: registered at ..\aten\src\ATen\core\VariableFallbackKernel.cpp:65 [backend fallback]
AutogradXLA: registered at ..\aten\src\ATen\core\VariableFallbackKernel.cpp:69 [backend fallback]
AutogradMPS: registered at ..\aten\src\ATen\core\VariableFallbackKernel.cpp:77 [backend fallback]
AutogradXPU: registered at ..\aten\src\ATen\core\VariableFallbackKernel.cpp:61 [backend fallback]
AutogradHPU: registered at ..\aten\src\ATen\core\VariableFallbackKernel.cpp:90 [backend fallback]
AutogradLazy: registered at ..\aten\src\ATen\core\VariableFallbackKernel.cpp:73 [backend fallback]
AutogradMeta: registered at ..\aten\src\ATen\core\VariableFallbackKernel.cpp:81 [backend fallback]
Tracer: registered at ..\torch\csrc\autograd\TraceTypeManual.cpp:297 [backend fallback]
AutocastCPU: fallthrough registered at ..\aten\src\ATen\autocast_mode.cpp:378 [backend fallback]
AutocastCUDA: fallthrough registered at ..\aten\src\ATen\autocast_mode.cpp:244 [backend fallback]
FuncTorchBatched: registered at ..\aten\src\ATen\functorch\LegacyBatchingRegistrations.cpp:731 [backend fallback]
BatchedNestedTensor: registered at ..\aten\src\ATen\functorch\LegacyBatchingRegistrations.cpp:758 [backend fallback]
FuncTorchVmapMode: fallthrough registered at ..\aten\src\ATen\functorch\VmapModeRegistrations.cpp:27 [backend fallback]
Batched: registered at ..\aten\src\ATen\LegacyBatchingRegistrations.cpp:1075 [backend fallback]
VmapMode: fallthrough registered at ..\aten\src\ATen\VmapModeRegistrations.cpp:33 [backend fallback]
FuncTorchGradWrapper: registered at ..\aten\src\ATen\functorch\TensorWrapper.cpp:202 [backend fallback]
PythonTLSSnapshot: registered at ..\aten\src\ATen\core\PythonFallbackKernel.cpp:162 [backend fallback]
FuncTorchDynamicLayerFrontMode: registered at ..\aten\src\ATen\functorch\DynamicLayer.cpp:493 [backend fallback]
PreDispatch: registered at ..\aten\src\ATen\core\PythonFallbackKernel.cpp:166 [backend fallback]
PythonDispatcher: registered at ..\aten\src\ATen\core\PythonFallbackKernel.cpp:158 [backend fallback]

=======================Prepare original model for pruning=======================
================= Initialisation of meta_pruner pruning agent ==================
======================== Pruning importance - magnitude ========================
============================= Pruning ratio - 0.5 ==============================
========================= Pruning importance norm -  1 =========================
Traceback (most recent call last):
  File "D:\Python\Fedcore\.venv\lib\site-packages\torch_pruning\dependency.py", line 783, in _trace
    out = model(*example_inputs)
  File "D:\Python\Fedcore\.venv\lib\site-packages\torch\nn\modules\module.py", line 1532, in _wrapped_call_impl
    return self._call_impl(*args, **kwargs)
  File "D:\Python\Fedcore\.venv\lib\site-packages\torch\nn\modules\module.py", line 1541, in _call_impl
    return forward_call(*args, **kwargs)
TypeError: ResNet.forward() takes 2 positional arguments but 65 were given

During handling of the above exception, another exception occurred:

Traceback (most recent call last):
  File "D:\Python\Fedcore\fedcore\fedcore\algorithm\pruning\pruners.py", line 145, in fit
    self.pruner = self.pruner(
  File "D:\Python\Fedcore\.venv\lib\site-packages\torch_pruning\pruner\algorithms\base_pruner.py", line 133, in __init__
    self.DG = dependency.DependencyGraph().build_dependency(
  File "D:\Python\Fedcore\.venv\lib\site-packages\torch_pruning\dependency.py", line 386, in build_dependency
    self.module2node = self._trace(
  File "D:\Python\Fedcore\.venv\lib\site-packages\torch_pruning\dependency.py", line 785, in _trace
    out = model(example_inputs)
  File "D:\Python\Fedcore\.venv\lib\site-packages\torch\nn\modules\module.py", line 1532, in _wrapped_call_impl
    return self._call_impl(*args, **kwargs)
  File "D:\Python\Fedcore\.venv\lib\site-packages\torch\nn\modules\module.py", line 1541, in _call_impl
    return forward_call(*args, **kwargs)
  File "D:\Python\Fedcore\.venv\lib\site-packages\torchvision\models\resnet.py", line 285, in forward
    return self._forward_impl(x)
  File "D:\Python\Fedcore\.venv\lib\site-packages\torchvision\models\resnet.py", line 268, in _forward_impl
    x = self.conv1(x)
  File "D:\Python\Fedcore\.venv\lib\site-packages\torch\nn\modules\module.py", line 1532, in _wrapped_call_impl
    return self._call_impl(*args, **kwargs)
  File "D:\Python\Fedcore\.venv\lib\site-packages\torch\nn\modules\module.py", line 1541, in _call_impl
    return forward_call(*args, **kwargs)
  File "D:\Python\Fedcore\.venv\lib\site-packages\torch\ao\nn\quantized\modules\conv.py", line 468, in forward
    return ops.quantized.conv2d(
  File "D:\Python\Fedcore\.venv\lib\site-packages\torch\_ops.py", line 854, in __call__
    return self_._op(*args, **(kwargs or {}))
NotImplementedError: Could not run 'quantized::conv2d.new' with arguments from the 'CPU' backend. This could be because the operator doesn't exist for this backend, or was omitted during the selective/custom build process (if using custom build). If you are a Facebook employee using PyTorch on mobile, please visit https://fburl.com/ptmfixes for possible resolutions. 'quantized::conv2d.new' is only available for these backends: [Meta, QuantizedCPU, BackendSelect, Python, FuncTorchDynamicLayerBackMode, Functionalize, Named, Conjugate, Negative, ZeroTensor, ADInplaceOrView, AutogradOther, AutogradCPU, AutogradCUDA, AutogradXLA, AutogradMPS, AutogradXPU, AutogradHPU, AutogradLazy, AutogradMeta, Tracer, AutocastCPU, AutocastCUDA, FuncTorchBatched, BatchedNestedTensor, FuncTorchVmapMode, Batched, VmapMode, FuncTorchGradWrapper, PythonTLSSnapshot, FuncTorchDynamicLayerFrontMode, PreDispatch, PythonDispatcher].

Meta: registered at ..\aten\src\ATen\core\MetaFallbackKernel.cpp:23 [backend fallback]
QuantizedCPU: registered at ..\aten\src\ATen\native\quantized\cpu\qconv.cpp:1928 [kernel]
BackendSelect: fallthrough registered at ..\aten\src\ATen\core\BackendSelectFallbackKernel.cpp:3 [backend fallback]
Python: registered at ..\aten\src\ATen\core\PythonFallbackKernel.cpp:154 [backend fallback]
FuncTorchDynamicLayerBackMode: registered at ..\aten\src\ATen\functorch\DynamicLayer.cpp:497 [backend fallback]
Functionalize: registered at ..\aten\src\ATen\FunctionalizeFallbackKernel.cpp:324 [backend fallback]
Named: registered at ..\aten\src\ATen\core\NamedRegistrations.cpp:7 [backend fallback]
Conjugate: registered at ..\aten\src\ATen\ConjugateFallback.cpp:17 [backend fallback]
Negative: registered at ..\aten\src\ATen\native\NegateFallback.cpp:18 [backend fallback]
ZeroTensor: registered at ..\aten\src\ATen\ZeroTensorFallback.cpp:86 [backend fallback]
ADInplaceOrView: fallthrough registered at ..\aten\src\ATen\core\VariableFallbackKernel.cpp:86 [backend fallback]
AutogradOther: registered at ..\aten\src\ATen\core\VariableFallbackKernel.cpp:53 [backend fallback]
AutogradCPU: registered at ..\aten\src\ATen\core\VariableFallbackKernel.cpp:57 [backend fallback]
AutogradCUDA: registered at ..\aten\src\ATen\core\VariableFallbackKernel.cpp:65 [backend fallback]
AutogradXLA: registered at ..\aten\src\ATen\core\VariableFallbackKernel.cpp:69 [backend fallback]
AutogradMPS: registered at ..\aten\src\ATen\core\VariableFallbackKernel.cpp:77 [backend fallback]
AutogradXPU: registered at ..\aten\src\ATen\core\VariableFallbackKernel.cpp:61 [backend fallback]
AutogradHPU: registered at ..\aten\src\ATen\core\VariableFallbackKernel.cpp:90 [backend fallback]
AutogradLazy: registered at ..\aten\src\ATen\core\VariableFallbackKernel.cpp:73 [backend fallback]
AutogradMeta: registered at ..\aten\src\ATen\core\VariableFallbackKernel.cpp:81 [backend fallback]
Tracer: registered at ..\torch\csrc\autograd\TraceTypeManual.cpp:297 [backend fallback]
AutocastCPU: fallthrough registered at ..\aten\src\ATen\autocast_mode.cpp:378 [backend fallback]
AutocastCUDA: fallthrough registered at ..\aten\src\ATen\autocast_mode.cpp:244 [backend fallback]
FuncTorchBatched: registered at ..\aten\src\ATen\functorch\LegacyBatchingRegistrations.cpp:731 [backend fallback]
BatchedNestedTensor: registered at ..\aten\src\ATen\functorch\LegacyBatchingRegistrations.cpp:758 [backend fallback]
FuncTorchVmapMode: fallthrough registered at ..\aten\src\ATen\functorch\VmapModeRegistrations.cpp:27 [backend fallback]
Batched: registered at ..\aten\src\ATen\LegacyBatchingRegistrations.cpp:1075 [backend fallback]
VmapMode: fallthrough registered at ..\aten\src\ATen\VmapModeRegistrations.cpp:33 [backend fallback]
FuncTorchGradWrapper: registered at ..\aten\src\ATen\functorch\TensorWrapper.cpp:202 [backend fallback]
PythonTLSSnapshot: registered at ..\aten\src\ATen\core\PythonFallbackKernel.cpp:162 [backend fallback]
FuncTorchDynamicLayerFrontMode: registered at ..\aten\src\ATen\functorch\DynamicLayer.cpp:493 [backend fallback]
PreDispatch: registered at ..\aten\src\ATen\core\PythonFallbackKernel.cpp:166 [backend fallback]
PythonDispatcher: registered at ..\aten\src\ATen\core\PythonFallbackKernel.cpp:158 [backend fallback]

Quantized model inference supports CPU only

  0%|                                                                                                                                                               | 0/157 [00:00<?, ?it/s][A  0%|                                                                                                                                                               | 0/157 [00:00<?, ?it/s]
Quantized model inference supports CPU only

  0%|                                                                                                                                                               | 0/157 [00:00<?, ?it/s][A  0%|                                                                                                                                                               | 0/157 [00:00<?, ?it/s]
Generations:   0%|                                                                                                                                               | 0/10000 [00:14<?, ?gen/s]
